#
# There is insufficient memory for the Java Runtime Environment to continue.
# Native memory allocation (malloc) failed to allocate 1679408 bytes. Error detail: Chunk::new
# Possible reasons:
#   The system is out of physical RAM or swap space
#   This process is running with CompressedOops enabled, and the Java Heap may be blocking the growth of the native heap
# Possible solutions:
#   Reduce memory load on the system
#   Increase physical memory or swap space
#   Check if swap backing store is full
#   Decrease Java heap size (-Xmx/-Xms)
#   Decrease number of Java threads
#   Decrease Java thread stack sizes (-Xss)
#   Set larger code cache with -XX:ReservedCodeCacheSize=
#   JVM is running with Unscaled Compressed Oops mode in which the Java heap is
#     placed in the first 4GB address space. The Java Heap base address is the
#     maximum limit for the native heap growth. Please use -XX:HeapBaseMinAddress
#     to set the Java Heap base and to place the Java Heap above 4GB virtual address.
# This output file may be truncated or incomplete.
#
#  Out of Memory Error (arena.cpp:168), pid=25536, tid=11432
#
# JRE version: OpenJDK Runtime Environment (21.0.8) (build 21.0.8+-14196175-b1038.72)
# Java VM: OpenJDK 64-Bit Server VM (21.0.8+-14196175-b1038.72, mixed mode, tiered, compressed oops, compressed class ptrs, g1 gc, windows-amd64)
# No core dump will be written. Minidumps are not enabled by default on client versions of Windows
#

---------------  S U M M A R Y ------------

Command Line: --add-opens=java.base/java.util=ALL-UNNAMED --add-opens=java.base/java.lang=ALL-UNNAMED --add-opens=java.base/java.lang.invoke=ALL-UNNAMED --add-opens=java.prefs/java.util.prefs=ALL-UNNAMED --add-opens=java.base/java.nio.charset=ALL-UNNAMED --add-opens=java.base/java.net=ALL-UNNAMED --add-opens=java.base/java.util.concurrent.atomic=ALL-UNNAMED -Xmx2048m -Dfile.encoding=UTF-8 -Duser.country=US -Duser.language=en -Duser.variant -javaagent:C:\Users\Meeting\.gradle\wrapper\dists\gradle-8.2-bin\bbg7u40eoinfdyxsxr3z4i7ta\gradle-8.2\lib\agents\gradle-instrumentation-agent-8.2.jar org.gradle.launcher.daemon.bootstrap.GradleDaemon 8.2

Host: 12th Gen Intel(R) Core(TM) i5-1235U, 12 cores, 7G,  Windows 11 , 64 bit Build 26100 (10.0.26100.7309)
Time: Mon Jan  5 15:20:30 2026 India Standard Time elapsed time: 6.816582 seconds (0d 0h 0m 6s)

---------------  T H R E A D  ---------------

Current thread (0x00000188a325cdd0):  JavaThread "C2 CompilerThread0" daemon [_thread_in_native, id=11432, stack(0x00000014fbe00000,0x00000014fbf00000) (1024K)]


Current CompileTask:
C2:6816 5035       4       groovyjarjarantlr4.v4.runtime.atn.PredictionContext::join (569 bytes)

Stack: [0x00000014fbe00000,0x00000014fbf00000]
Native frames: (J=compiled Java code, j=interpreted, Vv=VM code, C=native code)
V  [jvm.dll+0x6d68d9]
V  [jvm.dll+0x866693]
V  [jvm.dll+0x868c4e]
V  [jvm.dll+0x869333]
V  [jvm.dll+0x280566]
V  [jvm.dll+0xc07cd]
V  [jvm.dll+0xc0d03]
V  [jvm.dll+0x3b961b]
V  [jvm.dll+0x385507]
V  [jvm.dll+0x38497a]
V  [jvm.dll+0x249252]
V  [jvm.dll+0x248821]
V  [jvm.dll+0x1c73a4]
V  [jvm.dll+0x257f9e]
V  [jvm.dll+0x2564e6]
V  [jvm.dll+0x3f4696]
V  [jvm.dll+0x80eac8]
V  [jvm.dll+0x6d512d]
C  [ucrtbase.dll+0x37b0]
C  [KERNEL32.DLL+0x2e8d7]
C  [ntdll.dll+0x8c53c]


---------------  P R O C E S S  ---------------

Threads class SMR info:
_java_thread_list=0x00000188aa3109e0, length=46, elements={
0x0000018889153b60, 0x00000188a321b650, 0x00000188a321f870, 0x00000188a32202d0,
0x00000188a323f820, 0x00000188a32487b0, 0x00000188a324ae30, 0x00000188a324b890,
0x00000188a325cdd0, 0x00000188a326dcd0, 0x00000188a355e570, 0x00000188a326f810,
0x00000188a8b395c0, 0x00000188a8dc4720, 0x00000188a8e4cdf0, 0x00000188a8239420,
0x00000188a92fe710, 0x00000188a92ff590, 0x00000188a8ede970, 0x00000188a90ad3a0,
0x00000188a90af470, 0x00000188a90afb00, 0x00000188a90ae0c0, 0x00000188a90aede0,
0x00000188a90acd10, 0x00000188a90ae750, 0x00000188a90ada30, 0x00000188aa651730,
0x00000188aa653800, 0x00000188aa651dc0, 0x00000188aa650380, 0x00000188aa650a10,
0x00000188aa6510a0, 0x00000188aa652450, 0x00000188aa653170, 0x00000188aa652ae0,
0x00000188abce4250, 0x00000188abce4f70, 0x00000188abce48e0, 0x00000188abce3530,
0x00000188abce2810, 0x00000188abce5600, 0x00000188abce2ea0, 0x00000188abce2180,
0x00000188abce76d0, 0x00000188a326e3a0
}

Java Threads: ( => current thread )
  0x0000018889153b60 JavaThread "main"                              [_thread_blocked, id=25276, stack(0x00000014faf00000,0x00000014fb000000) (1024K)]
  0x00000188a321b650 JavaThread "Common-Cleaner"             daemon [_thread_blocked, id=19832, stack(0x00000014fb700000,0x00000014fb800000) (1024K)]
  0x00000188a321f870 JavaThread "Reference Handler"          daemon [_thread_blocked, id=15832, stack(0x00000014fb800000,0x00000014fb900000) (1024K)]
  0x00000188a32202d0 JavaThread "Finalizer"                  daemon [_thread_blocked, id=11300, stack(0x00000014fb900000,0x00000014fba00000) (1024K)]
  0x00000188a323f820 JavaThread "Signal Dispatcher"          daemon [_thread_blocked, id=13736, stack(0x00000014fba00000,0x00000014fbb00000) (1024K)]
  0x00000188a32487b0 JavaThread "Attach Listener"            daemon [_thread_blocked, id=8312, stack(0x00000014fbb00000,0x00000014fbc00000) (1024K)]
  0x00000188a324ae30 JavaThread "Service Thread"             daemon [_thread_blocked, id=6840, stack(0x00000014fbc00000,0x00000014fbd00000) (1024K)]
  0x00000188a324b890 JavaThread "Monitor Deflation Thread"   daemon [_thread_blocked, id=25004, stack(0x00000014fbd00000,0x00000014fbe00000) (1024K)]
=>0x00000188a325cdd0 JavaThread "C2 CompilerThread0"         daemon [_thread_in_native, id=11432, stack(0x00000014fbe00000,0x00000014fbf00000) (1024K)]
  0x00000188a326dcd0 JavaThread "C1 CompilerThread0"         daemon [_thread_blocked, id=8380, stack(0x00000014fbf00000,0x00000014fc000000) (1024K)]
  0x00000188a355e570 JavaThread "Notification Thread"        daemon [_thread_blocked, id=17420, stack(0x00000014fc000000,0x00000014fc100000) (1024K)]
  0x00000188a326f810 JavaThread "C2 CompilerThread1"         daemon [_thread_in_native, id=12948, stack(0x00000014fc100000,0x00000014fc200000) (1024K)]
  0x00000188a8b395c0 JavaThread "Daemon health stats"               [_thread_blocked, id=3148, stack(0x00000014fc600000,0x00000014fc700000) (1024K)]
  0x00000188a8dc4720 JavaThread "Incoming local TCP Connector on port 60008"        [_thread_in_native, id=5468, stack(0x00000014fc700000,0x00000014fc800000) (1024K)]
  0x00000188a8e4cdf0 JavaThread "Daemon periodic checks"            [_thread_blocked, id=7144, stack(0x00000014fc800000,0x00000014fc900000) (1024K)]
  0x00000188a8239420 JavaThread "Daemon"                            [_thread_blocked, id=17808, stack(0x00000014fc900000,0x00000014fca00000) (1024K)]
  0x00000188a92fe710 JavaThread "Handler for socket connection from /127.0.0.1:60008 to /127.0.0.1:60009"        [_thread_in_native, id=22940, stack(0x00000014fca00000,0x00000014fcb00000) (1024K)]
  0x00000188a92ff590 JavaThread "Cancel handler"                    [_thread_blocked, id=13240, stack(0x00000014fcb00000,0x00000014fcc00000) (1024K)]
  0x00000188a8ede970 JavaThread "Daemon worker"                     [_thread_in_Java, id=9108, stack(0x00000014fcc00000,0x00000014fcd00000) (1024K)]
  0x00000188a90ad3a0 JavaThread "Asynchronous log dispatcher for DefaultDaemonConnection: socket connection from /127.0.0.1:60008 to /127.0.0.1:60009"        [_thread_blocked, id=23356, stack(0x00000014fcd00000,0x00000014fce00000) (1024K)]
  0x00000188a90af470 JavaThread "Stdin handler"                     [_thread_blocked, id=12824, stack(0x00000014fce00000,0x00000014fcf00000) (1024K)]
  0x00000188a90afb00 JavaThread "Daemon client event forwarder"        [_thread_blocked, id=7560, stack(0x00000014fcf00000,0x00000014fd000000) (1024K)]
  0x00000188a90ae0c0 JavaThread "Cache worker for journal cache (C:\Users\Meeting\.gradle\caches\journal-1)"        [_thread_blocked, id=1572, stack(0x00000014fd700000,0x00000014fd800000) (1024K)]
  0x00000188a90aede0 JavaThread "File lock request listener"        [_thread_in_native, id=24248, stack(0x00000014fd800000,0x00000014fd900000) (1024K)]
  0x00000188a90acd10 JavaThread "Cache worker for file hash cache (C:\Users\Meeting\.gradle\caches\8.2\fileHashes)"        [_thread_blocked, id=15712, stack(0x00000014fd900000,0x00000014fda00000) (1024K)]
  0x00000188a90ae750 JavaThread "File watcher server"        daemon [_thread_in_native, id=6736, stack(0x00000014fda00000,0x00000014fdb00000) (1024K)]
  0x00000188a90ada30 JavaThread "File watcher consumer"      daemon [_thread_blocked, id=8420, stack(0x00000014fdb00000,0x00000014fdc00000) (1024K)]
  0x00000188aa651730 JavaThread "jar transforms"                    [_thread_blocked, id=3152, stack(0x00000014fdc00000,0x00000014fdd00000) (1024K)]
  0x00000188aa653800 JavaThread "jar transforms Thread 2"           [_thread_blocked, id=24944, stack(0x00000014fdd00000,0x00000014fde00000) (1024K)]
  0x00000188aa651dc0 JavaThread "jar transforms Thread 3"           [_thread_blocked, id=21896, stack(0x00000014fde00000,0x00000014fdf00000) (1024K)]
  0x00000188aa650380 JavaThread "jar transforms Thread 4"           [_thread_blocked, id=25500, stack(0x00000014fdf00000,0x00000014fe000000) (1024K)]
  0x00000188aa650a10 JavaThread "jar transforms Thread 5"           [_thread_blocked, id=16292, stack(0x00000014fe000000,0x00000014fe100000) (1024K)]
  0x00000188aa6510a0 JavaThread "jar transforms Thread 6"           [_thread_blocked, id=11876, stack(0x00000014fe100000,0x00000014fe200000) (1024K)]
  0x00000188aa652450 JavaThread "jar transforms Thread 7"           [_thread_blocked, id=964, stack(0x00000014fe200000,0x00000014fe300000) (1024K)]
  0x00000188aa653170 JavaThread "jar transforms Thread 8"           [_thread_blocked, id=15344, stack(0x00000014fe300000,0x00000014fe400000) (1024K)]
  0x00000188aa652ae0 JavaThread "jar transforms Thread 9"           [_thread_blocked, id=15716, stack(0x00000014fe400000,0x00000014fe500000) (1024K)]
  0x00000188abce4250 JavaThread "jar transforms Thread 10"          [_thread_blocked, id=26212, stack(0x00000014fe500000,0x00000014fe600000) (1024K)]
  0x00000188abce4f70 JavaThread "jar transforms Thread 11"          [_thread_blocked, id=1540, stack(0x00000014fe600000,0x00000014fe700000) (1024K)]
  0x00000188abce48e0 JavaThread "jar transforms Thread 12"          [_thread_blocked, id=4492, stack(0x00000014fe700000,0x00000014fe800000) (1024K)]
  0x00000188abce3530 JavaThread "Cache worker for checksums cache (C:\Users\Meeting\Desktop\CHATPDF\.gradle\8.2\checksums)"        [_thread_blocked, id=13184, stack(0x00000014fe800000,0x00000014fe900000) (1024K)]
  0x00000188abce2810 JavaThread "Cache worker for cache directory md-rule (C:\Users\Meeting\.gradle\caches\8.2\md-rule)"        [_thread_blocked, id=5720, stack(0x00000014fe900000,0x00000014fea00000) (1024K)]
  0x00000188abce5600 JavaThread "Cache worker for file content cache (C:\Users\Meeting\.gradle\caches\8.2\fileContent)"        [_thread_blocked, id=5168, stack(0x00000014fea00000,0x00000014feb00000) (1024K)]
  0x00000188abce2ea0 JavaThread "Cache worker for file hash cache (C:\Users\Meeting\Desktop\CHATPDF\.gradle\8.2\fileHashes)"        [_thread_blocked, id=12512, stack(0x00000014feb00000,0x00000014fec00000) (1024K)]
  0x00000188abce2180 JavaThread "Cache worker for cache directory md-supplier (C:\Users\Meeting\.gradle\caches\8.2\md-supplier)"        [_thread_blocked, id=15192, stack(0x00000014fec00000,0x00000014fed00000) (1024K)]
  0x00000188abce76d0 JavaThread "Cache worker for execution history cache (C:\Users\Meeting\.gradle\caches\8.2\executionHistory)"        [_thread_blocked, id=22312, stack(0x00000014fed00000,0x00000014fee00000) (1024K)]
  0x00000188a326e3a0 JavaThread "C2 CompilerThread2"         daemon [_thread_in_vm, id=10200, stack(0x00000014fee00000,0x00000014fef00000) (1024K)]
Total: 46

Other Threads:
  0x00000188a29d82d0 VMThread "VM Thread"                           [id=2084, stack(0x00000014fb600000,0x00000014fb700000) (1024K)]
  0x00000188a29961b0 WatcherThread "VM Periodic Task Thread"        [id=10372, stack(0x00000014fb500000,0x00000014fb600000) (1024K)]
  0x000001888b55f320 WorkerThread "GC Thread#0"                     [id=8208, stack(0x00000014fb000000,0x00000014fb100000) (1024K)]
  0x00000188a82c6bf0 WorkerThread "GC Thread#1"                     [id=18612, stack(0x00000014fc200000,0x00000014fc300000) (1024K)]
  0x00000188a81d66e0 WorkerThread "GC Thread#2"                     [id=16252, stack(0x00000014fc300000,0x00000014fc400000) (1024K)]
  0x00000188a81d6a80 WorkerThread "GC Thread#3"                     [id=1908, stack(0x00000014fc400000,0x00000014fc500000) (1024K)]
  0x00000188a81d6e20 WorkerThread "GC Thread#4"                     [id=25660, stack(0x00000014fc500000,0x00000014fc600000) (1024K)]
  0x00000188a92f41c0 WorkerThread "GC Thread#5"                     [id=25340, stack(0x00000014fd000000,0x00000014fd100000) (1024K)]
  0x00000188a8fa7230 WorkerThread "GC Thread#6"                     [id=24988, stack(0x00000014fd100000,0x00000014fd200000) (1024K)]
  0x00000188a91df440 WorkerThread "GC Thread#7"                     [id=11704, stack(0x00000014fd200000,0x00000014fd300000) (1024K)]
  0x00000188a91de960 WorkerThread "GC Thread#8"                     [id=17912, stack(0x00000014fd300000,0x00000014fd400000) (1024K)]
  0x00000188a91ded00 WorkerThread "GC Thread#9"                     [id=24656, stack(0x00000014fd400000,0x00000014fd500000) (1024K)]
  0x000001888b570210 ConcurrentGCThread "G1 Main Marker"            [id=10768, stack(0x00000014fb100000,0x00000014fb200000) (1024K)]
  0x000001888b570c20 WorkerThread "G1 Conc#0"                       [id=7884, stack(0x00000014fb200000,0x00000014fb300000) (1024K)]
  0x00000188a91df7e0 WorkerThread "G1 Conc#1"                       [id=8200, stack(0x00000014fd500000,0x00000014fd600000) (1024K)]
  0x00000188a91df0a0 WorkerThread "G1 Conc#2"                       [id=19372, stack(0x00000014fd600000,0x00000014fd700000) (1024K)]
  0x00000188a2868fe0 ConcurrentGCThread "G1 Refine#0"               [id=25616, stack(0x00000014fb300000,0x00000014fb400000) (1024K)]
  0x00000188a2869800 ConcurrentGCThread "G1 Service"                [id=2648, stack(0x00000014fb400000,0x00000014fb500000) (1024K)]
Total: 18

Threads with active compile tasks:
C2 CompilerThread0  6883 5035       4       groovyjarjarantlr4.v4.runtime.atn.PredictionContext::join (569 bytes)
C2 CompilerThread1  6883 5219       4       groovyjarjarantlr4.v4.runtime.atn.ATNConfigSet::add (356 bytes)
C2 CompilerThread2  6883 5215       4       groovyjarjarantlr4.v4.runtime.atn.ParserATNSimulator::closure (784 bytes)
Total: 3

VM state: not at safepoint (normal execution)

VM Mutex/Monitor currently owned by a thread: None

Heap address: 0x0000000080000000, size: 2048 MB, Compressed Oops mode: 32-bit

CDS archive(s) not mapped
Compressed class space mapped at: 0x0000000100000000-0x0000000140000000, reserved size: 1073741824
Narrow klass base: 0x0000000000000000, Narrow klass shift: 3, Narrow klass range: 0x140000000

GC Precious Log:
 CardTable entry size: 512
 Card Set container configuration: InlinePtr #cards 5 size 8 Array Of Cards #cards 12 size 40 Howl #buckets 4 coarsen threshold 1843 Howl Bitmap #cards 512 size 80 coarsen threshold 460 Card regions per heap region 1 cards per card region 2048
 CPUs: 12 total, 12 available
 Memory: 7916M
 Large Page Support: Disabled
 NUMA Support: Disabled
 Compressed Oops: Enabled (32-bit)
 Heap Region Size: 1M
 Heap Min Capacity: 8M
 Heap Initial Capacity: 124M
 Heap Max Capacity: 2G
 Pre-touch: Disabled
 Parallel Workers: 10
 Concurrent Workers: 3
 Concurrent Refinement Workers: 10
 Periodic GC: Disabled

Heap:
 garbage-first heap   total 111616K, used 90134K [0x0000000080000000, 0x0000000100000000)
  region size 1024K, 23 young (23552K), 3 survivors (3072K)
 Metaspace       used 55008K, committed 56320K, reserved 1114112K
  class space    used 7681K, committed 8320K, reserved 1048576K

Heap Regions: E=young(eden), S=young(survivor), O=old, HS=humongous(starts), HC=humongous(continues), CS=collection set, F=free, TAMS=top-at-mark-start, PB=parsable bottom
|   0|0x0000000080000000, 0x0000000080100000, 0x0000000080100000|100%|HS|  |TAMS 0x0000000080000000| PB 0x0000000080000000| Complete 
|   1|0x0000000080100000, 0x0000000080200000, 0x0000000080200000|100%|HC|  |TAMS 0x0000000080100000| PB 0x0000000080100000| Complete 
|   2|0x0000000080200000, 0x0000000080300000, 0x0000000080300000|100%|HC|  |TAMS 0x0000000080200000| PB 0x0000000080200000| Complete 
|   3|0x0000000080300000, 0x0000000080400000, 0x0000000080400000|100%|HC|  |TAMS 0x0000000080300000| PB 0x0000000080300000| Complete 
|   4|0x0000000080400000, 0x0000000080500000, 0x0000000080500000|100%| O|  |TAMS 0x0000000080400000| PB 0x0000000080400000| Untracked 
|   5|0x0000000080500000, 0x0000000080600000, 0x0000000080600000|100%| O|  |TAMS 0x0000000080500000| PB 0x0000000080500000| Untracked 
|   6|0x0000000080600000, 0x0000000080700000, 0x0000000080700000|100%| O|  |TAMS 0x0000000080600000| PB 0x0000000080600000| Untracked 
|   7|0x0000000080700000, 0x0000000080800000, 0x0000000080800000|100%| O|  |TAMS 0x0000000080700000| PB 0x0000000080700000| Untracked 
|   8|0x0000000080800000, 0x0000000080900000, 0x0000000080900000|100%|HS|  |TAMS 0x0000000080800000| PB 0x0000000080800000| Complete 
|   9|0x0000000080900000, 0x0000000080a00000, 0x0000000080a00000|100%| O|  |TAMS 0x0000000080900000| PB 0x0000000080900000| Untracked 
|  10|0x0000000080a00000, 0x0000000080b00000, 0x0000000080b00000|100%| O|  |TAMS 0x0000000080a00000| PB 0x0000000080a00000| Untracked 
|  11|0x0000000080b00000, 0x0000000080be0780, 0x0000000080c00000| 87%| O|  |TAMS 0x0000000080b00000| PB 0x0000000080b00000| Untracked 
|  12|0x0000000080c00000, 0x0000000080d00000, 0x0000000080d00000|100%|HS|  |TAMS 0x0000000080c00000| PB 0x0000000080c00000| Complete 
|  13|0x0000000080d00000, 0x0000000080e00000, 0x0000000080e00000|100%|HC|  |TAMS 0x0000000080d00000| PB 0x0000000080d00000| Complete 
|  14|0x0000000080e00000, 0x0000000080f00000, 0x0000000080f00000|100%|HC|  |TAMS 0x0000000080e00000| PB 0x0000000080e00000| Complete 
|  15|0x0000000080f00000, 0x0000000081000000, 0x0000000081000000|100%|HC|  |TAMS 0x0000000080f00000| PB 0x0000000080f00000| Complete 
|  16|0x0000000081000000, 0x0000000081100000, 0x0000000081100000|100%|HC|  |TAMS 0x0000000081000000| PB 0x0000000081000000| Complete 
|  17|0x0000000081100000, 0x0000000081200000, 0x0000000081200000|100%|HC|  |TAMS 0x0000000081100000| PB 0x0000000081100000| Complete 
|  18|0x0000000081200000, 0x0000000081300000, 0x0000000081300000|100%|HS|  |TAMS 0x0000000081200000| PB 0x0000000081200000| Complete 
|  19|0x0000000081300000, 0x0000000081400000, 0x0000000081400000|100%|HC|  |TAMS 0x0000000081300000| PB 0x0000000081300000| Complete 
|  20|0x0000000081400000, 0x0000000081500000, 0x0000000081500000|100%|HS|  |TAMS 0x0000000081400000| PB 0x0000000081400000| Complete 
|  21|0x0000000081500000, 0x0000000081600000, 0x0000000081600000|100%|HC|  |TAMS 0x0000000081500000| PB 0x0000000081500000| Complete 
|  22|0x0000000081600000, 0x0000000081700000, 0x0000000081700000|100%|HC|  |TAMS 0x0000000081600000| PB 0x0000000081600000| Complete 
|  23|0x0000000081700000, 0x0000000081800000, 0x0000000081800000|100%|HC|  |TAMS 0x0000000081700000| PB 0x0000000081700000| Complete 
|  24|0x0000000081800000, 0x0000000081900000, 0x0000000081900000|100%|HS|  |TAMS 0x0000000081800000| PB 0x0000000081800000| Complete 
|  25|0x0000000081900000, 0x0000000081a00000, 0x0000000081a00000|100%|HS|  |TAMS 0x0000000081900000| PB 0x0000000081900000| Complete 
|  26|0x0000000081a00000, 0x0000000081b00000, 0x0000000081b00000|100%|HC|  |TAMS 0x0000000081a00000| PB 0x0000000081a00000| Complete 
|  27|0x0000000081b00000, 0x0000000081c00000, 0x0000000081c00000|100%|HC|  |TAMS 0x0000000081b00000| PB 0x0000000081b00000| Complete 
|  28|0x0000000081c00000, 0x0000000081d00000, 0x0000000081d00000|100%|HC|  |TAMS 0x0000000081c00000| PB 0x0000000081c00000| Complete 
|  29|0x0000000081d00000, 0x0000000081e00000, 0x0000000081e00000|100%|HC|  |TAMS 0x0000000081d00000| PB 0x0000000081d00000| Complete 
|  30|0x0000000081e00000, 0x0000000081f00000, 0x0000000081f00000|100%|HC|  |TAMS 0x0000000081e00000| PB 0x0000000081e00000| Complete 
|  31|0x0000000081f00000, 0x0000000082000000, 0x0000000082000000|100%| O|  |TAMS 0x0000000081f00000| PB 0x0000000081f00000| Untracked 
|  32|0x0000000082000000, 0x0000000082100000, 0x0000000082100000|100%| O|  |TAMS 0x0000000082000000| PB 0x0000000082000000| Untracked 
|  33|0x0000000082100000, 0x0000000082200000, 0x0000000082200000|100%| O|  |TAMS 0x0000000082100000| PB 0x0000000082100000| Untracked 
|  34|0x0000000082200000, 0x0000000082300000, 0x0000000082300000|100%| O|  |TAMS 0x0000000082200000| PB 0x0000000082200000| Untracked 
|  35|0x0000000082300000, 0x0000000082400000, 0x0000000082400000|100%|HS|  |TAMS 0x0000000082300000| PB 0x0000000082300000| Complete 
|  36|0x0000000082400000, 0x0000000082500000, 0x0000000082500000|100%|HC|  |TAMS 0x0000000082400000| PB 0x0000000082400000| Complete 
|  37|0x0000000082500000, 0x0000000082600000, 0x0000000082600000|100%|HC|  |TAMS 0x0000000082500000| PB 0x0000000082500000| Complete 
|  38|0x0000000082600000, 0x0000000082700000, 0x0000000082700000|100%|HC|  |TAMS 0x0000000082600000| PB 0x0000000082600000| Complete 
|  39|0x0000000082700000, 0x0000000082800000, 0x0000000082800000|100%|HS|  |TAMS 0x0000000082700000| PB 0x0000000082700000| Complete 
|  40|0x0000000082800000, 0x0000000082900000, 0x0000000082900000|100%| O|  |TAMS 0x0000000082800000| PB 0x0000000082800000| Untracked 
|  41|0x0000000082900000, 0x0000000082a00000, 0x0000000082a00000|100%| O|  |TAMS 0x0000000082900000| PB 0x0000000082900000| Untracked 
|  42|0x0000000082a00000, 0x0000000082b00000, 0x0000000082b00000|100%| O|  |TAMS 0x0000000082a00000| PB 0x0000000082a00000| Untracked 
|  43|0x0000000082b00000, 0x0000000082c00000, 0x0000000082c00000|100%| O|  |TAMS 0x0000000082b00000| PB 0x0000000082b00000| Untracked 
|  44|0x0000000082c00000, 0x0000000082d00000, 0x0000000082d00000|100%| O|  |TAMS 0x0000000082c00000| PB 0x0000000082c00000| Untracked 
|  45|0x0000000082d00000, 0x0000000082e00000, 0x0000000082e00000|100%| O|  |TAMS 0x0000000082d00000| PB 0x0000000082d00000| Untracked 
|  46|0x0000000082e00000, 0x0000000082f00000, 0x0000000082f00000|100%| O|  |TAMS 0x0000000082e00000| PB 0x0000000082e00000| Untracked 
|  47|0x0000000082f00000, 0x0000000083000000, 0x0000000083000000|100%| O|  |TAMS 0x0000000082f00000| PB 0x0000000082f00000| Untracked 
|  48|0x0000000083000000, 0x0000000083013ea8, 0x0000000083100000|  7%| O|  |TAMS 0x0000000083000000| PB 0x0000000083000000| Untracked 
|  49|0x0000000083100000, 0x0000000083100000, 0x0000000083200000|  0%| F|  |TAMS 0x0000000083100000| PB 0x0000000083100000| Untracked 
|  50|0x0000000083200000, 0x0000000083300000, 0x0000000083300000|100%| O|  |TAMS 0x0000000083200000| PB 0x0000000083200000| Untracked 
|  51|0x0000000083300000, 0x0000000083400000, 0x0000000083400000|100%| O|  |TAMS 0x0000000083300000| PB 0x0000000083300000| Untracked 
|  52|0x0000000083400000, 0x0000000083500000, 0x0000000083500000|100%| O|  |TAMS 0x0000000083400000| PB 0x0000000083400000| Untracked 
|  53|0x0000000083500000, 0x0000000083500000, 0x0000000083600000|  0%| F|  |TAMS 0x0000000083500000| PB 0x0000000083500000| Untracked 
|  54|0x0000000083600000, 0x0000000083600000, 0x0000000083700000|  0%| F|  |TAMS 0x0000000083600000| PB 0x0000000083600000| Untracked 
|  55|0x0000000083700000, 0x0000000083700000, 0x0000000083800000|  0%| F|  |TAMS 0x0000000083700000| PB 0x0000000083700000| Untracked 
|  56|0x0000000083800000, 0x0000000083800000, 0x0000000083900000|  0%| F|  |TAMS 0x0000000083800000| PB 0x0000000083800000| Untracked 
|  57|0x0000000083900000, 0x0000000083a00000, 0x0000000083a00000|100%| O|  |TAMS 0x0000000083900000| PB 0x0000000083900000| Untracked 
|  58|0x0000000083a00000, 0x0000000083b00000, 0x0000000083b00000|100%| O|  |TAMS 0x0000000083a00000| PB 0x0000000083a00000| Untracked 
|  59|0x0000000083b00000, 0x0000000083c00000, 0x0000000083c00000|100%|HS|  |TAMS 0x0000000083b00000| PB 0x0000000083b00000| Complete 
|  60|0x0000000083c00000, 0x0000000083d00000, 0x0000000083d00000|100%|HS|  |TAMS 0x0000000083c00000| PB 0x0000000083c00000| Complete 
|  61|0x0000000083d00000, 0x0000000083e00000, 0x0000000083e00000|100%|HC|  |TAMS 0x0000000083d00000| PB 0x0000000083d00000| Complete 
|  62|0x0000000083e00000, 0x0000000083e111f0, 0x0000000083f00000|  6%| S|CS|TAMS 0x0000000083e00000| PB 0x0000000083e00000| Complete 
|  63|0x0000000083f00000, 0x0000000084000000, 0x0000000084000000|100%| S|CS|TAMS 0x0000000083f00000| PB 0x0000000083f00000| Complete 
|  64|0x0000000084000000, 0x0000000084100000, 0x0000000084100000|100%| S|CS|TAMS 0x0000000084000000| PB 0x0000000084000000| Complete 
|  65|0x0000000084100000, 0x0000000084100000, 0x0000000084200000|  0%| F|  |TAMS 0x0000000084100000| PB 0x0000000084100000| Untracked 
|  66|0x0000000084200000, 0x0000000084200000, 0x0000000084300000|  0%| F|  |TAMS 0x0000000084200000| PB 0x0000000084200000| Untracked 
|  67|0x0000000084300000, 0x0000000084300000, 0x0000000084400000|  0%| F|  |TAMS 0x0000000084300000| PB 0x0000000084300000| Untracked 
|  68|0x0000000084400000, 0x0000000084400000, 0x0000000084500000|  0%| F|  |TAMS 0x0000000084400000| PB 0x0000000084400000| Untracked 
|  69|0x0000000084500000, 0x0000000084500000, 0x0000000084600000|  0%| F|  |TAMS 0x0000000084500000| PB 0x0000000084500000| Untracked 
|  70|0x0000000084600000, 0x0000000084600000, 0x0000000084700000|  0%| F|  |TAMS 0x0000000084600000| PB 0x0000000084600000| Untracked 
|  71|0x0000000084700000, 0x0000000084700000, 0x0000000084800000|  0%| F|  |TAMS 0x0000000084700000| PB 0x0000000084700000| Untracked 
|  72|0x0000000084800000, 0x0000000084800000, 0x0000000084900000|  0%| F|  |TAMS 0x0000000084800000| PB 0x0000000084800000| Untracked 
|  73|0x0000000084900000, 0x0000000084900000, 0x0000000084a00000|  0%| F|  |TAMS 0x0000000084900000| PB 0x0000000084900000| Untracked 
|  74|0x0000000084a00000, 0x0000000084a00000, 0x0000000084b00000|  0%| F|  |TAMS 0x0000000084a00000| PB 0x0000000084a00000| Untracked 
|  75|0x0000000084b00000, 0x0000000084b00000, 0x0000000084c00000|  0%| F|  |TAMS 0x0000000084b00000| PB 0x0000000084b00000| Untracked 
|  76|0x0000000084c00000, 0x0000000084c00000, 0x0000000084d00000|  0%| F|  |TAMS 0x0000000084c00000| PB 0x0000000084c00000| Untracked 
|  77|0x0000000084d00000, 0x0000000084d00000, 0x0000000084e00000|  0%| F|  |TAMS 0x0000000084d00000| PB 0x0000000084d00000| Untracked 
|  78|0x0000000084e00000, 0x0000000084e80000, 0x0000000084f00000| 50%| E|  |TAMS 0x0000000084e00000| PB 0x0000000084e00000| Complete 
|  79|0x0000000084f00000, 0x0000000085000000, 0x0000000085000000|100%| E|CS|TAMS 0x0000000084f00000| PB 0x0000000084f00000| Complete 
|  80|0x0000000085000000, 0x0000000085100000, 0x0000000085100000|100%| E|CS|TAMS 0x0000000085000000| PB 0x0000000085000000| Complete 
|  81|0x0000000085100000, 0x0000000085200000, 0x0000000085200000|100%| E|CS|TAMS 0x0000000085100000| PB 0x0000000085100000| Complete 
|  82|0x0000000085200000, 0x0000000085300000, 0x0000000085300000|100%| E|CS|TAMS 0x0000000085200000| PB 0x0000000085200000| Complete 
|  83|0x0000000085300000, 0x0000000085400000, 0x0000000085400000|100%| E|CS|TAMS 0x0000000085300000| PB 0x0000000085300000| Complete 
|  84|0x0000000085400000, 0x0000000085500000, 0x0000000085500000|100%| E|CS|TAMS 0x0000000085400000| PB 0x0000000085400000| Complete 
|  85|0x0000000085500000, 0x0000000085600000, 0x0000000085600000|100%| E|CS|TAMS 0x0000000085500000| PB 0x0000000085500000| Complete 
|  86|0x0000000085600000, 0x0000000085700000, 0x0000000085700000|100%| E|CS|TAMS 0x0000000085600000| PB 0x0000000085600000| Complete 
|  87|0x0000000085700000, 0x0000000085800000, 0x0000000085800000|100%| E|CS|TAMS 0x0000000085700000| PB 0x0000000085700000| Complete 
|  88|0x0000000085800000, 0x0000000085900000, 0x0000000085900000|100%| E|CS|TAMS 0x0000000085800000| PB 0x0000000085800000| Complete 
|  89|0x0000000085900000, 0x0000000085a00000, 0x0000000085a00000|100%| E|CS|TAMS 0x0000000085900000| PB 0x0000000085900000| Complete 
|  90|0x0000000085a00000, 0x0000000085b00000, 0x0000000085b00000|100%| E|CS|TAMS 0x0000000085a00000| PB 0x0000000085a00000| Complete 
|  91|0x0000000085b00000, 0x0000000085c00000, 0x0000000085c00000|100%| E|CS|TAMS 0x0000000085b00000| PB 0x0000000085b00000| Complete 
|  92|0x0000000085c00000, 0x0000000085d00000, 0x0000000085d00000|100%| E|CS|TAMS 0x0000000085c00000| PB 0x0000000085c00000| Complete 
|  93|0x0000000085d00000, 0x0000000085e00000, 0x0000000085e00000|100%| E|CS|TAMS 0x0000000085d00000| PB 0x0000000085d00000| Complete 
|  94|0x0000000085e00000, 0x0000000085f00000, 0x0000000085f00000|100%| E|CS|TAMS 0x0000000085e00000| PB 0x0000000085e00000| Complete 
| 123|0x0000000087b00000, 0x0000000087c00000, 0x0000000087c00000|100%| E|CS|TAMS 0x0000000087b00000| PB 0x0000000087b00000| Complete 
|2035|0x00000000ff300000, 0x00000000ff400000, 0x00000000ff400000|100%| O|  |TAMS 0x00000000ff300000| PB 0x00000000ff300000| Untracked 
|2036|0x00000000ff400000, 0x00000000ff500000, 0x00000000ff500000|100%| E|CS|TAMS 0x00000000ff400000| PB 0x00000000ff400000| Complete 
|2037|0x00000000ff500000, 0x00000000ff600000, 0x00000000ff600000|100%| O|  |TAMS 0x00000000ff500000| PB 0x00000000ff500000| Untracked 
|2038|0x00000000ff600000, 0x00000000ff700000, 0x00000000ff700000|100%| O|  |TAMS 0x00000000ff600000| PB 0x00000000ff600000| Untracked 
|2039|0x00000000ff700000, 0x00000000ff800000, 0x00000000ff800000|100%| O|  |TAMS 0x00000000ff700000| PB 0x00000000ff700000| Untracked 
|2040|0x00000000ff800000, 0x00000000ff900000, 0x00000000ff900000|100%| E|CS|TAMS 0x00000000ff800000| PB 0x00000000ff800000| Complete 
|2041|0x00000000ff900000, 0x00000000ffa00000, 0x00000000ffa00000|100%| O|  |TAMS 0x00000000ff900000| PB 0x00000000ff900000| Untracked 
|2042|0x00000000ffa00000, 0x00000000ffb00000, 0x00000000ffb00000|100%| O|  |TAMS 0x00000000ffa00000| PB 0x00000000ffa00000| Untracked 
|2043|0x00000000ffb00000, 0x00000000ffc00000, 0x00000000ffc00000|100%| O|  |TAMS 0x00000000ffb00000| PB 0x00000000ffb00000| Untracked 
|2044|0x00000000ffc00000, 0x00000000ffd00000, 0x00000000ffd00000|100%| O|  |TAMS 0x00000000ffc00000| PB 0x00000000ffc00000| Untracked 
|2045|0x00000000ffd00000, 0x00000000ffe00000, 0x00000000ffe00000|100%| O|  |TAMS 0x00000000ffd00000| PB 0x00000000ffd00000| Untracked 
|2046|0x00000000ffe00000, 0x00000000fff00000, 0x00000000fff00000|100%| O|  |TAMS 0x00000000ffe00000| PB 0x00000000ffe00000| Untracked 
|2047|0x00000000fff00000, 0x0000000100000000, 0x0000000100000000|100%| O|  |TAMS 0x00000000fff00000| PB 0x00000000fff00000| Untracked 

Card table byte_map: [0x000001889dfb0000,0x000001889e3b0000] _byte_map_base: 0x000001889dbb0000

Marking Bits: (CMBitMap*) 0x000001888b55f930
 Bits: [0x000001889e3b0000, 0x00000188a03b0000)

Polling page: 0x0000018889380000

Metaspace:

Usage:
  Non-class:     46.22 MB used.
      Class:      7.50 MB used.
       Both:     53.72 MB used.

Virtual space:
  Non-class space:       64.00 MB reserved,      46.88 MB ( 73%) committed,  1 nodes.
      Class space:        1.00 GB reserved,       8.12 MB ( <1%) committed,  1 nodes.
             Both:        1.06 GB reserved,      55.00 MB (  5%) committed. 

Chunk freelists:
   Non-Class:  1.08 MB
       Class:  7.86 MB
        Both:  8.94 MB

MaxMetaspaceSize: unlimited
CompressedClassSpaceSize: 1.00 GB
Initial GC threshold: 21.00 MB
Current GC threshold: 77.31 MB
CDS: off
 - commit_granule_bytes: 65536.
 - commit_granule_words: 8192.
 - virtual_space_node_default_size: 8388608.
 - enlarge_chunks_in_place: 1.
 - use_allocation_guard: 0.


Internal statistics:

num_allocs_failed_limit: 3.
num_arena_births: 2382.
num_arena_deaths: 0.
num_vsnodes_births: 2.
num_vsnodes_deaths: 0.
num_space_committed: 880.
num_space_uncommitted: 0.
num_chunks_returned_to_freelist: 3.
num_chunks_taken_from_freelist: 4385.
num_chunk_merges: 3.
num_chunk_splits: 2871.
num_chunks_enlarged: 1800.
num_inconsistent_stats: 0.

CodeHeap 'non-profiled nmethods': size=120000Kb used=2737Kb max_used=2737Kb free=117262Kb
 bounds [0x0000018896130000, 0x00000188963e0000, 0x000001889d660000]
CodeHeap 'profiled nmethods': size=120000Kb used=9004Kb max_used=9004Kb free=110995Kb
 bounds [0x000001888e660000, 0x000001888ef30000, 0x0000018895b90000]
CodeHeap 'non-nmethods': size=5760Kb used=2696Kb max_used=2766Kb free=3063Kb
 bounds [0x0000018895b90000, 0x0000018895e50000, 0x0000018896130000]
CodeCache: size=245760Kb, used=14437Kb, max_used=14507Kb, free=231320Kb
 total_blobs=5530, nmethods=4679, adapters=755, full_count=0
Compilation: enabled, stopped_count=0, restarted_count=0

Compilation events (20 events):
Event: 5.791 Thread 0x00000188a326dcd0 5177       2       java.util.HashMap$TreeNode::<init> (10 bytes)
Event: 5.791 Thread 0x00000188a326dcd0 nmethod 5177 0x000001888ef09090 code [0x000001888ef09240, 0x000001888ef09360]
Event: 5.791 Thread 0x00000188a326dcd0 5178       2       groovyjarjarantlr4.v4.runtime.atn.ParserATNSimulator::addDFAState (226 bytes)
Event: 5.792 Thread 0x00000188a326dcd0 nmethod 5178 0x000001888ef09410 code [0x000001888ef096e0, 0x000001888ef0a3b8]
Event: 5.792 Thread 0x00000188a326dcd0 5179       2       groovyjarjarantlr4.v4.runtime.atn.SemanticContext::or (58 bytes)
Event: 5.793 Thread 0x00000188a326dcd0 nmethod 5179 0x000001888ef0ab10 code [0x000001888ef0ace0, 0x000001888ef0af68]
Event: 5.793 Thread 0x00000188a326dcd0 5181       2       groovyjarjarantlr4.v4.runtime.atn.ATNConfigSet::clone (32 bytes)
Event: 5.793 Thread 0x00000188a326dcd0 nmethod 5181 0x000001888ef0b090 code [0x000001888ef0b240, 0x000001888ef0b450]
Event: 5.793 Thread 0x00000188a326dcd0 5182       2       org.apache.groovy.parser.antlr4.GroovyParser$GroovyParserRuleContext::<init> (12 bytes)
Event: 5.793 Thread 0x00000188a326dcd0 nmethod 5182 0x000001888ef0b590 code [0x000001888ef0b720, 0x000001888ef0b8a8]
Event: 5.793 Thread 0x00000188a326dcd0 5183       2       groovyjarjarantlr4.v4.runtime.ParserRuleContext::<init> (7 bytes)
Event: 5.793 Thread 0x00000188a326dcd0 nmethod 5183 0x000001888ef0b990 code [0x000001888ef0bb20, 0x000001888ef0bc80]
Event: 5.793 Thread 0x00000188a326dcd0 5185       2       groovyjarjarantlr4.v4.runtime.Parser::enterOuterAlt (50 bytes)
Event: 5.793 Thread 0x00000188a326dcd0 nmethod 5185 0x000001888ef0bd10 code [0x000001888ef0bee0, 0x000001888ef0c170]
Event: 5.793 Thread 0x00000188a326dcd0 5186       2       groovyjarjarantlr4.v4.runtime.RuleContext::setAltNumber (1 bytes)
Event: 5.793 Thread 0x00000188a326dcd0 nmethod 5186 0x000001888ea4ed90 code [0x000001888ea4ef20, 0x000001888ea4f028]
Event: 5.793 Thread 0x00000188a326dcd0 5184       2       groovyjarjarantlr4.v4.runtime.RuleContext::<init> (20 bytes)
Event: 5.794 Thread 0x00000188a326dcd0 nmethod 5184 0x000001888ef0c310 code [0x000001888ef0c4a0, 0x000001888ef0c600]
Event: 5.794 Thread 0x00000188a326dcd0 5187       2       groovyjarjarantlr4.v4.runtime.dfa.DFAState::getPrediction (17 bytes)
Event: 5.794 Thread 0x00000188a326dcd0 nmethod 5187 0x000001888ef0c690 code [0x000001888ef0c840, 0x000001888ef0c988]

GC Heap History (20 events):
Event: 1.036 GC heap before
{Heap before GC invocations=1 (full 0):
 garbage-first heap   total 126976K, used 39552K [0x0000000080000000, 0x0000000100000000)
  region size 1024K, 31 young (31744K), 3 survivors (3072K)
 Metaspace       used 12069K, committed 12288K, reserved 1114112K
  class space    used 1294K, committed 1408K, reserved 1048576K
}
Event: 1.043 GC heap after
{Heap after GC invocations=2 (full 0):
 garbage-first heap   total 126976K, used 14065K [0x0000000080000000, 0x0000000100000000)
  region size 1024K, 3 young (3072K), 3 survivors (3072K)
 Metaspace       used 12069K, committed 12288K, reserved 1114112K
  class space    used 1294K, committed 1408K, reserved 1048576K
}
Event: 1.685 GC heap before
{Heap before GC invocations=2 (full 0):
 garbage-first heap   total 126976K, used 48881K [0x0000000080000000, 0x0000000100000000)
  region size 1024K, 39 young (39936K), 3 survivors (3072K)
 Metaspace       used 21196K, committed 21504K, reserved 1114112K
  class space    used 2532K, committed 2688K, reserved 1048576K
}
Event: 1.692 GC heap after
{Heap after GC invocations=3 (full 0):
 garbage-first heap   total 126976K, used 19329K [0x0000000080000000, 0x0000000100000000)
  region size 1024K, 8 young (8192K), 8 survivors (8192K)
 Metaspace       used 21196K, committed 21504K, reserved 1114112K
  class space    used 2532K, committed 2688K, reserved 1048576K
}
Event: 2.474 GC heap before
{Heap before GC invocations=4 (full 0):
 garbage-first heap   total 65536K, used 65409K [0x0000000080000000, 0x0000000100000000)
  region size 1024K, 53 young (54272K), 8 survivors (8192K)
 Metaspace       used 28677K, committed 29184K, reserved 1114112K
  class space    used 3804K, committed 4032K, reserved 1048576K
}
Event: 2.482 GC heap after
{Heap after GC invocations=5 (full 0):
 garbage-first heap   total 77824K, used 22539K [0x0000000080000000, 0x0000000100000000)
  region size 1024K, 4 young (4096K), 4 survivors (4096K)
 Metaspace       used 28677K, committed 29184K, reserved 1114112K
  class space    used 3804K, committed 4032K, reserved 1048576K
}
Event: 3.294 GC heap before
{Heap before GC invocations=5 (full 0):
 garbage-first heap   total 80896K, used 78859K [0x0000000080000000, 0x0000000100000000)
  region size 1024K, 37 young (37888K), 4 survivors (4096K)
 Metaspace       used 33035K, committed 33728K, reserved 1114112K
  class space    used 4578K, committed 4928K, reserved 1048576K
}
Event: 3.300 GC heap after
{Heap after GC invocations=6 (full 0):
 garbage-first heap   total 109568K, used 51223K [0x0000000080000000, 0x0000000100000000)
  region size 1024K, 5 young (5120K), 5 survivors (5120K)
 Metaspace       used 33035K, committed 33728K, reserved 1114112K
  class space    used 4578K, committed 4928K, reserved 1048576K
}
Event: 3.303 GC heap before
{Heap before GC invocations=6 (full 0):
 garbage-first heap   total 109568K, used 51223K [0x0000000080000000, 0x0000000100000000)
  region size 1024K, 7 young (7168K), 5 survivors (5120K)
 Metaspace       used 33037K, committed 33728K, reserved 1114112K
  class space    used 4578K, committed 4928K, reserved 1048576K
}
Event: 3.306 GC heap after
{Heap after GC invocations=7 (full 0):
 garbage-first heap   total 109568K, used 52388K [0x0000000080000000, 0x0000000100000000)
  region size 1024K, 1 young (1024K), 1 survivors (1024K)
 Metaspace       used 33037K, committed 33728K, reserved 1114112K
  class space    used 4578K, committed 4928K, reserved 1048576K
}
Event: 3.840 GC heap before
{Heap before GC invocations=8 (full 0):
 garbage-first heap   total 109568K, used 91300K [0x0000000080000000, 0x0000000100000000)
  region size 1024K, 34 young (34816K), 1 survivors (1024K)
 Metaspace       used 37268K, committed 38208K, reserved 1114112K
  class space    used 5293K, committed 5760K, reserved 1048576K
}
Event: 3.843 GC heap after
{Heap after GC invocations=9 (full 0):
 garbage-first heap   total 109568K, used 60476K [0x0000000080000000, 0x0000000100000000)
  region size 1024K, 4 young (4096K), 4 survivors (4096K)
 Metaspace       used 37268K, committed 38208K, reserved 1114112K
  class space    used 5293K, committed 5760K, reserved 1048576K
}
Event: 4.324 GC heap before
{Heap before GC invocations=9 (full 0):
 garbage-first heap   total 109568K, used 91196K [0x0000000080000000, 0x0000000100000000)
  region size 1024K, 35 young (35840K), 4 survivors (4096K)
 Metaspace       used 42404K, committed 43456K, reserved 1114112K
  class space    used 6027K, committed 6528K, reserved 1048576K
}
Event: 4.328 GC heap after
{Heap after GC invocations=10 (full 0):
 garbage-first heap   total 109568K, used 61707K [0x0000000080000000, 0x0000000100000000)
  region size 1024K, 5 young (5120K), 5 survivors (5120K)
 Metaspace       used 42404K, committed 43456K, reserved 1114112K
  class space    used 6027K, committed 6528K, reserved 1048576K
}
Event: 4.608 GC heap before
{Heap before GC invocations=10 (full 0):
 garbage-first heap   total 109568K, used 92427K [0x0000000080000000, 0x0000000100000000)
  region size 1024K, 36 young (36864K), 5 survivors (5120K)
 Metaspace       used 46376K, committed 47488K, reserved 1114112K
  class space    used 6444K, committed 6976K, reserved 1048576K
}
Event: 4.614 GC heap after
{Heap after GC invocations=11 (full 0):
 garbage-first heap   total 109568K, used 65881K [0x0000000080000000, 0x0000000100000000)
  region size 1024K, 5 young (5120K), 5 survivors (5120K)
 Metaspace       used 46376K, committed 47488K, reserved 1114112K
  class space    used 6444K, committed 6976K, reserved 1048576K
}
Event: 5.185 GC heap before
{Heap before GC invocations=12 (full 0):
 garbage-first heap   total 111616K, used 100697K [0x0000000080000000, 0x0000000100000000)
  region size 1024K, 34 young (34816K), 5 survivors (5120K)
 Metaspace       used 50252K, committed 51520K, reserved 1114112K
  class space    used 6924K, committed 7552K, reserved 1048576K
}
Event: 5.190 GC heap after
{Heap after GC invocations=13 (full 0):
 garbage-first heap   total 111616K, used 69179K [0x0000000080000000, 0x0000000100000000)
  region size 1024K, 3 young (3072K), 3 survivors (3072K)
 Metaspace       used 50252K, committed 51520K, reserved 1114112K
  class space    used 6924K, committed 7552K, reserved 1048576K
}
Event: 5.667 GC heap before
{Heap before GC invocations=13 (full 0):
 garbage-first heap   total 111616K, used 98875K [0x0000000080000000, 0x0000000100000000)
  region size 1024K, 32 young (32768K), 3 survivors (3072K)
 Metaspace       used 54588K, committed 55872K, reserved 1114112K
  class space    used 7653K, committed 8256K, reserved 1048576K
}
Event: 5.672 GC heap after
{Heap after GC invocations=14 (full 0):
 garbage-first heap   total 111616K, used 70678K [0x0000000080000000, 0x0000000100000000)
  region size 1024K, 3 young (3072K), 3 survivors (3072K)
 Metaspace       used 54588K, committed 55872K, reserved 1114112K
  class space    used 7653K, committed 8256K, reserved 1048576K
}

Dll operation events (3 events):
Event: 0.011 Loaded shared library C:\Program Files\Android\Android Studio\jbr\bin\java.dll
Event: 0.019 Loaded shared library C:\Program Files\Android\Android Studio\jbr\bin\zip.dll
Event: 0.391 Loaded shared library C:\Program Files\Android\Android Studio\jbr\bin\verify.dll

Deoptimization events (20 events):
Event: 5.768 Thread 0x00000188a8ede970 Uncommon trap: trap_request=0xffffffde fr.pc=0x0000018896248f98 relative=0x0000000000000d98
Event: 5.768 Thread 0x00000188a8ede970 Uncommon trap: reason=class_check action=maybe_recompile pc=0x0000018896248f98 method=java.util.concurrent.ConcurrentHashMap.putVal(Ljava/lang/Object;Ljava/lang/Object;Z)Ljava/lang/Object; @ 159 c2
Event: 5.768 Thread 0x00000188a8ede970 DEOPT PACKING pc=0x0000018896248f98 sp=0x00000014fccf6620
Event: 5.768 Thread 0x00000188a8ede970 DEOPT UNPACKING pc=0x0000018895be46a2 sp=0x00000014fccf65a0 mode 2
Event: 5.772 Thread 0x00000188a8ede970 Uncommon trap: trap_request=0xffffffde fr.pc=0x0000018896248f98 relative=0x0000000000000d98
Event: 5.772 Thread 0x00000188a8ede970 Uncommon trap: reason=class_check action=maybe_recompile pc=0x0000018896248f98 method=java.util.concurrent.ConcurrentHashMap.putVal(Ljava/lang/Object;Ljava/lang/Object;Z)Ljava/lang/Object; @ 159 c2
Event: 5.772 Thread 0x00000188a8ede970 DEOPT PACKING pc=0x0000018896248f98 sp=0x00000014fccf5e70
Event: 5.772 Thread 0x00000188a8ede970 DEOPT UNPACKING pc=0x0000018895be46a2 sp=0x00000014fccf5df0 mode 2
Event: 5.774 Thread 0x00000188a8ede970 Uncommon trap: trap_request=0xffffff45 fr.pc=0x00000188963c8f08 relative=0x0000000000001c48
Event: 5.774 Thread 0x00000188a8ede970 Uncommon trap: reason=unstable_if action=reinterpret pc=0x00000188963c8f08 method=groovyjarjarantlr4.v4.runtime.atn.ATNConfig.isPrecedenceFilterSuppressed()Z @ 7 c2
Event: 5.774 Thread 0x00000188a8ede970 DEOPT PACKING pc=0x00000188963c8f08 sp=0x00000014fccf58f0
Event: 5.774 Thread 0x00000188a8ede970 DEOPT UNPACKING pc=0x0000018895be46a2 sp=0x00000014fccf5870 mode 2
Event: 5.781 Thread 0x00000188a8ede970 Uncommon trap: trap_request=0xffffff45 fr.pc=0x00000188963c174c relative=0x000000000000054c
Event: 5.781 Thread 0x00000188a8ede970 Uncommon trap: reason=unstable_if action=reinterpret pc=0x00000188963c174c method=groovyjarjarantlr4.v4.runtime.atn.ATNConfig.transform(Lgroovyjarjarantlr4/v4/runtime/atn/ATNState;Lgroovyjarjarantlr4/v4/runtime/atn/PredictionContext;Lgroovyjarjarantlr4/v4
Event: 5.781 Thread 0x00000188a8ede970 DEOPT PACKING pc=0x00000188963c174c sp=0x00000014fccf7590
Event: 5.781 Thread 0x00000188a8ede970 DEOPT UNPACKING pc=0x0000018895be46a2 sp=0x00000014fccf74c8 mode 2
Event: 5.781 Thread 0x00000188a8ede970 Uncommon trap: trap_request=0xffffff45 fr.pc=0x00000188963bfa14 relative=0x00000000000004b4
Event: 5.781 Thread 0x00000188a8ede970 Uncommon trap: reason=unstable_if action=reinterpret pc=0x00000188963bfa14 method=groovyjarjarantlr4.v4.runtime.atn.ATNConfig.transform(Lgroovyjarjarantlr4/v4/runtime/atn/ATNState;Lgroovyjarjarantlr4/v4/runtime/atn/PredictionContext;Lgroovyjarjarantlr4/v4
Event: 5.781 Thread 0x00000188a8ede970 DEOPT PACKING pc=0x00000188963bfa14 sp=0x00000014fccf7410
Event: 5.781 Thread 0x00000188a8ede970 DEOPT UNPACKING pc=0x0000018895be46a2 sp=0x00000014fccf73e8 mode 2

Classes loaded (20 events):
Event: 5.759 Loading class java/util/stream/SortedOps
Event: 5.760 Loading class java/util/stream/SortedOps done
Event: 5.760 Loading class java/util/stream/SortedOps$OfInt
Event: 5.761 Loading class java/util/stream/IntPipeline$StatefulOp
Event: 5.761 Loading class java/util/stream/IntPipeline$StatefulOp done
Event: 5.761 Loading class java/util/stream/SortedOps$OfInt done
Event: 5.762 Loading class java/util/stream/Nodes$IntFixedNodeBuilder
Event: 5.763 Loading class java/util/stream/Node$Builder$OfInt
Event: 5.763 Loading class java/util/stream/Node$Builder$OfInt done
Event: 5.763 Loading class java/util/stream/Nodes$IntArrayNode
Event: 5.763 Loading class java/util/stream/Nodes$IntArrayNode done
Event: 5.763 Loading class java/util/stream/Nodes$IntFixedNodeBuilder done
Event: 5.763 Loading class java/util/stream/SortedOps$SizedIntSortingSink
Event: 5.763 Loading class java/util/stream/SortedOps$AbstractIntSortingSink
Event: 5.763 Loading class java/util/stream/SortedOps$AbstractIntSortingSink done
Event: 5.763 Loading class java/util/stream/SortedOps$SizedIntSortingSink done
Event: 5.763 Loading class java/util/stream/ReferencePipeline$4$1
Event: 5.763 Loading class java/util/stream/ReferencePipeline$4$1 done
Event: 5.772 Loading class java/util/Collections$SingletonMap
Event: 5.772 Loading class java/util/Collections$SingletonMap done

Classes unloaded (0 events):
No events

Classes redefined (0 events):
No events

Internal exceptions (20 events):
Event: 5.106 Thread 0x00000188a8ede970 Exception <a 'java/lang/ClassNotFoundException'{0x0000000084768478}: org/gradle/api/internal/artifacts/dsl/dependencies/DefaultDependencyHandler_DecoratedBeanInfo> (0x0000000084768478) 
thrown [s\src\hotspot\share\classfile\systemDictionary.cpp, line 312]
Event: 5.107 Thread 0x00000188a8ede970 Exception <a 'java/lang/ClassNotFoundException'{0x000000008477d2a0}: org/gradle/api/internal/artifacts/dsl/dependencies/DefaultDependencyHandlerBeanInfo> (0x000000008477d2a0) 
thrown [s\src\hotspot\share\classfile\systemDictionary.cpp, line 312]
Event: 5.108 Thread 0x00000188a8ede970 Exception <a 'java/lang/ClassNotFoundException'{0x00000000847923b0}: org/gradle/api/internal/artifacts/dsl/dependencies/DefaultDependencyHandlerCustomizer> (0x00000000847923b0) 
thrown [s\src\hotspot\share\classfile\systemDictionary.cpp, line 312]
Event: 5.110 Thread 0x00000188a8ede970 Exception <a 'java/lang/ClassNotFoundException'{0x00000000847dba40}: org/gradle/api/internal/artifacts/dsl/dependencies/DefaultDependencyHandler_DecoratedCustomizer> (0x00000000847dba40) 
thrown [s\src\hotspot\share\classfile\systemDictionary.cpp, line 312]
Event: 5.114 Thread 0x00000188a8ede970 Exception <a 'java/lang/ClassNotFoundException'{0x000000008461ec58}: sync_studio_tooling4_bdpy11py1smcuxotg8aez0j0v$_run_closure1BeanInfo> (0x000000008461ec58) 
thrown [s\src\hotspot\share\classfile\systemDictionary.cpp, line 312]
Event: 5.114 Thread 0x00000188a8ede970 Exception <a 'java/lang/ClassNotFoundException'{0x0000000084625d80}: sync_studio_tooling4_bdpy11py1smcuxotg8aez0j0v$_run_closure1Customizer> (0x0000000084625d80) 
thrown [s\src\hotspot\share\classfile\systemDictionary.cpp, line 312]
Event: 5.204 Thread 0x00000188a8ede970 Exception <a 'java/lang/NoSuchMethodError'{0x00000000ff478ab8}: 'java.lang.Object java.lang.invoke.DirectMethodHandle$Holder.newInvokeSpecial(java.lang.Object, int, java.lang.Object)'> (0x00000000ff478ab8) 
thrown [s\src\hotspot\share\interpreter\linkResolver.cpp, line 784]
Event: 5.361 Thread 0x00000188a8ede970 Exception <a 'java/lang/NoSuchMethodError'{0x00000000856df948}: 'int java.lang.invoke.DirectMethodHandle$Holder.invokeStaticInit(java.lang.Object)'> (0x00000000856df948) 
thrown [s\src\hotspot\share\interpreter\linkResolver.cpp, line 784]
Event: 5.400 Thread 0x00000188aa652ae0 Exception <a 'sun/nio/fs/WindowsException'{0x00000000854a46d0}> (0x00000000854a46d0) 
thrown [s\src\hotspot\share\prims\jni.cpp, line 537]
Event: 5.409 Thread 0x00000188aa652ae0 Exception <a 'sun/nio/fs/WindowsException'{0x00000000854f3610}> (0x00000000854f3610) 
thrown [s\src\hotspot\share\prims\jni.cpp, line 537]
Event: 5.410 Thread 0x00000188aa652ae0 Exception <a 'sun/nio/fs/WindowsException'{0x00000000854f3780}> (0x00000000854f3780) 
thrown [s\src\hotspot\share\prims\jni.cpp, line 537]
Event: 5.417 Thread 0x00000188a8ede970 Exception <a 'java/lang/ClassNotFoundException'{0x0000000085481a00}: sync_studio_tooling4_bdpy11py1smcuxotg8aez0j0vBeanInfo> (0x0000000085481a00) 
thrown [s\src\hotspot\share\classfile\systemDictionary.cpp, line 312]
Event: 5.417 Thread 0x00000188a8ede970 Exception <a 'java/lang/ClassNotFoundException'{0x0000000085488048}: sync_studio_tooling4_bdpy11py1smcuxotg8aez0j0vCustomizer> (0x0000000085488048) 
thrown [s\src\hotspot\share\classfile\systemDictionary.cpp, line 312]
Event: 5.422 Thread 0x00000188a8ede970 Exception <a 'java/lang/ClassNotFoundException'{0x000000008533a6f0}: sun/misc/SharedSecrets> (0x000000008533a6f0) 
thrown [s\src\hotspot\share\classfile\systemDictionary.cpp, line 312]
Event: 5.422 Thread 0x00000188a8ede970 Exception <a 'java/lang/ClassNotFoundException'{0x000000008533ba38}: org/gradle/util/GradleVersionBeanInfo> (0x000000008533ba38) 
thrown [s\src\hotspot\share\classfile\systemDictionary.cpp, line 312]
Event: 5.422 Thread 0x00000188a8ede970 Exception <a 'java/lang/ClassNotFoundException'{0x000000008534b540}: org/gradle/util/GradleVersionCustomizer> (0x000000008534b540) 
thrown [s\src\hotspot\share\classfile\systemDictionary.cpp, line 312]
Event: 5.427 Thread 0x00000188a8ede970 Exception <a 'java/lang/ClassNotFoundException'{0x000000008538d638}: org/gradle/util/internal/DefaultGradleVersionBeanInfo> (0x000000008538d638) 
thrown [s\src\hotspot\share\classfile\systemDictionary.cpp, line 312]
Event: 5.427 Thread 0x00000188a8ede970 Exception <a 'java/lang/ClassNotFoundException'{0x000000008539d470}: org/gradle/util/internal/DefaultGradleVersionCustomizer> (0x000000008539d470) 
thrown [s\src\hotspot\share\classfile\systemDictionary.cpp, line 312]
Event: 5.486 Thread 0x00000188a8ede970 Exception <a 'java/lang/NoSuchMethodError'{0x000000008515f278}: 'void java.lang.invoke.DirectMethodHandle$Holder.invokeStatic(java.lang.Object, java.lang.Object, java.lang.Object, java.lang.Object, java.lang.Object, java.lang.Object)'> (0x000000008515f278) 
thrown [s\src\hotspot\share\interpreter\linkResolver.cpp, line 784]
Event: 5.490 Thread 0x00000188a8ede970 Exception <a 'java/lang/NoSuchMethodError'{0x0000000085189ee8}: 'void java.lang.invoke.Invokers$Holder.invokeExact_MT(java.lang.Object, java.lang.Object, java.lang.Object, java.lang.Object)'> (0x0000000085189ee8) 
thrown [s\src\hotspot\share\interpreter\linkResolver.cpp, line 784]

ZGC Phase Switch (0 events):
No events

VM Operations (20 events):
Event: 4.862 Executing VM operation: HandshakeAllThreads (Deoptimize) done
Event: 4.869 Executing VM operation: HandshakeAllThreads (Deoptimize)
Event: 4.869 Executing VM operation: HandshakeAllThreads (Deoptimize) done
Event: 5.048 Executing VM operation: HandshakeAllThreads (Deoptimize)
Event: 5.048 Executing VM operation: HandshakeAllThreads (Deoptimize) done
Event: 5.185 Executing VM operation: G1CollectForAllocation (G1 Evacuation Pause)
Event: 5.190 Executing VM operation: G1CollectForAllocation (G1 Evacuation Pause) done
Event: 5.667 Executing VM operation: G1CollectForAllocation (G1 Evacuation Pause)
Event: 5.672 Executing VM operation: G1CollectForAllocation (G1 Evacuation Pause) done
Event: 5.675 Executing VM operation: HandshakeAllThreads (Deoptimize)
Event: 5.675 Executing VM operation: HandshakeAllThreads (Deoptimize) done
Event: 5.681 Executing VM operation: HandshakeAllThreads (Deoptimize)
Event: 5.681 Executing VM operation: HandshakeAllThreads (Deoptimize) done
Event: 5.700 Executing VM operation: HandshakeAllThreads (Deoptimize)
Event: 5.700 Executing VM operation: HandshakeAllThreads (Deoptimize) done
Event: 5.711 Executing VM operation: ICBufferFull
Event: 5.711 Executing VM operation: ICBufferFull done
Event: 5.762 Executing VM operation: HandshakeAllThreads (Deoptimize)
Event: 5.762 Executing VM operation: HandshakeAllThreads (Deoptimize) done
Event: 6.771 Executing VM operation: Cleanup

Memory protections (0 events):
No events

Nmethod flushes (20 events):
Event: 4.629 Thread 0x00000188a29d82d0 flushing  nmethod 0x000001888e6ed190
Event: 4.629 Thread 0x00000188a29d82d0 flushing  nmethod 0x000001888e6ed890
Event: 4.629 Thread 0x00000188a29d82d0 flushing  nmethod 0x000001888e6ef710
Event: 4.629 Thread 0x00000188a29d82d0 flushing  nmethod 0x000001888e6f1310
Event: 4.629 Thread 0x00000188a29d82d0 flushing  nmethod 0x000001888e72cb90
Event: 4.629 Thread 0x00000188a29d82d0 flushing  nmethod 0x000001888e72d310
Event: 4.629 Thread 0x00000188a29d82d0 flushing  nmethod 0x000001888e72e290
Event: 4.629 Thread 0x00000188a29d82d0 flushing  nmethod 0x000001888e781610
Event: 4.629 Thread 0x00000188a29d82d0 flushing  nmethod 0x000001888e782a10
Event: 4.629 Thread 0x00000188a29d82d0 flushing  nmethod 0x000001888e829190
Event: 4.629 Thread 0x00000188a29d82d0 flushing  nmethod 0x000001888e829b10
Event: 4.629 Thread 0x00000188a29d82d0 flushing  nmethod 0x000001888e8f9110
Event: 4.629 Thread 0x00000188a29d82d0 flushing  nmethod 0x000001888e8f9490
Event: 4.629 Thread 0x00000188a29d82d0 flushing  nmethod 0x000001888e8fa210
Event: 4.629 Thread 0x00000188a29d82d0 flushing  nmethod 0x000001888e8fd910
Event: 4.629 Thread 0x00000188a29d82d0 flushing  nmethod 0x000001888e91d190
Event: 4.629 Thread 0x00000188a29d82d0 flushing  nmethod 0x000001888e999090
Event: 4.629 Thread 0x00000188a29d82d0 flushing  nmethod 0x000001888ea2e190
Event: 4.629 Thread 0x00000188a29d82d0 flushing osr nmethod 0x000001888ec5b910
Event: 4.629 Thread 0x00000188a29d82d0 flushing  nmethod 0x000001888ec60590

Events (20 events):
Event: 2.808 Thread 0x00000188a8ede970 Thread added: 0x00000188a90ada30
Event: 2.948 Thread 0x00000188a8ede970 Thread added: 0x00000188aa651730
Event: 2.948 Thread 0x00000188a8ede970 Thread added: 0x00000188aa653800
Event: 2.948 Thread 0x00000188a8ede970 Thread added: 0x00000188aa651dc0
Event: 2.948 Thread 0x00000188a8ede970 Thread added: 0x00000188aa650380
Event: 2.948 Thread 0x00000188a8ede970 Thread added: 0x00000188aa650a10
Event: 2.948 Thread 0x00000188a8ede970 Thread added: 0x00000188aa6510a0
Event: 2.949 Thread 0x00000188a8ede970 Thread added: 0x00000188aa652450
Event: 2.949 Thread 0x00000188a8ede970 Thread added: 0x00000188aa653170
Event: 2.949 Thread 0x00000188a8ede970 Thread added: 0x00000188aa652ae0
Event: 2.950 Thread 0x00000188a8ede970 Thread added: 0x00000188abce4250
Event: 2.950 Thread 0x00000188a8ede970 Thread added: 0x00000188abce4f70
Event: 2.950 Thread 0x00000188a8ede970 Thread added: 0x00000188abce48e0
Event: 3.540 Thread 0x00000188a8ede970 Thread added: 0x00000188abce3530
Event: 3.560 Thread 0x00000188a8ede970 Thread added: 0x00000188abce2810
Event: 3.589 Thread 0x00000188a8ede970 Thread added: 0x00000188abce5600
Event: 3.716 Thread 0x00000188a8ede970 Thread added: 0x00000188abce2ea0
Event: 3.758 Thread 0x00000188a8ede970 Thread added: 0x00000188abce2180
Event: 3.927 Thread 0x00000188a8ede970 Thread added: 0x00000188abce76d0
Event: 4.275 Thread 0x00000188a326dcd0 Thread added: 0x00000188a326e3a0


Dynamic libraries:
0x00007ff7f0c20000 - 0x00007ff7f0c2a000 	C:\Program Files\Android\Android Studio\jbr\bin\java.exe
0x00007ffbc12c0000 - 0x00007ffbc1527000 	C:\WINDOWS\SYSTEM32\ntdll.dll
0x00007ffbbf200000 - 0x00007ffbbf2c9000 	C:\WINDOWS\System32\KERNEL32.DLL
0x00007ffbbe6a0000 - 0x00007ffbbea8f000 	C:\WINDOWS\System32\KERNELBASE.dll
0x00007ffbbe4a0000 - 0x00007ffbbe5eb000 	C:\WINDOWS\System32\ucrtbase.dll
0x00007ffbaa920000 - 0x00007ffbaa93b000 	C:\Program Files\Android\Android Studio\jbr\bin\VCRUNTIME140.dll
0x00007ffba6910000 - 0x00007ffba6928000 	C:\Program Files\Android\Android Studio\jbr\bin\jli.dll
0x00007ffbc06f0000 - 0x00007ffbc08b5000 	C:\WINDOWS\System32\USER32.dll
0x00007ffbbebd0000 - 0x00007ffbbebf7000 	C:\WINDOWS\System32\win32u.dll
0x00007ffbbf170000 - 0x00007ffbbf19b000 	C:\WINDOWS\System32\GDI32.dll
0x00007ffb96bb0000 - 0x00007ffb96e43000 	C:\WINDOWS\WinSxS\amd64_microsoft.windows.common-controls_6595b64144ccf1df_6.0.26100.7309_none_3e05feeae336a044\COMCTL32.dll
0x00007ffbbeaa0000 - 0x00007ffbbebcc000 	C:\WINDOWS\System32\gdi32full.dll
0x00007ffbbe5f0000 - 0x00007ffbbe693000 	C:\WINDOWS\System32\msvcp_win.dll
0x00007ffbbfd00000 - 0x00007ffbbfda9000 	C:\WINDOWS\System32\msvcrt.dll
0x00007ffbbff90000 - 0x00007ffbbffc1000 	C:\WINDOWS\System32\IMM32.DLL
0x00007ffbb6780000 - 0x00007ffbb678c000 	C:\Program Files\Android\Android Studio\jbr\bin\vcruntime140_1.dll
0x00007ffb6e5e0000 - 0x00007ffb6e66d000 	C:\Program Files\Android\Android Studio\jbr\bin\msvcp140.dll
0x00007ffb34e30000 - 0x00007ffb35ac6000 	C:\Program Files\Android\Android Studio\jbr\bin\server\jvm.dll
0x00007ffbc00f0000 - 0x00007ffbc01a4000 	C:\WINDOWS\System32\ADVAPI32.dll
0x00007ffbc0640000 - 0x00007ffbc06e6000 	C:\WINDOWS\System32\sechost.dll
0x00007ffbbf840000 - 0x00007ffbbf958000 	C:\WINDOWS\System32\RPCRT4.dll
0x00007ffbc0070000 - 0x00007ffbc00e4000 	C:\WINDOWS\System32\WS2_32.dll
0x00007ffbbe290000 - 0x00007ffbbe2ee000 	C:\WINDOWS\SYSTEM32\POWRPROF.dll
0x00007ffbb4490000 - 0x00007ffbb44c5000 	C:\WINDOWS\SYSTEM32\WINMM.dll
0x00007ffbb4440000 - 0x00007ffbb444b000 	C:\WINDOWS\SYSTEM32\VERSION.dll
0x00007ffbbe250000 - 0x00007ffbbe264000 	C:\WINDOWS\SYSTEM32\UMPDC.dll
0x00007ffbbd180000 - 0x00007ffbbd19b000 	C:\WINDOWS\SYSTEM32\kernel.appcore.dll
0x00007ffbabd60000 - 0x00007ffbabd6a000 	C:\Program Files\Android\Android Studio\jbr\bin\jimage.dll
0x00007ffbbb840000 - 0x00007ffbbba82000 	C:\WINDOWS\SYSTEM32\DBGHELP.DLL
0x00007ffbbf2d0000 - 0x00007ffbbf655000 	C:\WINDOWS\System32\combase.dll
0x00007ffbbfb10000 - 0x00007ffbbfbe6000 	C:\WINDOWS\System32\OLEAUT32.dll
0x00007ffb9d300000 - 0x00007ffb9d33c000 	C:\WINDOWS\SYSTEM32\dbgcore.DLL
0x00007ffbbec00000 - 0x00007ffbbeca5000 	C:\WINDOWS\System32\bcryptPrimitives.dll
0x00007ffbaa8d0000 - 0x00007ffbaa8de000 	C:\Program Files\Android\Android Studio\jbr\bin\instrument.dll
0x00007ffbaa8e0000 - 0x00007ffbaa900000 	C:\Program Files\Android\Android Studio\jbr\bin\java.dll
0x00007ffba7fc0000 - 0x00007ffba7fd8000 	C:\Program Files\Android\Android Studio\jbr\bin\zip.dll
0x00007ffbc0b20000 - 0x00007ffbc1273000 	C:\WINDOWS\System32\SHELL32.dll
0x00007ffbbee30000 - 0x00007ffbbef9a000 	C:\WINDOWS\System32\wintypes.dll
0x00007ffbbbfc0000 - 0x00007ffbbc81e000 	C:\WINDOWS\SYSTEM32\windows.storage.dll
0x00007ffbbfbf0000 - 0x00007ffbbfce5000 	C:\WINDOWS\System32\SHCORE.dll
0x00007ffbbfa20000 - 0x00007ffbbfa86000 	C:\WINDOWS\System32\shlwapi.dll
0x00007ffbbe330000 - 0x00007ffbbe359000 	C:\WINDOWS\SYSTEM32\profapi.dll
0x00007ffbabb40000 - 0x00007ffbabb50000 	C:\Program Files\Android\Android Studio\jbr\bin\net.dll
0x00007ffbb5a50000 - 0x00007ffbb5b78000 	C:\WINDOWS\SYSTEM32\WINHTTP.dll
0x00007ffbbd6d0000 - 0x00007ffbbd73b000 	C:\WINDOWS\system32\mswsock.dll
0x00007ffba70d0000 - 0x00007ffba70e6000 	C:\Program Files\Android\Android Studio\jbr\bin\nio.dll
0x00007ffbaaa00000 - 0x00007ffbaaa10000 	C:\Program Files\Android\Android Studio\jbr\bin\verify.dll
0x00007ffba6510000 - 0x00007ffba6537000 	C:\Users\Meeting\.gradle\native\68d5fa5c4cc2d200863cafc0d521ce42e7d3e7ee720ec0a83991735586a16f82\windows-amd64\native-platform.dll
0x00007ffb6a3e0000 - 0x00007ffb6a524000 	C:\Users\Meeting\.gradle\native\e376f236ea51e6404a007f0833ffe2c6e607c4080706a723a18a27aeea778392\windows-amd64\native-platform-file-events.dll
0x00007ffbab220000 - 0x00007ffbab229000 	C:\Program Files\Android\Android Studio\jbr\bin\management.dll
0x00007ffbab1d0000 - 0x00007ffbab1db000 	C:\Program Files\Android\Android Studio\jbr\bin\management_ext.dll
0x00007ffbbf060000 - 0x00007ffbbf068000 	C:\WINDOWS\System32\PSAPI.DLL
0x00007ffbbdac0000 - 0x00007ffbbdadb000 	C:\WINDOWS\SYSTEM32\CRYPTSP.dll
0x00007ffbbd0e0000 - 0x00007ffbbd11a000 	C:\WINDOWS\system32\rsaenh.dll
0x00007ffbbd780000 - 0x00007ffbbd7ab000 	C:\WINDOWS\SYSTEM32\USERENV.dll
0x00007ffbbe300000 - 0x00007ffbbe32a000 	C:\WINDOWS\SYSTEM32\bcrypt.dll
0x00007ffbbd920000 - 0x00007ffbbd92c000 	C:\WINDOWS\SYSTEM32\CRYPTBASE.dll
0x00007ffbbccb0000 - 0x00007ffbbcce4000 	C:\WINDOWS\SYSTEM32\IPHLPAPI.DLL
0x00007ffbbfcf0000 - 0x00007ffbbfcfa000 	C:\WINDOWS\System32\NSI.dll
0x00007ffbab3f0000 - 0x00007ffbab3f9000 	C:\Program Files\Android\Android Studio\jbr\bin\extnet.dll
0x00007ffb8d920000 - 0x00007ffb8d928000 	C:\WINDOWS\system32\wshunix.dll

JVMTI agents:
C:\Users\Meeting\.gradle\wrapper\dists\gradle-8.2-bin\bbg7u40eoinfdyxsxr3z4i7ta\gradle-8.2\lib\agents\gradle-instrumentation-agent-8.2.jar path:C:\Program Files\Android\Android Studio\jbr\bin\instrument.dll, loaded, initialized, instrumentlib options:none

dbghelp: loaded successfully - version: 4.0.5 - missing functions: none
symbol engine: initialized successfully - sym options: 0x614 - pdb path: .;C:\Program Files\Android\Android Studio\jbr\bin;C:\WINDOWS\SYSTEM32;C:\WINDOWS\WinSxS\amd64_microsoft.windows.common-controls_6595b64144ccf1df_6.0.26100.7309_none_3e05feeae336a044;C:\Program Files\Android\Android Studio\jbr\bin\server;C:\Users\Meeting\.gradle\native\68d5fa5c4cc2d200863cafc0d521ce42e7d3e7ee720ec0a83991735586a16f82\windows-amd64;C:\Users\Meeting\.gradle\native\e376f236ea51e6404a007f0833ffe2c6e607c4080706a723a18a27aeea778392\windows-amd64

VM Arguments:
jvm_args: --add-opens=java.base/java.util=ALL-UNNAMED --add-opens=java.base/java.lang=ALL-UNNAMED --add-opens=java.base/java.lang.invoke=ALL-UNNAMED --add-opens=java.prefs/java.util.prefs=ALL-UNNAMED --add-opens=java.base/java.nio.charset=ALL-UNNAMED --add-opens=java.base/java.net=ALL-UNNAMED --add-opens=java.base/java.util.concurrent.atomic=ALL-UNNAMED -Xmx2048m -Dfile.encoding=UTF-8 -Duser.country=US -Duser.language=en -Duser.variant -javaagent:C:\Users\Meeting\.gradle\wrapper\dists\gradle-8.2-bin\bbg7u40eoinfdyxsxr3z4i7ta\gradle-8.2\lib\agents\gradle-instrumentation-agent-8.2.jar 
java_command: org.gradle.launcher.daemon.bootstrap.GradleDaemon 8.2
java_class_path (initial): C:\Users\Meeting\.gradle\wrapper\dists\gradle-8.2-bin\bbg7u40eoinfdyxsxr3z4i7ta\gradle-8.2\lib\gradle-launcher-8.2.jar
Launcher Type: SUN_STANDARD

[Global flags]
     intx CICompilerCount                          = 4                                         {product} {ergonomic}
     uint ConcGCThreads                            = 3                                         {product} {ergonomic}
     uint G1ConcRefinementThreads                  = 10                                        {product} {ergonomic}
   size_t G1HeapRegionSize                         = 1048576                                   {product} {ergonomic}
    uintx GCDrainStackTargetSize                   = 64                                        {product} {ergonomic}
   size_t InitialHeapSize                          = 130023424                                 {product} {ergonomic}
   size_t MarkStackSize                            = 4194304                                   {product} {ergonomic}
   size_t MaxHeapSize                              = 2147483648                                {product} {command line}
   size_t MaxNewSize                               = 1287651328                                {product} {ergonomic}
   size_t MinHeapDeltaBytes                        = 1048576                                   {product} {ergonomic}
   size_t MinHeapSize                              = 8388608                                   {product} {ergonomic}
    uintx NonNMethodCodeHeapSize                   = 5839372                                {pd product} {ergonomic}
    uintx NonProfiledCodeHeapSize                  = 122909434                              {pd product} {ergonomic}
    uintx ProfiledCodeHeapSize                     = 122909434                              {pd product} {ergonomic}
    uintx ReservedCodeCacheSize                    = 251658240                              {pd product} {ergonomic}
     bool SegmentedCodeCache                       = true                                      {product} {ergonomic}
   size_t SoftMaxHeapSize                          = 2147483648                             {manageable} {ergonomic}
     bool UseCompressedOops                        = true                           {product lp64_product} {ergonomic}
     bool UseG1GC                                  = true                                      {product} {ergonomic}
     bool UseLargePagesIndividualAllocation        = false                                  {pd product} {ergonomic}

Logging:
Log output configuration:
 #0: stdout all=warning uptime,level,tags foldmultilines=false
 #1: stderr all=off uptime,level,tags foldmultilines=false

Environment Variables:
PATH=C:\WINDOWS\system32;C:\WINDOWS;C:\WINDOWS\System32\Wbem;C:\WINDOWS\System32\WindowsPowerShell\v1.0\;C:\WINDOWS\System32\OpenSSH\;C:\Program Files\nodejs\;C:\Program Files\Git\cmd;C:\Users\Meeting\AppData\Local\Microsoft\WindowsApps;C:\Users\Meeting\AppData\Local\Programs\Antigravity\bin;C:\Users\Meeting\AppData\Roaming\npm;C:\Users\Meeting\AppData\Local\Python\bin
USERNAME=Meeting
OS=Windows_NT
PROCESSOR_IDENTIFIER=Intel64 Family 6 Model 154 Stepping 4, GenuineIntel
TMP=C:\Users\Meeting\AppData\Local\Temp
TEMP=C:\Users\Meeting\AppData\Local\Temp




Periodic native trim disabled

JNI global refs:
JNI global refs: 28, weak refs: 28

JNI global refs memory usage: 835, weak refs: 833

Process memory usage:
Resident Set Size: 296524K (3% of 8106488K total physical memory with 623760K free physical memory)

OOME stack traces (most recent first):
Classloader memory used:
Loader org.gradle.internal.classloader.VisitableURLClassLoader                         : 25909K
Loader bootstrap                                                                       : 21936K
Loader org.gradle.initialization.MixInLegacyTypesClassLoader                           : 5464K
Loader org.gradle.internal.classloader.VisitableURLClassLoader                         : 751K
Loader jdk.internal.loader.ClassLoaders$PlatformClassLoader                            : 501K
Loader jdk.internal.loader.ClassLoaders$AppClassLoader                                 : 225K
Loader jdk.internal.reflect.DelegatingClassLoader                                      : 175K
Loader org.gradle.groovy.scripts.internal.DefaultScriptCompilationHandler$ScriptClassLoader: 43592B
Loader org.codehaus.groovy.runtime.callsite.CallSiteClassLoader                        : 15048B

Classes loaded by more than one classloader:
Class org.gradle.internal.IoActions                                                   : loaded 3 times (x 71B)
Class org.gradle.api.Action                                                           : loaded 3 times (x 70B)
Class org.gradle.api.UncheckedIOException                                             : loaded 3 times (x 82B)
Class org.gradle.api.GradleException                                                  : loaded 3 times (x 82B)
Class org.gradle.internal.operations.MultipleBuildOperationFailures                   : loaded 2 times (x 95B)
Class sync_studio_tooling4_bdpy11py1smcuxotg8aez0j0v                                  : loaded 2 times (x 179B)
Class org.gradle.internal.classloader.DefaultClassLoaderFactory                       : loaded 2 times (x 82B)
Class org.gradle.internal.classloader.ClassLoaderVisitor                              : loaded 2 times (x 76B)
Class org.gradle.api.internal.classpath.EffectiveClassPath                            : loaded 2 times (x 90B)
Class org.gradle.api.internal.DefaultClassPathProvider                                : loaded 2 times (x 76B)
Class [Lorg.gradle.api.internal.ClassPathProvider;                                    : loaded 2 times (x 69B)
Class org.gradle.api.internal.ClassPathProvider                                       : loaded 2 times (x 70B)
Class org.gradle.internal.service.UnknownServiceException                             : loaded 2 times (x 83B)
Class org.gradle.internal.classpath.TransformedClassPath                              : loaded 2 times (x 96B)
Class sync_studio_tooling4_bdpy11py1smcuxotg8aez0j0v$_run_closure1                    : loaded 2 times (x 136B)
Class org.gradle.internal.service.ServiceLocator                                      : loaded 2 times (x 70B)
Class org.gradle.internal.InternalTransformer                                         : loaded 2 times (x 70B)
Class org.gradle.internal.time.DefaultTimer                                           : loaded 2 times (x 80B)
Class org.gradle.internal.classloader.ClasspathUtil$1                                 : loaded 2 times (x 76B)
Class org.gradle.api.internal.classpath.DefaultModuleRegistry$DefaultModule           : loaded 2 times (x 86B)
Class org.gradle.internal.time.DefaultCountdownTimer                                  : loaded 2 times (x 88B)
Class kotlin.Function                                                                 : loaded 2 times (x 70B)
Class org.gradle.api.internal.classpath.Module                                        : loaded 2 times (x 70B)
Class org.gradle.api.internal.classpath.UnknownModuleException                        : loaded 2 times (x 82B)
Class org.gradle.cache.GlobalCache                                                    : loaded 2 times (x 70B)
Class org.gradle.api.internal.DefaultClassPathRegistry                                : loaded 2 times (x 76B)
Class org.gradle.api.internal.ClassPathRegistry                                       : loaded 2 times (x 70B)
Class org.gradle.internal.classpath.DefaultClassPath$ImmutableUniqueList              : loaded 2 times (x 199B)
Class org.gradle.internal.classloader.ClassLoaderHierarchy                            : loaded 2 times (x 70B)
Class org.gradle.internal.classpath.ClassPath                                         : loaded 2 times (x 70B)
Class kotlin.UninitializedPropertyAccessException                                     : loaded 2 times (x 82B)
Class org.gradle.internal.installation.GradleInstallation$1                           : loaded 2 times (x 75B)
Class org.gradle.api.internal.classpath.ModuleRegistry                                : loaded 2 times (x 70B)
Class org.gradle.api.internal.classpath.DefaultModuleRegistry                         : loaded 2 times (x 86B)
Class org.gradle.util.internal.DefaultGradleVersion$Stage                             : loaded 2 times (x 75B)
Class org.gradle.internal.time.MonotonicClock                                         : loaded 2 times (x 77B)
Class org.gradle.internal.service.ServiceLookupException                              : loaded 2 times (x 82B)
Class org.gradle.internal.classloader.ClassLoaderFactory                              : loaded 2 times (x 70B)
Class org.gradle.internal.service.CachingServiceLocator                               : loaded 2 times (x 82B)
Class org.gradle.internal.time.TimeSource                                             : loaded 2 times (x 70B)
Class org.gradle.internal.exceptions.ResolutionProvider                               : loaded 2 times (x 70B)
Class org.gradle.internal.classloader.ClasspathUtil                                   : loaded 2 times (x 71B)
Class org.gradle.internal.time.TimeSource$1                                           : loaded 2 times (x 77B)
Class org.gradle.api.specs.Spec                                                       : loaded 2 times (x 70B)
Class org.gradle.internal.time.Clock                                                  : loaded 2 times (x 70B)
Class org.gradle.internal.classloader.VisitableURLClassLoader$InstrumentingVisitableURLClassLoader: loaded 2 times (x 123B)
Class org.gradle.internal.classloader.VisitableURLClassLoader$Spec                    : loaded 2 times (x 74B)
Class org.gradle.internal.classpath.DefaultClassPath                                  : loaded 2 times (x 90B)
Class org.gradle.util.internal.DefaultGradleVersion                                   : loaded 2 times (x 80B)
Class org.gradle.internal.classloader.ClassLoaderSpec                                 : loaded 2 times (x 71B)
Class org.gradle.internal.classloader.VisitableURLClassLoader                         : loaded 2 times (x 117B)
Class org.gradle.internal.classloader.FilteringClassLoader                            : loaded 2 times (x 105B)
Class org.gradle.internal.Cast                                                        : loaded 2 times (x 71B)
Class org.gradle.internal.agents.InstrumentingClassLoader                             : loaded 2 times (x 70B)
Class org.gradle.internal.classpath.DefaultClassPath$ImmutableUniqueList$Builder      : loaded 2 times (x 75B)
Class org.gradle.api.internal.classpath.ManifestUtil                                  : loaded 2 times (x 71B)
Class org.gradle.internal.exceptions.NonGradleCauseExceptionsHolder                   : loaded 2 times (x 70B)
Class kotlin.NotImplementedError                                                      : loaded 2 times (x 82B)
Class org.gradle.internal.classloader.SystemClassLoaderSpec                           : loaded 2 times (x 71B)
Class org.gradle.internal.exceptions.MultiCauseException                              : loaded 2 times (x 70B)
Class org.gradle.internal.time.CountdownTimer                                         : loaded 2 times (x 70B)
Class kotlin.jvm.internal.Intrinsics                                                  : loaded 2 times (x 71B)
Class org.gradle.tooling.model.ProjectModel                                           : loaded 2 times (x 70B)
Class kotlin.KotlinNullPointerException                                               : loaded 2 times (x 83B)
Class org.gradle.internal.exceptions.DefaultMultiCauseException                       : loaded 2 times (x 95B)
Class org.gradle.internal.time.Time                                                   : loaded 2 times (x 71B)
Class org.gradle.internal.time.Timer                                                  : loaded 2 times (x 70B)
Class org.gradle.internal.installation.CurrentGradleInstallationLocator               : loaded 2 times (x 71B)
Class org.gradle.internal.service.DefaultServiceLocator                               : loaded 2 times (x 83B)
Class org.gradle.util.GradleVersion                                                   : loaded 2 times (x 79B)
Class org.gradle.internal.installation.CurrentGradleInstallation                      : loaded 2 times (x 73B)
Class org.gradle.util.internal.GUtil                                                  : loaded 2 times (x 71B)
Class org.gradle.internal.installation.GradleInstallation                             : loaded 2 times (x 75B)

---------------  S Y S T E M  ---------------

OS:
 Windows 11 , 64 bit Build 26100 (10.0.26100.7309)
OS uptime: 4 days 0:43 hours
Hyper-V role detected

CPU: total 12 (initial active 12) (6 cores per cpu, 2 threads per core) family 6 model 154 stepping 4 microcode 0x424, cx8, cmov, fxsr, ht, mmx, 3dnowpref, sse, sse2, sse3, ssse3, sse4.1, sse4.2, popcnt, lzcnt, tsc, tscinvbit, avx, avx2, aes, erms, clmul, bmi1, bmi2, adx, sha, fma, vzeroupper, clflush, clflushopt, clwb, hv, serialize, rdtscp, rdpid, fsrm, f16c, cet_ibt, cet_ss
Processor Information for processor 0
  Max Mhz: 1300, Current Mhz: 1300, Mhz Limit: 1300
Processor Information for processor 1
  Max Mhz: 1300, Current Mhz: 1300, Mhz Limit: 1300
Processor Information for processor 2
  Max Mhz: 1300, Current Mhz: 1300, Mhz Limit: 1300
Processor Information for processor 3
  Max Mhz: 1300, Current Mhz: 1300, Mhz Limit: 1300
Processor Information for processor 4
  Max Mhz: 900, Current Mhz: 900, Mhz Limit: 900
Processor Information for processor 5
  Max Mhz: 900, Current Mhz: 900, Mhz Limit: 900
Processor Information for processor 6
  Max Mhz: 900, Current Mhz: 900, Mhz Limit: 900
Processor Information for processor 7
  Max Mhz: 900, Current Mhz: 900, Mhz Limit: 900
Processor Information for processor 8
  Max Mhz: 900, Current Mhz: 900, Mhz Limit: 900
Processor Information for processor 9
  Max Mhz: 900, Current Mhz: 900, Mhz Limit: 900
Processor Information for processor 10
  Max Mhz: 900, Current Mhz: 900, Mhz Limit: 900
Processor Information for processor 11
  Max Mhz: 900, Current Mhz: 900, Mhz Limit: 900

Memory: 4k page, system-wide physical 7916M (609M free)
TotalPageFile size 32492M (AvailPageFile size 13M)
current process WorkingSet (physical memory assigned to process): 289M, peak: 289M
current process commit charge ("private bytes"): 327M, peak: 330M

vm_info: OpenJDK 64-Bit Server VM (21.0.8+-14196175-b1038.72) for windows-amd64 JRE (21.0.8+-14196175-b1038.72), built on 2025-10-01T10:24:33Z by "builder" with MS VC++ 16.10 / 16.11 (VS2019)

END.
