#
# There is insufficient memory for the Java Runtime Environment to continue.
# Native memory allocation (malloc) failed to allocate 381136 bytes. Error detail: Chunk::new
# Possible reasons:
#   The system is out of physical RAM or swap space
#   This process is running with CompressedOops enabled, and the Java Heap may be blocking the growth of the native heap
# Possible solutions:
#   Reduce memory load on the system
#   Increase physical memory or swap space
#   Check if swap backing store is full
#   Decrease Java heap size (-Xmx/-Xms)
#   Decrease number of Java threads
#   Decrease Java thread stack sizes (-Xss)
#   Set larger code cache with -XX:ReservedCodeCacheSize=
#   JVM is running with Unscaled Compressed Oops mode in which the Java heap is
#     placed in the first 4GB address space. The Java Heap base address is the
#     maximum limit for the native heap growth. Please use -XX:HeapBaseMinAddress
#     to set the Java Heap base and to place the Java Heap above 4GB virtual address.
# This output file may be truncated or incomplete.
#
#  Out of Memory Error (arena.cpp:168), pid=9624, tid=8696
#
# JRE version: OpenJDK Runtime Environment (21.0.8) (build 21.0.8+-14196175-b1038.72)
# Java VM: OpenJDK 64-Bit Server VM (21.0.8+-14196175-b1038.72, mixed mode, tiered, compressed oops, compressed class ptrs, g1 gc, windows-amd64)
# No core dump will be written. Minidumps are not enabled by default on client versions of Windows
#

---------------  S U M M A R Y ------------

Command Line: --add-opens=java.base/java.util=ALL-UNNAMED --add-opens=java.base/java.lang=ALL-UNNAMED --add-opens=java.base/java.lang.invoke=ALL-UNNAMED --add-opens=java.prefs/java.util.prefs=ALL-UNNAMED --add-opens=java.base/java.nio.charset=ALL-UNNAMED --add-opens=java.base/java.net=ALL-UNNAMED --add-opens=java.base/java.util.concurrent.atomic=ALL-UNNAMED -Xmx2048m -Dfile.encoding=UTF-8 -Duser.country=US -Duser.language=en -Duser.variant -javaagent:C:\Users\Meeting\.gradle\wrapper\dists\gradle-8.5-bin\5t9huq95ubn472n8rpzujfbqh\gradle-8.5\lib\agents\gradle-instrumentation-agent-8.5.jar org.gradle.launcher.daemon.bootstrap.GradleDaemon 8.5

Host: 12th Gen Intel(R) Core(TM) i5-1235U, 12 cores, 7G,  Windows 11 , 64 bit Build 26100 (10.0.26100.7309)
Time: Tue Jan  6 09:58:49 2026 India Standard Time elapsed time: 18.774194 seconds (0d 0h 0m 18s)

---------------  T H R E A D  ---------------

Current thread (0x000002a2a7136b40):  JavaThread "C2 CompilerThread0" daemon [_thread_in_native, id=8696, stack(0x000000ce07900000,0x000000ce07a00000) (1024K)]


Current CompileTask:
C2:18774 6938   !   4       jdk.internal.loader.Resource::getBytes (244 bytes)

Stack: [0x000000ce07900000,0x000000ce07a00000]
Native frames: (J=compiled Java code, j=interpreted, Vv=VM code, C=native code)
V  [jvm.dll+0x6d68d9]
V  [jvm.dll+0x866693]
V  [jvm.dll+0x868c4e]
V  [jvm.dll+0x869333]
V  [jvm.dll+0x280566]
V  [jvm.dll+0xc07cd]
V  [jvm.dll+0xc0d03]
V  [jvm.dll+0x2f5970]
V  [jvm.dll+0x5ff719]
V  [jvm.dll+0x252362]
V  [jvm.dll+0x24ac0a]
V  [jvm.dll+0x24871e]
V  [jvm.dll+0x1c73a4]
V  [jvm.dll+0x257f9e]
V  [jvm.dll+0x2564e6]
V  [jvm.dll+0x3f4696]
V  [jvm.dll+0x80eac8]
V  [jvm.dll+0x6d512d]
C  [ucrtbase.dll+0x37b0]
C  [KERNEL32.DLL+0x2e8d7]
C  [ntdll.dll+0x8c53c]


---------------  P R O C E S S  ---------------

Threads class SMR info:
_java_thread_list=0x000002a2b07bd550, length=58, elements={
0x000002a28d046530, 0x000002a2a7115120, 0x000002a2a712f870, 0x000002a2a7130e40,
0x000002a2a714d050, 0x000002a2a714dcc0, 0x000002a2a714f8a0, 0x000002a2a715a310,
0x000002a2a7136b40, 0x000002a2a7138150, 0x000002a2a750ade0, 0x000002a2ad2f5440,
0x000002a2ac3ecf30, 0x000002a2acf4c9e0, 0x000002a2acc00500, 0x000002a2acbeb2b0,
0x000002a2ad3f88f0, 0x000002a2ad3c9740, 0x000002a2ad3cb810, 0x000002a2ad3c9dd0,
0x000002a2ad3ca460, 0x000002a2ad3caaf0, 0x000002a2ad3cbea0, 0x000002a2ad3cc530,
0x000002a2ad3c90b0, 0x000002a2af6830e0, 0x000002a2af6851b0, 0x000002a2af684490,
0x000002a2af683770, 0x000002a2af685840, 0x000002a2af685ed0, 0x000002a2af686560,
0x000002a2af683e00, 0x000002a2af684b20, 0x000002a2afe04da0, 0x000002a2afe07500,
0x000002a2afe04080, 0x000002a2afe06e70, 0x000002a2afe067e0, 0x000002a2afe07b90,
0x000002a2afe04710, 0x000002a2afe05ac0, 0x000002a2afe088b0, 0x000002a2afe08f40,
0x000002a2afe09c60, 0x000002a2afe0a2f0, 0x000002a2aece8240, 0x000002a2aece8f60,
0x000002a2aecea9a0, 0x000002a2aece88d0, 0x000002a2aece7bb0, 0x000002a2aeceb030,
0x000002a2aecebd50, 0x000002a2aeceb6c0, 0x000002a2aece9c80, 0x000002a2aece95f0,
0x000002a2aeced100, 0x000002a2aeced790
}

Java Threads: ( => current thread )
  0x000002a28d046530 JavaThread "main"                              [_thread_blocked, id=472, stack(0x000000ce06a00000,0x000000ce06b00000) (1024K)]
  0x000002a2a7115120 JavaThread "Common-Cleaner"             daemon [_thread_blocked, id=3876, stack(0x000000ce07200000,0x000000ce07300000) (1024K)]
  0x000002a2a712f870 JavaThread "Reference Handler"          daemon [_thread_blocked, id=19220, stack(0x000000ce07300000,0x000000ce07400000) (1024K)]
  0x000002a2a7130e40 JavaThread "Finalizer"                  daemon [_thread_blocked, id=24440, stack(0x000000ce07400000,0x000000ce07500000) (1024K)]
  0x000002a2a714d050 JavaThread "Signal Dispatcher"          daemon [_thread_blocked, id=25864, stack(0x000000ce07500000,0x000000ce07600000) (1024K)]
  0x000002a2a714dcc0 JavaThread "Attach Listener"            daemon [_thread_blocked, id=4968, stack(0x000000ce07600000,0x000000ce07700000) (1024K)]
  0x000002a2a714f8a0 JavaThread "Service Thread"             daemon [_thread_blocked, id=11092, stack(0x000000ce07700000,0x000000ce07800000) (1024K)]
  0x000002a2a715a310 JavaThread "Monitor Deflation Thread"   daemon [_thread_blocked, id=6040, stack(0x000000ce07800000,0x000000ce07900000) (1024K)]
=>0x000002a2a7136b40 JavaThread "C2 CompilerThread0"         daemon [_thread_in_native, id=8696, stack(0x000000ce07900000,0x000000ce07a00000) (1024K)]
  0x000002a2a7138150 JavaThread "C1 CompilerThread0"         daemon [_thread_blocked, id=18880, stack(0x000000ce07a00000,0x000000ce07b00000) (1024K)]
  0x000002a2a750ade0 JavaThread "Notification Thread"        daemon [_thread_blocked, id=12424, stack(0x000000ce07b00000,0x000000ce07c00000) (1024K)]
  0x000002a2ad2f5440 JavaThread "Daemon health stats"               [_thread_blocked, id=13048, stack(0x000000ce08100000,0x000000ce08200000) (1024K)]
  0x000002a2ac3ecf30 JavaThread "Incoming local TCP Connector on port 57722"        [_thread_in_native, id=19852, stack(0x000000ce08200000,0x000000ce08300000) (1024K)]
  0x000002a2acf4c9e0 JavaThread "Daemon periodic checks"            [_thread_blocked, id=18024, stack(0x000000ce08300000,0x000000ce08400000) (1024K)]
  0x000002a2acc00500 JavaThread "Daemon"                            [_thread_blocked, id=6096, stack(0x000000ce08400000,0x000000ce08500000) (1024K)]
  0x000002a2acbeb2b0 JavaThread "Handler for socket connection from /127.0.0.1:57722 to /127.0.0.1:57723"        [_thread_in_native, id=22344, stack(0x000000ce08500000,0x000000ce08600000) (1024K)]
  0x000002a2ad3f88f0 JavaThread "Cancel handler"                    [_thread_blocked, id=21120, stack(0x000000ce08600000,0x000000ce08700000) (1024K)]
  0x000002a2ad3c9740 JavaThread "Daemon worker"                     [_thread_in_vm, id=16772, stack(0x000000ce08700000,0x000000ce08800000) (1024K)]
  0x000002a2ad3cb810 JavaThread "Asynchronous log dispatcher for DefaultDaemonConnection: socket connection from /127.0.0.1:57722 to /127.0.0.1:57723"        [_thread_blocked, id=19800, stack(0x000000ce08800000,0x000000ce08900000) (1024K)]
  0x000002a2ad3c9dd0 JavaThread "Stdin handler"                     [_thread_blocked, id=11528, stack(0x000000ce08900000,0x000000ce08a00000) (1024K)]
  0x000002a2ad3ca460 JavaThread "Daemon client event forwarder"        [_thread_blocked, id=7568, stack(0x000000ce08a00000,0x000000ce08b00000) (1024K)]
  0x000002a2ad3caaf0 JavaThread "Cache worker for journal cache (C:\Users\Meeting\.gradle\caches\journal-1)"        [_thread_blocked, id=22748, stack(0x000000ce09200000,0x000000ce09300000) (1024K)]
  0x000002a2ad3cbea0 JavaThread "File lock request listener"        [_thread_in_native, id=26092, stack(0x000000ce09300000,0x000000ce09400000) (1024K)]
  0x000002a2ad3cc530 JavaThread "Cache worker for file hash cache (C:\Users\Meeting\.gradle\caches\8.5\fileHashes)"        [_thread_blocked, id=26476, stack(0x000000ce09400000,0x000000ce09500000) (1024K)]
  0x000002a2ad3c90b0 JavaThread "File watcher server"        daemon [_thread_in_native, id=25020, stack(0x000000ce09500000,0x000000ce09600000) (1024K)]
  0x000002a2af6830e0 JavaThread "File watcher consumer"      daemon [_thread_blocked, id=18992, stack(0x000000ce09600000,0x000000ce09700000) (1024K)]
  0x000002a2af6851b0 JavaThread "jar transforms"                    [_thread_blocked, id=4868, stack(0x000000ce09700000,0x000000ce09800000) (1024K)]
  0x000002a2af684490 JavaThread "jar transforms Thread 2"           [_thread_blocked, id=17992, stack(0x000000ce09800000,0x000000ce09900000) (1024K)]
  0x000002a2af683770 JavaThread "jar transforms Thread 3"           [_thread_blocked, id=24420, stack(0x000000ce09900000,0x000000ce09a00000) (1024K)]
  0x000002a2af685840 JavaThread "jar transforms Thread 4"           [_thread_blocked, id=14916, stack(0x000000ce09a00000,0x000000ce09b00000) (1024K)]
  0x000002a2af685ed0 JavaThread "jar transforms Thread 5"           [_thread_blocked, id=7020, stack(0x000000ce09b00000,0x000000ce09c00000) (1024K)]
  0x000002a2af686560 JavaThread "jar transforms Thread 6"           [_thread_blocked, id=23764, stack(0x000000ce09c00000,0x000000ce09d00000) (1024K)]
  0x000002a2af683e00 JavaThread "jar transforms Thread 7"           [_thread_blocked, id=7620, stack(0x000000ce09d00000,0x000000ce09e00000) (1024K)]
  0x000002a2af684b20 JavaThread "jar transforms Thread 8"           [_thread_blocked, id=21740, stack(0x000000ce09e00000,0x000000ce09f00000) (1024K)]
  0x000002a2afe04da0 JavaThread "jar transforms Thread 9"           [_thread_blocked, id=1576, stack(0x000000ce09f00000,0x000000ce0a000000) (1024K)]
  0x000002a2afe07500 JavaThread "jar transforms Thread 10"          [_thread_blocked, id=14720, stack(0x000000ce0a000000,0x000000ce0a100000) (1024K)]
  0x000002a2afe04080 JavaThread "jar transforms Thread 11"          [_thread_blocked, id=21492, stack(0x000000ce0a100000,0x000000ce0a200000) (1024K)]
  0x000002a2afe06e70 JavaThread "jar transforms Thread 12"          [_thread_blocked, id=18796, stack(0x000000ce0a200000,0x000000ce0a300000) (1024K)]
  0x000002a2afe067e0 JavaThread "Cache worker for checksums cache (C:\Users\Meeting\Desktop\CHATPDF\.gradle\8.5\checksums)"        [_thread_blocked, id=11400, stack(0x000000ce0a300000,0x000000ce0a400000) (1024K)]
  0x000002a2afe07b90 JavaThread "Cache worker for file hash cache (C:\Users\Meeting\Desktop\CHATPDF\.gradle\8.5\fileHashes)"        [_thread_blocked, id=24784, stack(0x000000ce0a400000,0x000000ce0a500000) (1024K)]
  0x000002a2afe04710 JavaThread "Cache worker for cache directory md-supplier (C:\Users\Meeting\.gradle\caches\8.5\md-supplier)"        [_thread_blocked, id=25368, stack(0x000000ce0a500000,0x000000ce0a600000) (1024K)]
  0x000002a2afe05ac0 JavaThread "Cache worker for cache directory md-rule (C:\Users\Meeting\.gradle\caches\8.5\md-rule)"        [_thread_blocked, id=24680, stack(0x000000ce0a600000,0x000000ce0a700000) (1024K)]
  0x000002a2afe088b0 JavaThread "Cache worker for file content cache (C:\Users\Meeting\.gradle\caches\8.5\fileContent)"        [_thread_blocked, id=21496, stack(0x000000ce0a700000,0x000000ce0a800000) (1024K)]
  0x000002a2afe08f40 JavaThread "Cache worker for execution history cache (C:\Users\Meeting\.gradle\caches\8.5\executionHistory)"        [_thread_blocked, id=24496, stack(0x000000ce0a800000,0x000000ce0a900000) (1024K)]
  0x000002a2afe09c60 JavaThread "Cache worker for kotlin-dsl (C:\Users\Meeting\.gradle\caches\8.5\kotlin-dsl)"        [_thread_blocked, id=7320, stack(0x000000ce07c00000,0x000000ce07d00000) (1024K)]
  0x000002a2afe0a2f0 JavaThread "Cache worker for dependencies-accessors (C:\Users\Meeting\Desktop\CHATPDF\.gradle\8.5\dependencies-accessors)"        [_thread_blocked, id=13432, stack(0x000000ce0aa00000,0x000000ce0ab00000) (1024K)]
  0x000002a2aece8240 JavaThread "Cache worker for Build Output Cleanup Cache (C:\Users\Meeting\Desktop\CHATPDF\.gradle\buildOutputCleanup)"        [_thread_blocked, id=13888, stack(0x000000ce0a900000,0x000000ce0aa00000) (1024K)]
  0x000002a2aece8f60 JavaThread "Unconstrained build operations"        [_thread_blocked, id=25152, stack(0x000000ce0ac00000,0x000000ce0ad00000) (1024K)]
  0x000002a2aecea9a0 JavaThread "Unconstrained build operations Thread 2"        [_thread_blocked, id=10896, stack(0x000000ce0ad00000,0x000000ce0ae00000) (1024K)]
  0x000002a2aece88d0 JavaThread "Unconstrained build operations Thread 3"        [_thread_blocked, id=18964, stack(0x000000ce0ae00000,0x000000ce0af00000) (1024K)]
  0x000002a2aece7bb0 JavaThread "Unconstrained build operations Thread 4"        [_thread_blocked, id=11732, stack(0x000000ce0af00000,0x000000ce0b000000) (1024K)]
  0x000002a2aeceb030 JavaThread "Unconstrained build operations Thread 5"        [_thread_blocked, id=9248, stack(0x000000ce0b000000,0x000000ce0b100000) (1024K)]
  0x000002a2aecebd50 JavaThread "Unconstrained build operations Thread 6"        [_thread_blocked, id=13140, stack(0x000000ce0b100000,0x000000ce0b200000) (1024K)]
  0x000002a2aeceb6c0 JavaThread "Unconstrained build operations Thread 7"        [_thread_blocked, id=24884, stack(0x000000ce0b200000,0x000000ce0b300000) (1024K)]
  0x000002a2aece9c80 JavaThread "Unconstrained build operations Thread 8"        [_thread_blocked, id=25196, stack(0x000000ce0b300000,0x000000ce0b400000) (1024K)]
  0x000002a2aece95f0 JavaThread "Unconstrained build operations Thread 9"        [_thread_blocked, id=7100, stack(0x000000ce0b400000,0x000000ce0b500000) (1024K)]
  0x000002a2aeced100 JavaThread "Unconstrained build operations Thread 10"        [_thread_blocked, id=5748, stack(0x000000ce0b500000,0x000000ce0b600000) (1024K)]
  0x000002a2aeced790 JavaThread "Unconstrained build operations Thread 11"        [_thread_blocked, id=3760, stack(0x000000ce0b600000,0x000000ce0b700000) (1024K)]
Total: 58

Other Threads:
  0x000002a28d01e240 VMThread "VM Thread"                           [id=22596, stack(0x000000ce07100000,0x000000ce07200000) (1024K)]
  0x000002a2a6f0e040 WatcherThread "VM Periodic Task Thread"        [id=26100, stack(0x000000ce07000000,0x000000ce07100000) (1024K)]
  0x000002a28d01d760 WorkerThread "GC Thread#0"                     [id=15312, stack(0x000000ce06b00000,0x000000ce06c00000) (1024K)]
  0x000002a28d01e980 WorkerThread "GC Thread#1"                     [id=18540, stack(0x000000ce07d00000,0x000000ce07e00000) (1024K)]
  0x000002a28d01d020 WorkerThread "GC Thread#2"                     [id=19264, stack(0x000000ce07e00000,0x000000ce07f00000) (1024K)]
  0x000002a2ac48d9a0 WorkerThread "GC Thread#3"                     [id=12716, stack(0x000000ce07f00000,0x000000ce08000000) (1024K)]
  0x000002a2ac48e480 WorkerThread "GC Thread#4"                     [id=23304, stack(0x000000ce08000000,0x000000ce08100000) (1024K)]
  0x000002a2ac48cb20 WorkerThread "GC Thread#5"                     [id=11940, stack(0x000000ce08b00000,0x000000ce08c00000) (1024K)]
  0x000002a2ac490180 WorkerThread "GC Thread#6"                     [id=11076, stack(0x000000ce08c00000,0x000000ce08d00000) (1024K)]
  0x000002a2ac48dd40 WorkerThread "GC Thread#7"                     [id=15564, stack(0x000000ce08d00000,0x000000ce08e00000) (1024K)]
  0x000002a2ac48fa40 WorkerThread "GC Thread#8"                     [id=5480, stack(0x000000ce08e00000,0x000000ce08f00000) (1024K)]
  0x000002a2ac48fde0 WorkerThread "GC Thread#9"                     [id=16456, stack(0x000000ce08f00000,0x000000ce09000000) (1024K)]
  0x000002a28d10db90 ConcurrentGCThread "G1 Main Marker"            [id=26368, stack(0x000000ce06c00000,0x000000ce06d00000) (1024K)]
  0x000002a28d01dea0 WorkerThread "G1 Conc#0"                       [id=12524, stack(0x000000ce06d00000,0x000000ce06e00000) (1024K)]
  0x000002a2ac490520 WorkerThread "G1 Conc#1"                       [id=21632, stack(0x000000ce09000000,0x000000ce09100000) (1024K)]
  0x000002a2ac48f300 WorkerThread "G1 Conc#2"                       [id=25124, stack(0x000000ce09100000,0x000000ce09200000) (1024K)]
  0x000002a2a6de0170 ConcurrentGCThread "G1 Refine#0"               [id=14392, stack(0x000000ce06e00000,0x000000ce06f00000) (1024K)]
  0x000002a2a6de0990 ConcurrentGCThread "G1 Service"                [id=15984, stack(0x000000ce06f00000,0x000000ce07000000) (1024K)]
Total: 18

Threads with active compile tasks:
C2 CompilerThread0  18809 6938   !   4       jdk.internal.loader.Resource::getBytes (244 bytes)
Total: 1

VM state: not at safepoint (normal execution)

VM Mutex/Monitor currently owned by a thread:  ([mutex/lock_event])
[0x00007ffb3b146438] Metaspace_lock - owner thread: 0x000002a2ad3c9740

Heap address: 0x0000000080000000, size: 2048 MB, Compressed Oops mode: 32-bit

CDS archive(s) not mapped
Compressed class space mapped at: 0x0000000100000000-0x0000000140000000, reserved size: 1073741824
Narrow klass base: 0x0000000000000000, Narrow klass shift: 3, Narrow klass range: 0x140000000

GC Precious Log:
 CardTable entry size: 512
 Card Set container configuration: InlinePtr #cards 5 size 8 Array Of Cards #cards 12 size 40 Howl #buckets 4 coarsen threshold 1843 Howl Bitmap #cards 512 size 80 coarsen threshold 460 Card regions per heap region 1 cards per card region 2048
 CPUs: 12 total, 12 available
 Memory: 7916M
 Large Page Support: Disabled
 NUMA Support: Disabled
 Compressed Oops: Enabled (32-bit)
 Heap Region Size: 1M
 Heap Min Capacity: 8M
 Heap Initial Capacity: 124M
 Heap Max Capacity: 2G
 Pre-touch: Disabled
 Parallel Workers: 10
 Concurrent Workers: 3
 Concurrent Refinement Workers: 10
 Periodic GC: Disabled

Heap:
 garbage-first heap   total 142336K, used 94530K [0x0000000080000000, 0x0000000100000000)
  region size 1024K, 12 young (12288K), 3 survivors (3072K)
 Metaspace       used 66463K, committed 68032K, reserved 1114112K
  class space    used 9284K, committed 10048K, reserved 1048576K

Heap Regions: E=young(eden), S=young(survivor), O=old, HS=humongous(starts), HC=humongous(continues), CS=collection set, F=free, TAMS=top-at-mark-start, PB=parsable bottom
|   0|0x0000000080000000, 0x0000000080100000, 0x0000000080100000|100%|HS|  |TAMS 0x0000000080000000| PB 0x0000000080000000| Complete 
|   1|0x0000000080100000, 0x0000000080200000, 0x0000000080200000|100%|HC|  |TAMS 0x0000000080100000| PB 0x0000000080100000| Complete 
|   2|0x0000000080200000, 0x0000000080300000, 0x0000000080300000|100%|HC|  |TAMS 0x0000000080200000| PB 0x0000000080200000| Complete 
|   3|0x0000000080300000, 0x0000000080400000, 0x0000000080400000|100%|HC|  |TAMS 0x0000000080300000| PB 0x0000000080300000| Complete 
|   4|0x0000000080400000, 0x0000000080500000, 0x0000000080500000|100%| O|  |TAMS 0x0000000080400000| PB 0x0000000080400000| Untracked 
|   5|0x0000000080500000, 0x0000000080600000, 0x0000000080600000|100%| O|  |TAMS 0x0000000080500000| PB 0x0000000080500000| Untracked 
|   6|0x0000000080600000, 0x0000000080700000, 0x0000000080700000|100%| O|  |TAMS 0x0000000080600000| PB 0x0000000080600000| Untracked 
|   7|0x0000000080700000, 0x0000000080800000, 0x0000000080800000|100%| O|  |TAMS 0x0000000080700000| PB 0x0000000080700000| Untracked 
|   8|0x0000000080800000, 0x0000000080900000, 0x0000000080900000|100%| O|  |TAMS 0x0000000080800000| PB 0x0000000080800000| Untracked 
|   9|0x0000000080900000, 0x0000000080a00000, 0x0000000080a00000|100%| O|  |TAMS 0x0000000080900000| PB 0x0000000080900000| Untracked 
|  10|0x0000000080a00000, 0x0000000080b00000, 0x0000000080b00000|100%|HS|  |TAMS 0x0000000080a00000| PB 0x0000000080a00000| Complete 
|  11|0x0000000080b00000, 0x0000000080c00000, 0x0000000080c00000|100%| O|  |TAMS 0x0000000080b00000| PB 0x0000000080b00000| Untracked 
|  12|0x0000000080c00000, 0x0000000080d00000, 0x0000000080d00000|100%| O|  |TAMS 0x0000000080c00000| PB 0x0000000080c00000| Untracked 
|  13|0x0000000080d00000, 0x0000000080e00000, 0x0000000080e00000|100%| O|  |TAMS 0x0000000080d00000| PB 0x0000000080d00000| Untracked 
|  14|0x0000000080e00000, 0x0000000080f00000, 0x0000000080f00000|100%| O|  |TAMS 0x0000000080e00000| PB 0x0000000080e00000| Untracked 
|  15|0x0000000080f00000, 0x0000000081000000, 0x0000000081000000|100%| O|  |TAMS 0x0000000080f00000| PB 0x0000000080f00000| Untracked 
|  16|0x0000000081000000, 0x0000000081100000, 0x0000000081100000|100%| O|  |TAMS 0x0000000081000000| PB 0x0000000081000000| Untracked 
|  17|0x0000000081100000, 0x0000000081200000, 0x0000000081200000|100%| O|  |TAMS 0x0000000081100000| PB 0x0000000081100000| Untracked 
|  18|0x0000000081200000, 0x0000000081300000, 0x0000000081300000|100%| O|  |TAMS 0x0000000081200000| PB 0x0000000081200000| Untracked 
|  19|0x0000000081300000, 0x0000000081400000, 0x0000000081400000|100%| O|  |TAMS 0x0000000081300000| PB 0x0000000081300000| Untracked 
|  20|0x0000000081400000, 0x0000000081500000, 0x0000000081500000|100%| O|  |TAMS 0x0000000081400000| PB 0x0000000081400000| Untracked 
|  21|0x0000000081500000, 0x0000000081600000, 0x0000000081600000|100%|HS|  |TAMS 0x0000000081500000| PB 0x0000000081500000| Complete 
|  22|0x0000000081600000, 0x0000000081700000, 0x0000000081700000|100%|HC|  |TAMS 0x0000000081600000| PB 0x0000000081600000| Complete 
|  23|0x0000000081700000, 0x0000000081800000, 0x0000000081800000|100%|HC|  |TAMS 0x0000000081700000| PB 0x0000000081700000| Complete 
|  24|0x0000000081800000, 0x0000000081900000, 0x0000000081900000|100%|HC|  |TAMS 0x0000000081800000| PB 0x0000000081800000| Complete 
|  25|0x0000000081900000, 0x0000000081a00000, 0x0000000081a00000|100%|HC|  |TAMS 0x0000000081900000| PB 0x0000000081900000| Complete 
|  26|0x0000000081a00000, 0x0000000081b00000, 0x0000000081b00000|100%|HC|  |TAMS 0x0000000081a00000| PB 0x0000000081a00000| Complete 
|  27|0x0000000081b00000, 0x0000000081c00000, 0x0000000081c00000|100%|HS|  |TAMS 0x0000000081b00000| PB 0x0000000081b00000| Complete 
|  28|0x0000000081c00000, 0x0000000081d00000, 0x0000000081d00000|100%|HC|  |TAMS 0x0000000081c00000| PB 0x0000000081c00000| Complete 
|  29|0x0000000081d00000, 0x0000000081e00000, 0x0000000081e00000|100%| O|  |TAMS 0x0000000081d00000| PB 0x0000000081d00000| Untracked 
|  30|0x0000000081e00000, 0x0000000081f00000, 0x0000000081f00000|100%| O|  |TAMS 0x0000000081e00000| PB 0x0000000081e00000| Untracked 
|  31|0x0000000081f00000, 0x0000000082000000, 0x0000000082000000|100%| O|  |TAMS 0x0000000081f00000| PB 0x0000000081f00000| Untracked 
|  32|0x0000000082000000, 0x0000000082100000, 0x0000000082100000|100%| O|  |TAMS 0x0000000082000000| PB 0x0000000082000000| Untracked 
|  33|0x0000000082100000, 0x0000000082200000, 0x0000000082200000|100%| O|  |TAMS 0x0000000082100000| PB 0x0000000082100000| Untracked 
|  34|0x0000000082200000, 0x0000000082300000, 0x0000000082300000|100%|HS|  |TAMS 0x0000000082200000| PB 0x0000000082200000| Complete 
|  35|0x0000000082300000, 0x0000000082400000, 0x0000000082400000|100%|HC|  |TAMS 0x0000000082300000| PB 0x0000000082300000| Complete 
|  36|0x0000000082400000, 0x0000000082500000, 0x0000000082500000|100%|HC|  |TAMS 0x0000000082400000| PB 0x0000000082400000| Complete 
|  37|0x0000000082500000, 0x0000000082600000, 0x0000000082600000|100%|HC|  |TAMS 0x0000000082500000| PB 0x0000000082500000| Complete 
|  38|0x0000000082600000, 0x0000000082700000, 0x0000000082700000|100%|HS|  |TAMS 0x0000000082600000| PB 0x0000000082600000| Complete 
|  39|0x0000000082700000, 0x0000000082800000, 0x0000000082800000|100%| O|  |TAMS 0x0000000082700000| PB 0x0000000082700000| Untracked 
|  40|0x0000000082800000, 0x0000000082900000, 0x0000000082900000|100%| O|  |TAMS 0x0000000082800000| PB 0x0000000082800000| Untracked 
|  41|0x0000000082900000, 0x0000000082a00000, 0x0000000082a00000|100%|HS|  |TAMS 0x0000000082900000| PB 0x0000000082900000| Complete 
|  42|0x0000000082a00000, 0x0000000082b00000, 0x0000000082b00000|100%|HC|  |TAMS 0x0000000082a00000| PB 0x0000000082a00000| Complete 
|  43|0x0000000082b00000, 0x0000000082c00000, 0x0000000082c00000|100%|HC|  |TAMS 0x0000000082b00000| PB 0x0000000082b00000| Complete 
|  44|0x0000000082c00000, 0x0000000082d00000, 0x0000000082d00000|100%|HC|  |TAMS 0x0000000082c00000| PB 0x0000000082c00000| Complete 
|  45|0x0000000082d00000, 0x0000000082e00000, 0x0000000082e00000|100%|HC|  |TAMS 0x0000000082d00000| PB 0x0000000082d00000| Complete 
|  46|0x0000000082e00000, 0x0000000082f00000, 0x0000000082f00000|100%|HC|  |TAMS 0x0000000082e00000| PB 0x0000000082e00000| Complete 
|  47|0x0000000082f00000, 0x0000000083000000, 0x0000000083000000|100%| O|  |TAMS 0x0000000082f00000| PB 0x0000000082f00000| Untracked 
|  48|0x0000000083000000, 0x0000000083100000, 0x0000000083100000|100%|HS|  |TAMS 0x0000000083000000| PB 0x0000000083000000| Complete 
|  49|0x0000000083100000, 0x0000000083200000, 0x0000000083200000|100%|HS|  |TAMS 0x0000000083100000| PB 0x0000000083100000| Complete 
|  50|0x0000000083200000, 0x0000000083300000, 0x0000000083300000|100%|HC|  |TAMS 0x0000000083200000| PB 0x0000000083200000| Complete 
|  51|0x0000000083300000, 0x0000000083400000, 0x0000000083400000|100%|HS|  |TAMS 0x0000000083300000| PB 0x0000000083300000| Complete 
|  52|0x0000000083400000, 0x0000000083500000, 0x0000000083500000|100%|HC|  |TAMS 0x0000000083400000| PB 0x0000000083400000| Complete 
|  53|0x0000000083500000, 0x0000000083600000, 0x0000000083600000|100%|HC|  |TAMS 0x0000000083500000| PB 0x0000000083500000| Complete 
|  54|0x0000000083600000, 0x0000000083700000, 0x0000000083700000|100%|HC|  |TAMS 0x0000000083600000| PB 0x0000000083600000| Complete 
|  55|0x0000000083700000, 0x0000000083800000, 0x0000000083800000|100%|HS|  |TAMS 0x0000000083700000| PB 0x0000000083700000| Complete 
|  56|0x0000000083800000, 0x0000000083900000, 0x0000000083900000|100%| O|Cm|TAMS 0x0000000083800000| PB 0x0000000083800000| Complete 
|  57|0x0000000083900000, 0x0000000083a00000, 0x0000000083a00000|100%| O|  |TAMS 0x0000000083900000| PB 0x0000000083900000| Untracked 
|  58|0x0000000083a00000, 0x0000000083b00000, 0x0000000083b00000|100%| O|  |TAMS 0x0000000083a00000| PB 0x0000000083a00000| Untracked 
|  59|0x0000000083b00000, 0x0000000083c00000, 0x0000000083c00000|100%| O|  |TAMS 0x0000000083b00000| PB 0x0000000083b00000| Untracked 
|  60|0x0000000083c00000, 0x0000000083d00000, 0x0000000083d00000|100%| O|  |TAMS 0x0000000083c00000| PB 0x0000000083c00000| Untracked 
|  61|0x0000000083d00000, 0x0000000083e00000, 0x0000000083e00000|100%| O|  |TAMS 0x0000000083d00000| PB 0x0000000083d00000| Untracked 
|  62|0x0000000083e00000, 0x0000000083f00000, 0x0000000083f00000|100%| O|  |TAMS 0x0000000083e00000| PB 0x0000000083e00000| Untracked 
|  63|0x0000000083f00000, 0x0000000084000000, 0x0000000084000000|100%| O|  |TAMS 0x0000000083f00000| PB 0x0000000083f00000| Untracked 
|  64|0x0000000084000000, 0x0000000084100000, 0x0000000084100000|100%| O|  |TAMS 0x0000000084000000| PB 0x0000000084000000| Untracked 
|  65|0x0000000084100000, 0x0000000084200000, 0x0000000084200000|100%|HS|  |TAMS 0x0000000084100000| PB 0x0000000084100000| Complete 
|  66|0x0000000084200000, 0x0000000084300000, 0x0000000084300000|100%| O|  |TAMS 0x0000000084200000| PB 0x0000000084200000| Untracked 
|  67|0x0000000084300000, 0x0000000084400000, 0x0000000084400000|100%| O|  |TAMS 0x0000000084300000| PB 0x0000000084300000| Untracked 
|  68|0x0000000084400000, 0x0000000084500000, 0x0000000084500000|100%| O|  |TAMS 0x0000000084400000| PB 0x0000000084400000| Untracked 
|  69|0x0000000084500000, 0x0000000084600000, 0x0000000084600000|100%| O|  |TAMS 0x0000000084500000| PB 0x0000000084500000| Untracked 
|  70|0x0000000084600000, 0x0000000084700000, 0x0000000084700000|100%| O|  |TAMS 0x0000000084600000| PB 0x0000000084600000| Untracked 
|  71|0x0000000084700000, 0x0000000084800000, 0x0000000084800000|100%| O|  |TAMS 0x0000000084700000| PB 0x0000000084700000| Untracked 
|  72|0x0000000084800000, 0x0000000084900000, 0x0000000084900000|100%| O|  |TAMS 0x0000000084800000| PB 0x0000000084800000| Untracked 
|  73|0x0000000084900000, 0x0000000084a00000, 0x0000000084a00000|100%| O|  |TAMS 0x0000000084900000| PB 0x0000000084900000| Untracked 
|  74|0x0000000084a00000, 0x0000000084b00000, 0x0000000084b00000|100%| O|  |TAMS 0x0000000084a00000| PB 0x0000000084a00000| Untracked 
|  75|0x0000000084b00000, 0x0000000084c00000, 0x0000000084c00000|100%| O|  |TAMS 0x0000000084b00000| PB 0x0000000084b00000| Untracked 
|  76|0x0000000084c00000, 0x0000000084d00000, 0x0000000084d00000|100%|HS|  |TAMS 0x0000000084c00000| PB 0x0000000084c00000| Complete 
|  77|0x0000000084d00000, 0x0000000084e00000, 0x0000000084e00000|100%|HC|  |TAMS 0x0000000084d00000| PB 0x0000000084d00000| Complete 
|  78|0x0000000084e00000, 0x0000000084f00000, 0x0000000084f00000|100%|HC|  |TAMS 0x0000000084e00000| PB 0x0000000084e00000| Complete 
|  79|0x0000000084f00000, 0x0000000085000000, 0x0000000085000000|100%|HC|  |TAMS 0x0000000084f00000| PB 0x0000000084f00000| Complete 
|  80|0x0000000085000000, 0x0000000085100000, 0x0000000085100000|100%|HC|  |TAMS 0x0000000085000000| PB 0x0000000085000000| Complete 
|  81|0x0000000085100000, 0x0000000085200000, 0x0000000085200000|100%|HC|  |TAMS 0x0000000085100000| PB 0x0000000085100000| Complete 
|  82|0x0000000085200000, 0x000000008523a410, 0x0000000085300000| 22%| O|  |TAMS 0x0000000085200000| PB 0x0000000085200000| Untracked 
|  83|0x0000000085300000, 0x0000000085300000, 0x0000000085400000|  0%| F|  |TAMS 0x0000000085300000| PB 0x0000000085300000| Untracked 
|  84|0x0000000085400000, 0x0000000085400000, 0x0000000085500000|  0%| F|  |TAMS 0x0000000085400000| PB 0x0000000085400000| Untracked 
|  85|0x0000000085500000, 0x0000000085500000, 0x0000000085600000|  0%| F|  |TAMS 0x0000000085500000| PB 0x0000000085500000| Untracked 
|  86|0x0000000085600000, 0x0000000085600000, 0x0000000085700000|  0%| F|  |TAMS 0x0000000085600000| PB 0x0000000085600000| Untracked 
|  87|0x0000000085700000, 0x0000000085700000, 0x0000000085800000|  0%| F|  |TAMS 0x0000000085700000| PB 0x0000000085700000| Untracked 
|  88|0x0000000085800000, 0x0000000085800000, 0x0000000085900000|  0%| F|  |TAMS 0x0000000085800000| PB 0x0000000085800000| Untracked 
|  89|0x0000000085900000, 0x0000000085900000, 0x0000000085a00000|  0%| F|  |TAMS 0x0000000085900000| PB 0x0000000085900000| Untracked 
|  90|0x0000000085a00000, 0x0000000085a00000, 0x0000000085b00000|  0%| F|  |TAMS 0x0000000085a00000| PB 0x0000000085a00000| Untracked 
|  91|0x0000000085b00000, 0x0000000085b00000, 0x0000000085c00000|  0%| F|  |TAMS 0x0000000085b00000| PB 0x0000000085b00000| Untracked 
|  92|0x0000000085c00000, 0x0000000085c00000, 0x0000000085d00000|  0%| F|  |TAMS 0x0000000085c00000| PB 0x0000000085c00000| Untracked 
|  93|0x0000000085d00000, 0x0000000085d00000, 0x0000000085e00000|  0%| F|  |TAMS 0x0000000085d00000| PB 0x0000000085d00000| Untracked 
|  94|0x0000000085e00000, 0x0000000085e00000, 0x0000000085f00000|  0%| F|  |TAMS 0x0000000085e00000| PB 0x0000000085e00000| Untracked 
|  95|0x0000000085f00000, 0x0000000085f00000, 0x0000000086000000|  0%| F|  |TAMS 0x0000000085f00000| PB 0x0000000085f00000| Untracked 
|  96|0x0000000086000000, 0x0000000086000000, 0x0000000086100000|  0%| F|  |TAMS 0x0000000086000000| PB 0x0000000086000000| Untracked 
|  97|0x0000000086100000, 0x0000000086100000, 0x0000000086200000|  0%| F|  |TAMS 0x0000000086100000| PB 0x0000000086100000| Untracked 
|  98|0x0000000086200000, 0x0000000086200000, 0x0000000086300000|  0%| F|  |TAMS 0x0000000086200000| PB 0x0000000086200000| Untracked 
|  99|0x0000000086300000, 0x0000000086300000, 0x0000000086400000|  0%| F|  |TAMS 0x0000000086300000| PB 0x0000000086300000| Untracked 
| 100|0x0000000086400000, 0x0000000086400000, 0x0000000086500000|  0%| F|  |TAMS 0x0000000086400000| PB 0x0000000086400000| Untracked 
| 101|0x0000000086500000, 0x0000000086500000, 0x0000000086600000|  0%| F|  |TAMS 0x0000000086500000| PB 0x0000000086500000| Untracked 
| 102|0x0000000086600000, 0x0000000086600000, 0x0000000086700000|  0%| F|  |TAMS 0x0000000086600000| PB 0x0000000086600000| Untracked 
| 103|0x0000000086700000, 0x0000000086700000, 0x0000000086800000|  0%| F|  |TAMS 0x0000000086700000| PB 0x0000000086700000| Untracked 
| 104|0x0000000086800000, 0x0000000086800000, 0x0000000086900000|  0%| F|  |TAMS 0x0000000086800000| PB 0x0000000086800000| Untracked 
| 105|0x0000000086900000, 0x0000000086900000, 0x0000000086a00000|  0%| F|  |TAMS 0x0000000086900000| PB 0x0000000086900000| Untracked 
| 106|0x0000000086a00000, 0x0000000086a00000, 0x0000000086b00000|  0%| F|  |TAMS 0x0000000086a00000| PB 0x0000000086a00000| Untracked 
| 107|0x0000000086b00000, 0x0000000086b16618, 0x0000000086c00000|  8%| S|CS|TAMS 0x0000000086b00000| PB 0x0000000086b00000| Complete 
| 108|0x0000000086c00000, 0x0000000086d00000, 0x0000000086d00000|100%| S|CS|TAMS 0x0000000086c00000| PB 0x0000000086c00000| Complete 
| 109|0x0000000086d00000, 0x0000000086e00000, 0x0000000086e00000|100%| S|CS|TAMS 0x0000000086d00000| PB 0x0000000086d00000| Complete 
| 110|0x0000000086e00000, 0x0000000086e00000, 0x0000000086f00000|  0%| F|  |TAMS 0x0000000086e00000| PB 0x0000000086e00000| Untracked 
| 111|0x0000000086f00000, 0x0000000086f00000, 0x0000000087000000|  0%| F|  |TAMS 0x0000000086f00000| PB 0x0000000086f00000| Untracked 
| 112|0x0000000087000000, 0x0000000087000000, 0x0000000087100000|  0%| F|  |TAMS 0x0000000087000000| PB 0x0000000087000000| Untracked 
| 113|0x0000000087100000, 0x0000000087100000, 0x0000000087200000|  0%| F|  |TAMS 0x0000000087100000| PB 0x0000000087100000| Untracked 
| 114|0x0000000087200000, 0x0000000087200000, 0x0000000087300000|  0%| F|  |TAMS 0x0000000087200000| PB 0x0000000087200000| Untracked 
| 115|0x0000000087300000, 0x0000000087300000, 0x0000000087400000|  0%| F|  |TAMS 0x0000000087300000| PB 0x0000000087300000| Untracked 
| 116|0x0000000087400000, 0x0000000087400000, 0x0000000087500000|  0%| F|  |TAMS 0x0000000087400000| PB 0x0000000087400000| Untracked 
| 117|0x0000000087500000, 0x0000000087500000, 0x0000000087600000|  0%| F|  |TAMS 0x0000000087500000| PB 0x0000000087500000| Untracked 
| 118|0x0000000087600000, 0x0000000087600000, 0x0000000087700000|  0%| F|  |TAMS 0x0000000087600000| PB 0x0000000087600000| Untracked 
| 119|0x0000000087700000, 0x0000000087700000, 0x0000000087800000|  0%| F|  |TAMS 0x0000000087700000| PB 0x0000000087700000| Untracked 
| 120|0x0000000087800000, 0x0000000087800000, 0x0000000087900000|  0%| F|  |TAMS 0x0000000087800000| PB 0x0000000087800000| Untracked 
| 121|0x0000000087900000, 0x0000000087900000, 0x0000000087a00000|  0%| F|  |TAMS 0x0000000087900000| PB 0x0000000087900000| Untracked 
| 122|0x0000000087a00000, 0x0000000087a00000, 0x0000000087b00000|  0%| F|  |TAMS 0x0000000087a00000| PB 0x0000000087a00000| Untracked 
| 123|0x0000000087b00000, 0x0000000087b00000, 0x0000000087c00000|  0%| F|  |TAMS 0x0000000087b00000| PB 0x0000000087b00000| Untracked 
| 124|0x0000000087c00000, 0x0000000087c00000, 0x0000000087d00000|  0%| F|  |TAMS 0x0000000087c00000| PB 0x0000000087c00000| Untracked 
| 125|0x0000000087d00000, 0x0000000087d00000, 0x0000000087e00000|  0%| F|  |TAMS 0x0000000087d00000| PB 0x0000000087d00000| Untracked 
| 126|0x0000000087e00000, 0x0000000087e00000, 0x0000000087f00000|  0%| F|  |TAMS 0x0000000087e00000| PB 0x0000000087e00000| Untracked 
| 127|0x0000000087f00000, 0x0000000087f00000, 0x0000000088000000|  0%| F|  |TAMS 0x0000000087f00000| PB 0x0000000087f00000| Untracked 
| 128|0x0000000088000000, 0x0000000088000000, 0x0000000088100000|  0%| F|  |TAMS 0x0000000088000000| PB 0x0000000088000000| Untracked 
| 129|0x0000000088100000, 0x0000000088100000, 0x0000000088200000|  0%| F|  |TAMS 0x0000000088100000| PB 0x0000000088100000| Untracked 
| 130|0x0000000088200000, 0x0000000088300000, 0x0000000088300000|100%| E|  |TAMS 0x0000000088200000| PB 0x0000000088200000| Complete 
| 131|0x0000000088300000, 0x0000000088400000, 0x0000000088400000|100%| E|CS|TAMS 0x0000000088300000| PB 0x0000000088300000| Complete 
| 132|0x0000000088400000, 0x0000000088500000, 0x0000000088500000|100%| E|CS|TAMS 0x0000000088400000| PB 0x0000000088400000| Complete 
| 133|0x0000000088500000, 0x0000000088600000, 0x0000000088600000|100%| E|CS|TAMS 0x0000000088500000| PB 0x0000000088500000| Complete 
| 134|0x0000000088600000, 0x0000000088700000, 0x0000000088700000|100%| E|CS|TAMS 0x0000000088600000| PB 0x0000000088600000| Complete 
| 135|0x0000000088700000, 0x0000000088800000, 0x0000000088800000|100%| E|CS|TAMS 0x0000000088700000| PB 0x0000000088700000| Complete 
| 136|0x0000000088800000, 0x0000000088900000, 0x0000000088900000|100%| E|CS|TAMS 0x0000000088800000| PB 0x0000000088800000| Complete 
| 137|0x0000000088900000, 0x0000000088a00000, 0x0000000088a00000|100%| E|CS|TAMS 0x0000000088900000| PB 0x0000000088900000| Complete 
| 138|0x0000000088a00000, 0x0000000088b00000, 0x0000000088b00000|100%| E|CS|TAMS 0x0000000088a00000| PB 0x0000000088a00000| Complete 

Card table byte_map: [0x000002a2a1e50000,0x000002a2a2250000] _byte_map_base: 0x000002a2a1a50000

Marking Bits: (CMBitMap*) 0x000002a28d10d2e0
 Bits: [0x000002a2a2250000, 0x000002a2a4250000)

Polling page: 0x000002a28d710000

Metaspace:

Usage:
  Non-class:     55.84 MB used.
      Class:      9.07 MB used.
       Both:     64.91 MB used.

Virtual space:
  Non-class space:       64.00 MB reserved,      56.62 MB ( 88%) committed,  1 nodes.
      Class space:        1.00 GB reserved,       9.81 MB ( <1%) committed,  1 nodes.
             Both:        1.06 GB reserved,      66.44 MB (  6%) committed. 

Chunk freelists:
   Non-Class:  7.17 MB
       Class:  6.20 MB
        Both:  13.38 MB

MaxMetaspaceSize: unlimited
CompressedClassSpaceSize: 1.00 GB
Initial GC threshold: 21.00 MB
Current GC threshold: 105.00 MB
CDS: off
 - commit_granule_bytes: 65536.
 - commit_granule_words: 8192.
 - virtual_space_node_default_size: 8388608.
 - enlarge_chunks_in_place: 1.
 - use_allocation_guard: 0.


Internal statistics:

num_allocs_failed_limit: 3.
num_arena_births: 2974.
num_arena_deaths: 0.
num_vsnodes_births: 2.
num_vsnodes_deaths: 0.
num_space_committed: 1063.
num_space_uncommitted: 0.
num_chunks_returned_to_freelist: 3.
num_chunks_taken_from_freelist: 5596.
num_chunk_merges: 3.
num_chunk_splits: 3667.
num_chunks_enlarged: 2304.
num_inconsistent_stats: 0.

CodeHeap 'non-profiled nmethods': size=120000Kb used=3399Kb max_used=3399Kb free=116600Kb
 bounds [0x000002a299880000, 0x000002a299be0000, 0x000002a2a0db0000]
CodeHeap 'profiled nmethods': size=120000Kb used=11046Kb max_used=11046Kb free=108953Kb
 bounds [0x000002a291db0000, 0x000002a292880000, 0x000002a2992e0000]
CodeHeap 'non-nmethods': size=5760Kb used=2738Kb max_used=2768Kb free=3021Kb
 bounds [0x000002a2992e0000, 0x000002a2995a0000, 0x000002a299880000]
CodeCache: size=245760Kb, used=17183Kb, max_used=17213Kb, free=228574Kb
 total_blobs=7000, nmethods=6116, adapters=787, full_count=0
Compilation: enabled, stopped_count=0, restarted_count=0

Compilation events (20 events):
Event: 16.367 Thread 0x000002a2a7138150 6942       1       java.util.stream.FindOps$FindOp::getOpFlags (5 bytes)
Event: 16.367 Thread 0x000002a2a7138150 nmethod 6942 0x000002a299bd1810 code [0x000002a299bd19a0, 0x000002a299bd1a68]
Event: 16.367 Thread 0x000002a2a7138150 6943       3       java.lang.invoke.DirectMethodHandle$Holder::invokeStatic (14 bytes)
Event: 16.368 Thread 0x000002a2a7138150 nmethod 6943 0x000002a292876c90 code [0x000002a292876e60, 0x000002a292877250]
Event: 16.368 Thread 0x000002a2a7138150 6944       3       java.lang.invoke.DirectMethodHandle$Holder::invokeStatic (17 bytes)
Event: 16.369 Thread 0x000002a2a7138150 nmethod 6944 0x000002a292877390 code [0x000002a292877560, 0x000002a2928779d0]
Event: 16.369 Thread 0x000002a2a7138150 6945       3       java.lang.invoke.LambdaForm$MH/0x00000001001ba000::invoke (32 bytes)
Event: 16.369 Thread 0x000002a2a7138150 nmethod 6945 0x000002a292877b10 code [0x000002a292877ce0, 0x000002a292878158]
Event: 16.369 Thread 0x000002a2a7138150 6946       1       javax.management.ObjectName::getCanonicalName (5 bytes)
Event: 16.369 Thread 0x000002a2a7138150 nmethod 6946 0x000002a299bd1b10 code [0x000002a299bd1ca0, 0x000002a299bd1d68]
Event: 16.743 Thread 0x000002a2a7138150 6947       3       java.lang.Integer::formatUnsignedInt (40 bytes)
Event: 16.744 Thread 0x000002a2a7138150 nmethod 6947 0x000002a292878290 code [0x000002a292878440, 0x000002a292878638]
Event: 17.378 Thread 0x000002a2a7138150 6948       3       java.lang.management.ManagementFactory$$Lambda/0x0000000100139d20::apply (12 bytes)
Event: 17.379 Thread 0x000002a2a7138150 nmethod 6948 0x000002a292878790 code [0x000002a292878960, 0x000002a292878d50]
Event: 17.379 Thread 0x000002a2a7138150 6949       3       java.lang.management.ManagementFactory::lambda$getPlatformMXBeans$3 (13 bytes)
Event: 17.379 Thread 0x000002a2a7138150 nmethod 6949 0x000002a292878e90 code [0x000002a292879060, 0x000002a2928792d0]
Event: 17.379 Thread 0x000002a2a7138150 6950       3       java.util.Spliterators$EmptySpliterator::forEachRemaining (6 bytes)
Event: 17.379 Thread 0x000002a2a7138150 nmethod 6950 0x000002a292879410 code [0x000002a2928795c0, 0x000002a292879818]
Event: 18.365 Thread 0x000002a2a7138150 6952       3       java.util.Collections$EmptyList::spliterator (4 bytes)
Event: 18.764 Thread 0x000002a2a7138150 nmethod 6952 0x000002a292879910 code [0x000002a292879ac0, 0x000002a292879c30]

GC Heap History (20 events):
Event: 4.432 GC heap before
{Heap before GC invocations=9 (full 0):
 garbage-first heap   total 89088K, used 81438K [0x0000000080000000, 0x0000000100000000)
  region size 1024K, 25 young (25600K), 1 survivors (1024K)
 Metaspace       used 36980K, committed 37888K, reserved 1114112K
  class space    used 5223K, committed 5632K, reserved 1048576K
}
Event: 4.434 GC heap after
{Heap after GC invocations=10 (full 0):
 garbage-first heap   total 89088K, used 60770K [0x0000000080000000, 0x0000000100000000)
  region size 1024K, 4 young (4096K), 4 survivors (4096K)
 Metaspace       used 36980K, committed 37888K, reserved 1114112K
  class space    used 5223K, committed 5632K, reserved 1048576K
}
Event: 4.679 GC heap before
{Heap before GC invocations=10 (full 0):
 garbage-first heap   total 89088K, used 79202K [0x0000000080000000, 0x0000000100000000)
  region size 1024K, 22 young (22528K), 4 survivors (4096K)
 Metaspace       used 39336K, committed 40320K, reserved 1114112K
  class space    used 5627K, committed 6080K, reserved 1048576K
}
Event: 4.683 GC heap after
{Heap after GC invocations=11 (full 0):
 garbage-first heap   total 89088K, used 60870K [0x0000000080000000, 0x0000000100000000)
  region size 1024K, 1 young (1024K), 1 survivors (1024K)
 Metaspace       used 39336K, committed 40320K, reserved 1114112K
  class space    used 5627K, committed 6080K, reserved 1048576K
}
Event: 5.019 GC heap before
{Heap before GC invocations=11 (full 0):
 garbage-first heap   total 89088K, used 81350K [0x0000000080000000, 0x0000000100000000)
  region size 1024K, 22 young (22528K), 1 survivors (1024K)
 Metaspace       used 43242K, committed 44352K, reserved 1114112K
  class space    used 6143K, committed 6656K, reserved 1048576K
}
Event: 5.023 GC heap after
{Heap after GC invocations=12 (full 0):
 garbage-first heap   total 89088K, used 62569K [0x0000000080000000, 0x0000000100000000)
  region size 1024K, 3 young (3072K), 3 survivors (3072K)
 Metaspace       used 43242K, committed 44352K, reserved 1114112K
  class space    used 6143K, committed 6656K, reserved 1048576K
}
Event: 5.427 GC heap before
{Heap before GC invocations=13 (full 0):
 garbage-first heap   total 106496K, used 77929K [0x0000000080000000, 0x0000000100000000)
  region size 1024K, 19 young (19456K), 3 survivors (3072K)
 Metaspace       used 47252K, committed 48384K, reserved 1114112K
  class space    used 6578K, committed 7104K, reserved 1048576K
}
Event: 5.432 GC heap after
{Heap after GC invocations=14 (full 0):
 garbage-first heap   total 106496K, used 65112K [0x0000000080000000, 0x0000000100000000)
  region size 1024K, 3 young (3072K), 3 survivors (3072K)
 Metaspace       used 47252K, committed 48384K, reserved 1114112K
  class space    used 6578K, committed 7104K, reserved 1048576K
}
Event: 5.718 GC heap before
{Heap before GC invocations=14 (full 0):
 garbage-first heap   total 106496K, used 96856K [0x0000000080000000, 0x0000000100000000)
  region size 1024K, 30 young (30720K), 3 survivors (3072K)
 Metaspace       used 48832K, committed 49984K, reserved 1114112K
  class space    used 6678K, committed 7232K, reserved 1048576K
}
Event: 5.722 GC heap after
{Heap after GC invocations=15 (full 0):
 garbage-first heap   total 106496K, used 66487K [0x0000000080000000, 0x0000000100000000)
  region size 1024K, 4 young (4096K), 4 survivors (4096K)
 Metaspace       used 48832K, committed 49984K, reserved 1114112K
  class space    used 6678K, committed 7232K, reserved 1048576K
}
Event: 6.159 GC heap before
{Heap before GC invocations=15 (full 0):
 garbage-first heap   total 106496K, used 95159K [0x0000000080000000, 0x0000000100000000)
  region size 1024K, 32 young (32768K), 4 survivors (4096K)
 Metaspace       used 52562K, committed 53824K, reserved 1114112K
  class space    used 7263K, committed 7872K, reserved 1048576K
}
Event: 6.166 GC heap after
{Heap after GC invocations=16 (full 0):
 garbage-first heap   total 128000K, used 68630K [0x0000000080000000, 0x0000000100000000)
  region size 1024K, 3 young (3072K), 3 survivors (3072K)
 Metaspace       used 52562K, committed 53824K, reserved 1114112K
  class space    used 7263K, committed 7872K, reserved 1048576K
}
Event: 7.087 GC heap before
{Heap before GC invocations=17 (full 0):
 garbage-first heap   total 128000K, used 116758K [0x0000000080000000, 0x0000000100000000)
  region size 1024K, 41 young (41984K), 3 survivors (3072K)
 Metaspace       used 55700K, committed 57152K, reserved 1114112K
  class space    used 7605K, committed 8320K, reserved 1048576K
}
Event: 7.093 GC heap after
{Heap after GC invocations=18 (full 0):
 garbage-first heap   total 128000K, used 78680K [0x0000000080000000, 0x0000000100000000)
  region size 1024K, 5 young (5120K), 5 survivors (5120K)
 Metaspace       used 55700K, committed 57152K, reserved 1114112K
  class space    used 7605K, committed 8320K, reserved 1048576K
}
Event: 8.106 GC heap before
{Heap before GC invocations=18 (full 0):
 garbage-first heap   total 128000K, used 112472K [0x0000000080000000, 0x0000000100000000)
  region size 1024K, 39 young (39936K), 5 survivors (5120K)
 Metaspace       used 59561K, committed 61120K, reserved 1114112K
  class space    used 8299K, committed 9024K, reserved 1048576K
}
Event: 8.112 GC heap after
{Heap after GC invocations=19 (full 0):
 garbage-first heap   total 128000K, used 81002K [0x0000000080000000, 0x0000000100000000)
  region size 1024K, 3 young (3072K), 3 survivors (3072K)
 Metaspace       used 59561K, committed 61120K, reserved 1114112K
  class space    used 8299K, committed 9024K, reserved 1048576K
}
Event: 9.236 GC heap before
{Heap before GC invocations=19 (full 0):
 garbage-first heap   total 128000K, used 114794K [0x0000000080000000, 0x0000000100000000)
  region size 1024K, 36 young (36864K), 3 survivors (3072K)
 Metaspace       used 62877K, committed 64512K, reserved 1114112K
  class space    used 8801K, committed 9600K, reserved 1048576K
}
Event: 9.241 GC heap after
{Heap after GC invocations=20 (full 0):
 garbage-first heap   total 128000K, used 84043K [0x0000000080000000, 0x0000000100000000)
  region size 1024K, 5 young (5120K), 5 survivors (5120K)
 Metaspace       used 62877K, committed 64512K, reserved 1114112K
  class space    used 8801K, committed 9600K, reserved 1048576K
}
Event: 11.448 GC heap before
{Heap before GC invocations=21 (full 0):
 garbage-first heap   total 142336K, used 112715K [0x0000000080000000, 0x0000000100000000)
  region size 1024K, 34 young (34816K), 5 survivors (5120K)
 Metaspace       used 65146K, committed 66752K, reserved 1114112K
  class space    used 9102K, committed 9856K, reserved 1048576K
}
Event: 11.455 GC heap after
{Heap after GC invocations=22 (full 0):
 garbage-first heap   total 142336K, used 86338K [0x0000000080000000, 0x0000000100000000)
  region size 1024K, 3 young (3072K), 3 survivors (3072K)
 Metaspace       used 65146K, committed 66752K, reserved 1114112K
  class space    used 9102K, committed 9856K, reserved 1048576K
}

Dll operation events (3 events):
Event: 0.018 Loaded shared library C:\Program Files\Android\Android Studio\jbr\bin\java.dll
Event: 0.028 Loaded shared library C:\Program Files\Android\Android Studio\jbr\bin\zip.dll
Event: 0.403 Loaded shared library C:\Program Files\Android\Android Studio\jbr\bin\verify.dll

Deoptimization events (20 events):
Event: 9.663 Thread 0x000002a2ad3c9740 DEOPT PACKING pc=0x000002a2926cd278 sp=0x000000ce087f78f0
Event: 9.663 Thread 0x000002a2ad3c9740 DEOPT UNPACKING pc=0x000002a299334e42 sp=0x000000ce087f6dd8 mode 0
Event: 9.664 Thread 0x000002a2ad3c9740 DEOPT PACKING pc=0x000002a2926cd278 sp=0x000000ce087f78f0
Event: 9.664 Thread 0x000002a2ad3c9740 DEOPT UNPACKING pc=0x000002a299334e42 sp=0x000000ce087f6dd8 mode 0
Event: 9.766 Thread 0x000002a2ad3c9740 Uncommon trap: trap_request=0xffffff54 fr.pc=0x000002a299ae52d8 relative=0x00000000000014d8
Event: 9.766 Thread 0x000002a2ad3c9740 Uncommon trap: reason=speculate_null_assert action=make_not_entrant pc=0x000002a299ae52d8 method=java.util.jar.JarFile.getVersionedEntry(Ljava/lang/String;Ljava/util/jar/JarEntry;)Ljava/util/jar/JarEntry; @ 115 c2
Event: 9.766 Thread 0x000002a2ad3c9740 DEOPT PACKING pc=0x000002a299ae52d8 sp=0x000000ce087f6ab0
Event: 9.766 Thread 0x000002a2ad3c9740 DEOPT UNPACKING pc=0x000002a2993346a2 sp=0x000000ce087f6ab8 mode 2
Event: 9.766 Thread 0x000002a2ad3c9740 Uncommon trap: trap_request=0xffffff45 fr.pc=0x000002a2998d5360 relative=0x00000000000008c0
Event: 9.766 Thread 0x000002a2ad3c9740 Uncommon trap: reason=unstable_if action=reinterpret pc=0x000002a2998d5360 method=java.util.jar.JarFile.getEntry(Ljava/lang/String;)Ljava/util/zip/ZipEntry; @ 15 c2
Event: 9.766 Thread 0x000002a2ad3c9740 DEOPT PACKING pc=0x000002a2998d5360 sp=0x000000ce087f6b80
Event: 9.766 Thread 0x000002a2ad3c9740 DEOPT UNPACKING pc=0x000002a2993346a2 sp=0x000000ce087f6b78 mode 2
Event: 11.366 Thread 0x000002a2ad3c9740 Uncommon trap: trap_request=0xffffff45 fr.pc=0x000002a2998c945c relative=0x00000000000005fc
Event: 11.366 Thread 0x000002a2ad3c9740 Uncommon trap: reason=unstable_if action=reinterpret pc=0x000002a2998c945c method=java.lang.AbstractStringBuilder.append(Ljava/lang/String;)Ljava/lang/AbstractStringBuilder; @ 1 c2
Event: 11.366 Thread 0x000002a2ad3c9740 DEOPT PACKING pc=0x000002a2998c945c sp=0x000000ce087f6fa0
Event: 11.366 Thread 0x000002a2ad3c9740 DEOPT UNPACKING pc=0x000002a2993346a2 sp=0x000000ce087f6f20 mode 2
Event: 12.649 Thread 0x000002a2ad3c9740 Uncommon trap: trap_request=0xffffff45 fr.pc=0x000002a2998db6d0 relative=0x00000000000005f0
Event: 12.649 Thread 0x000002a2ad3c9740 Uncommon trap: reason=unstable_if action=reinterpret pc=0x000002a2998db6d0 method=java.lang.AbstractStringBuilder.append(Ljava/lang/String;)Ljava/lang/AbstractStringBuilder; @ 1 c2
Event: 12.649 Thread 0x000002a2ad3c9740 DEOPT PACKING pc=0x000002a2998db6d0 sp=0x000000ce087f7580
Event: 12.649 Thread 0x000002a2ad3c9740 DEOPT UNPACKING pc=0x000002a2993346a2 sp=0x000000ce087f7568 mode 2

Classes loaded (20 events):
Event: 8.320 Loading class javax/net/ssl/SSLException
Event: 8.320 Loading class javax/net/ssl/SSLException done
Event: 8.320 Loading class javax/net/ssl/SSLPeerUnverifiedException
Event: 8.321 Loading class javax/net/ssl/SSLPeerUnverifiedException done
Event: 8.321 Loading class javax/naming/NamingException
Event: 8.322 Loading class javax/naming/NamingException done
Event: 8.322 Loading class javax/naming/InvalidNameException
Event: 8.322 Loading class javax/naming/InvalidNameException done
Event: 8.323 Loading class java/security/cert/CertificateParsingException
Event: 8.323 Loading class java/security/cert/CertificateException
Event: 8.324 Loading class java/security/cert/CertificateException done
Event: 8.324 Loading class java/security/cert/CertificateParsingException done
Event: 8.380 Loading class java/util/Collections$SingletonMap
Event: 8.380 Loading class java/util/Collections$SingletonMap done
Event: 8.676 Loading class java/util/LinkedList$LLSpliterator
Event: 8.676 Loading class java/util/LinkedList$LLSpliterator done
Event: 12.595 Loading class java/util/concurrent/LinkedBlockingDeque$Itr
Event: 12.595 Loading class java/util/concurrent/LinkedBlockingDeque$AbstractItr
Event: 12.600 Loading class java/util/concurrent/LinkedBlockingDeque$AbstractItr done
Event: 12.600 Loading class java/util/concurrent/LinkedBlockingDeque$Itr done

Classes unloaded (0 events):
No events

Classes redefined (0 events):
No events

Internal exceptions (20 events):
Event: 7.673 Thread 0x000002a2ad3ca460 Exception <a 'java/lang/NoSuchMethodError'{0x0000000086b96a20}: static Lorg/gradle/internal/build/event/types/AbstractProgressEvent;.<clinit>()V> (0x0000000086b96a20) 
thrown [s\src\hotspot\share\prims\jni.cpp, line 1144]
Event: 7.675 Thread 0x000002a2ad3ca460 Exception <a 'java/lang/NoSuchMethodError'{0x0000000086bba188}: static Lorg/gradle/internal/build/event/types/DefaultBuildPhaseDescriptor;.<clinit>()V> (0x0000000086bba188) 
thrown [s\src\hotspot\share\prims\jni.cpp, line 1144]
Event: 7.675 Thread 0x000002a2ad3ca460 Exception <a 'java/lang/NoSuchMethodError'{0x0000000086bbdd40}: static Lorg/gradle/internal/build/event/types/DefaultOperationDescriptor;.<clinit>()V> (0x0000000086bbdd40) 
thrown [s\src\hotspot\share\prims\jni.cpp, line 1144]
Event: 7.677 Thread 0x000002a2ad3ca460 Exception <a 'java/lang/NoSuchMethodError'{0x0000000086bd9318}: static Lorg/gradle/internal/operations/OperationIdentifier;.<clinit>()V> (0x0000000086bd9318) 
thrown [s\src\hotspot\share\prims\jni.cpp, line 1144]
Event: 7.877 Thread 0x000002a2ad3c9740 Exception <a 'java/lang/ClassNotFoundException'{0x00000000862788b0}: org/gradle/api/internal/project/DefaultProject_DecoratedBeanInfo> (0x00000000862788b0) 
thrown [s\src\hotspot\share\classfile\systemDictionary.cpp, line 312]
Event: 7.878 Thread 0x000002a2ad3c9740 Exception <a 'java/lang/ClassNotFoundException'{0x00000000862854b0}: org/gradle/api/internal/project/DefaultProjectBeanInfo> (0x00000000862854b0) 
thrown [s\src\hotspot\share\classfile\systemDictionary.cpp, line 312]
Event: 7.878 Thread 0x000002a2ad3c9740 Exception <a 'java/lang/ClassNotFoundException'{0x0000000086291e58}: org/gradle/api/internal/project/DefaultProjectCustomizer> (0x0000000086291e58) 
thrown [s\src\hotspot\share\classfile\systemDictionary.cpp, line 312]
Event: 7.885 Thread 0x000002a2ad3c9740 Exception <a 'java/lang/ClassNotFoundException'{0x0000000086147730}: org/gradle/api/internal/project/DefaultProject_DecoratedCustomizer> (0x0000000086147730) 
thrown [s\src\hotspot\share\classfile\systemDictionary.cpp, line 312]
Event: 8.152 Thread 0x000002a2ad3c9740 Exception <a 'java/lang/NoSuchMethodError'{0x0000000087bae4b8}: 'long java.lang.invoke.DirectMethodHandle$Holder.invokeStatic(java.lang.Object, long)'> (0x0000000087bae4b8) 
thrown [s\src\hotspot\share\interpreter\linkResolver.cpp, line 784]
Event: 8.260 Thread 0x000002a2ad3c9740 Exception <a 'java/lang/NoSuchMethodError'{0x00000000877a9b00}: 'java.lang.Object java.lang.invoke.DirectMethodHandle$Holder.invokeVirtual(java.lang.Object, java.lang.Object, java.lang.Object, java.lang.Object, java.lang.Object, java.lang.Object, java.lang.Object, java.lang.Object, java.lang.Object, java.lang.Object, java.lang.Object, java.lang.Object, java.lang.Object, java.lang.Object, java.lang.Object, java.lang.Object, java.lang.Object)'> (0x00000000877a9b00) 
thrown [s\src\hotspot\share\interpreter\li
Event: 8.261 Thread 0x000002a2ad3c9740 Exception <a 'java/lang/NoSuchMethodError'{0x00000000877afce0}: 'java.lang.Object java.lang.invoke.DirectMethodHandle$Holder.invokeSpecial(java.lang.Object, java.lang.Object, java.lang.Object, java.lang.Object, java.lang.Object, java.lang.Object, java.lang.Object, java.lang.Object, java.lang.Object, java.lang.Object, java.lang.Object, java.lang.Object, java.lang.Object, java.lang.Object, java.lang.Object, java.lang.Object, java.lang.Object, java.lang.Object)'> (0x00000000877afce0) 
thrown [s\src\hotspot\sh
Event: 8.262 Thread 0x000002a2ad3c9740 Exception <a 'java/lang/NoSuchMethodError'{0x00000000877b5558}: 'java.lang.Object java.lang.invoke.DelegatingMethodHandle$Holder.reinvoke_L(java.lang.Object, java.lang.Object, java.lang.Object, java.lang.Object, java.lang.Object, java.lang.Object, java.lang.Object, java.lang.Object, java.lang.Object, java.lang.Object, java.lang.Object, java.lang.Object, java.lang.Object, java.lang.Object, java.lang.Object, java.lang.Object, java.lang.Object)'> (0x00000000877b5558) 
thrown [s\src\hotspot\share\interpreter\l
Event: 8.545 Thread 0x000002a2ad3c9740 Exception <a 'java/lang/NoSuchMethodError'{0x0000000086d6e1f0}: 'int java.lang.invoke.DirectMethodHandle$Holder.invokeSpecialIFC(java.lang.Object, java.lang.Object, java.lang.Object)'> (0x0000000086d6e1f0) 
thrown [s\src\hotspot\share\interpreter\linkResolver.cpp, line 784]
Event: 8.615 Thread 0x000002a2ad3c9740 Exception <a 'java/lang/NoSuchMethodError'{0x0000000086aee5c8}: 'java.lang.Object java.lang.invoke.DirectMethodHandle$Holder.newInvokeSpecial(java.lang.Object, java.lang.Object, java.lang.Object, java.lang.Object, java.lang.Object, int)'> (0x0000000086aee5c8) 
thrown [s\src\hotspot\share\interpreter\linkResolver.cpp, line 784]
Event: 8.615 Thread 0x000002a2ad3c9740 Exception <a 'java/lang/NoSuchMethodError'{0x0000000086af3c68}: 'java.lang.Object java.lang.invoke.DirectMethodHandle$Holder.invokeSpecial(java.lang.Object, java.lang.Object, java.lang.Object, java.lang.Object, java.lang.Object, java.lang.Object, int)'> (0x0000000086af3c68) 
thrown [s\src\hotspot\share\interpreter\linkResolver.cpp, line 784]
Event: 8.626 Thread 0x000002a2ad3c9740 Exception <a 'java/lang/NoSuchMethodError'{0x0000000086925968}: 'java.lang.Object java.lang.invoke.DirectMethodHandle$Holder.invokeSpecial(java.lang.Object, java.lang.Object, java.lang.Object, java.lang.Object, java.lang.Object, long)'> (0x0000000086925968) 
thrown [s\src\hotspot\share\interpreter\linkResolver.cpp, line 784]
Event: 8.629 Thread 0x000002a2ad3c9740 Exception <a 'java/lang/NoSuchMethodError'{0x0000000086945990}: 'void java.lang.invoke.DirectMethodHandle$Holder.invokeStatic(java.lang.Object, java.lang.Object, java.lang.Object, int, java.lang.Object)'> (0x0000000086945990) 
thrown [s\src\hotspot\share\interpreter\linkResolver.cpp, line 784]
Event: 9.242 Thread 0x000002a2a7115120 Implicit null exception at 0x000002a299b209af to 0x000002a299b20d94
Event: 11.366 Thread 0x000002a2ad3c9740 Implicit null exception at 0x000002a2998c8ea0 to 0x000002a2998c9444
Event: 12.649 Thread 0x000002a2ad3c9740 Implicit null exception at 0x000002a2998db120 to 0x000002a2998db6b8

ZGC Phase Switch (0 events):
No events

VM Operations (20 events):
Event: 9.094 Executing VM operation: HandshakeAllThreads (Deoptimize) done
Event: 9.235 Executing VM operation: G1CollectForAllocation (G1 Evacuation Pause)
Event: 9.241 Executing VM operation: G1CollectForAllocation (G1 Evacuation Pause) done
Event: 9.265 Executing VM operation: G1PauseRemark
Event: 9.268 Executing VM operation: G1PauseRemark done
Event: 9.282 Executing VM operation: G1PauseCleanup
Event: 9.282 Executing VM operation: G1PauseCleanup done
Event: 10.294 Executing VM operation: Cleanup
Event: 11.355 Executing VM operation: Cleanup done
Event: 11.448 Executing VM operation: G1CollectForAllocation (G1 Evacuation Pause)
Event: 11.455 Executing VM operation: G1CollectForAllocation (G1 Evacuation Pause) done
Event: 12.459 Executing VM operation: Cleanup
Event: 12.572 Executing VM operation: Cleanup done
Event: 12.620 Executing VM operation: HandshakeAllThreads (Deoptimize)
Event: 12.620 Executing VM operation: HandshakeAllThreads (Deoptimize) done
Event: 13.634 Executing VM operation: Cleanup
Event: 13.698 Executing VM operation: Cleanup done
Event: 16.723 Executing VM operation: Cleanup
Event: 16.723 Executing VM operation: Cleanup done
Event: 18.748 Executing VM operation: Cleanup

Memory protections (0 events):
No events

Nmethod flushes (20 events):
Event: 9.267 Thread 0x000002a28d01e240 flushing  nmethod 0x000002a291e0ea10
Event: 9.267 Thread 0x000002a28d01e240 flushing  nmethod 0x000002a291e10f10
Event: 9.267 Thread 0x000002a28d01e240 flushing  nmethod 0x000002a291ed9490
Event: 9.267 Thread 0x000002a28d01e240 flushing  nmethod 0x000002a291f2f610
Event: 9.267 Thread 0x000002a28d01e240 flushing  nmethod 0x000002a291f93190
Event: 9.267 Thread 0x000002a28d01e240 flushing  nmethod 0x000002a291fa1890
Event: 9.267 Thread 0x000002a28d01e240 flushing  nmethod 0x000002a292033910
Event: 9.267 Thread 0x000002a28d01e240 flushing  nmethod 0x000002a292034110
Event: 9.267 Thread 0x000002a28d01e240 flushing  nmethod 0x000002a292094090
Event: 9.267 Thread 0x000002a28d01e240 flushing  nmethod 0x000002a292094610
Event: 9.267 Thread 0x000002a28d01e240 flushing  nmethod 0x000002a2920e9a90
Event: 9.267 Thread 0x000002a28d01e240 flushing  nmethod 0x000002a2920e9f10
Event: 9.267 Thread 0x000002a28d01e240 flushing  nmethod 0x000002a292159590
Event: 9.267 Thread 0x000002a28d01e240 flushing  nmethod 0x000002a2921f5010
Event: 9.267 Thread 0x000002a28d01e240 flushing  nmethod 0x000002a2921f5b10
Event: 9.267 Thread 0x000002a28d01e240 flushing  nmethod 0x000002a2921f5e90
Event: 9.267 Thread 0x000002a28d01e240 flushing  nmethod 0x000002a2921f9c90
Event: 9.267 Thread 0x000002a28d01e240 flushing  nmethod 0x000002a29230ce90
Event: 9.267 Thread 0x000002a28d01e240 flushing  nmethod 0x000002a2923bb990
Event: 9.267 Thread 0x000002a28d01e240 flushing  nmethod 0x000002a2923bf410

Events (20 events):
Event: 6.942 Thread 0x000002a2ad3c9740 Thread added: 0x000002a2afe09c60
Event: 6.957 Thread 0x000002a2a7136b40 Thread added: 0x000002a2a759d330
Event: 7.673 Thread 0x000002a2ad3c9740 Thread added: 0x000002a2afe0a2f0
Event: 8.371 Thread 0x000002a2a759d330 Thread exited: 0x000002a2a759d330
Event: 8.382 Thread 0x000002a2ad3c9740 Thread added: 0x000002a2aece8240
Event: 8.734 Thread 0x000002a2a7138150 Thread added: 0x000002a2a759c590
Event: 9.235 Thread 0x000002a2ad3c9740 Thread added: 0x000002a2aece8f60
Event: 9.235 Thread 0x000002a2ad3c9740 Thread added: 0x000002a2aecea9a0
Event: 9.235 Thread 0x000002a2ad3c9740 Thread added: 0x000002a2aece88d0
Event: 9.235 Thread 0x000002a2ad3c9740 Thread added: 0x000002a2aece7bb0
Event: 9.242 Thread 0x000002a2ad3c9740 Thread added: 0x000002a2aeceb030
Event: 9.243 Thread 0x000002a2ad3c9740 Thread added: 0x000002a2aecebd50
Event: 9.243 Thread 0x000002a2ad3c9740 Thread added: 0x000002a2aeceb6c0
Event: 9.243 Thread 0x000002a2ad3c9740 Thread added: 0x000002a2aece9c80
Event: 9.244 Thread 0x000002a2ad3c9740 Thread added: 0x000002a2aece95f0
Event: 9.244 Thread 0x000002a2ad3c9740 Thread added: 0x000002a2aeced100
Event: 9.244 Thread 0x000002a2ad3c9740 Thread added: 0x000002a2aeced790
Event: 9.472 Thread 0x000002a2a759c590 Thread exited: 0x000002a2a759c590
Event: 9.653 Thread 0x000002a2a7138150 Thread added: 0x000002a2a759cc60
Event: 9.958 Thread 0x000002a2a759cc60 Thread exited: 0x000002a2a759cc60


Dynamic libraries:
0x00007ff725db0000 - 0x00007ff725dba000 	C:\Program Files\Android\Android Studio\jbr\bin\java.exe
0x00007ffbc12c0000 - 0x00007ffbc1527000 	C:\WINDOWS\SYSTEM32\ntdll.dll
0x00007ffbbf200000 - 0x00007ffbbf2c9000 	C:\WINDOWS\System32\KERNEL32.DLL
0x00007ffbbe6a0000 - 0x00007ffbbea8f000 	C:\WINDOWS\System32\KERNELBASE.dll
0x00007ffbbe4a0000 - 0x00007ffbbe5eb000 	C:\WINDOWS\System32\ucrtbase.dll
0x00007ffba7830000 - 0x00007ffba784b000 	C:\Program Files\Android\Android Studio\jbr\bin\VCRUNTIME140.dll
0x00007ffbaa890000 - 0x00007ffbaa8a8000 	C:\Program Files\Android\Android Studio\jbr\bin\jli.dll
0x00007ffbc06f0000 - 0x00007ffbc08b5000 	C:\WINDOWS\System32\USER32.dll
0x00007ffbbebd0000 - 0x00007ffbbebf7000 	C:\WINDOWS\System32\win32u.dll
0x00007ffbbf170000 - 0x00007ffbbf19b000 	C:\WINDOWS\System32\GDI32.dll
0x00007ffb96bb0000 - 0x00007ffb96e43000 	C:\WINDOWS\WinSxS\amd64_microsoft.windows.common-controls_6595b64144ccf1df_6.0.26100.7309_none_3e05feeae336a044\COMCTL32.dll
0x00007ffbbeaa0000 - 0x00007ffbbebcc000 	C:\WINDOWS\System32\gdi32full.dll
0x00007ffbbfd00000 - 0x00007ffbbfda9000 	C:\WINDOWS\System32\msvcrt.dll
0x00007ffbbe5f0000 - 0x00007ffbbe693000 	C:\WINDOWS\System32\msvcp_win.dll
0x00007ffbbff90000 - 0x00007ffbbffc1000 	C:\WINDOWS\System32\IMM32.DLL
0x00007ffbb8ad0000 - 0x00007ffbb8adc000 	C:\Program Files\Android\Android Studio\jbr\bin\vcruntime140_1.dll
0x00007ffb6fa40000 - 0x00007ffb6facd000 	C:\Program Files\Android\Android Studio\jbr\bin\msvcp140.dll
0x00007ffb3a590000 - 0x00007ffb3b226000 	C:\Program Files\Android\Android Studio\jbr\bin\server\jvm.dll
0x00007ffbc00f0000 - 0x00007ffbc01a4000 	C:\WINDOWS\System32\ADVAPI32.dll
0x00007ffbc0640000 - 0x00007ffbc06e6000 	C:\WINDOWS\System32\sechost.dll
0x00007ffbbf840000 - 0x00007ffbbf958000 	C:\WINDOWS\System32\RPCRT4.dll
0x00007ffbc0070000 - 0x00007ffbc00e4000 	C:\WINDOWS\System32\WS2_32.dll
0x00007ffbbe290000 - 0x00007ffbbe2ee000 	C:\WINDOWS\SYSTEM32\POWRPROF.dll
0x00007ffbb4440000 - 0x00007ffbb444b000 	C:\WINDOWS\SYSTEM32\VERSION.dll
0x00007ffbb4490000 - 0x00007ffbb44c5000 	C:\WINDOWS\SYSTEM32\WINMM.dll
0x00007ffbbe250000 - 0x00007ffbbe264000 	C:\WINDOWS\SYSTEM32\UMPDC.dll
0x00007ffbbd180000 - 0x00007ffbbd19b000 	C:\WINDOWS\SYSTEM32\kernel.appcore.dll
0x00007ffbabad0000 - 0x00007ffbabada000 	C:\Program Files\Android\Android Studio\jbr\bin\jimage.dll
0x00007ffbbb840000 - 0x00007ffbbba82000 	C:\WINDOWS\SYSTEM32\DBGHELP.DLL
0x00007ffbbf2d0000 - 0x00007ffbbf655000 	C:\WINDOWS\System32\combase.dll
0x00007ffbbfb10000 - 0x00007ffbbfbe6000 	C:\WINDOWS\System32\OLEAUT32.dll
0x00007ffb9d300000 - 0x00007ffb9d33c000 	C:\WINDOWS\SYSTEM32\dbgcore.DLL
0x00007ffbbec00000 - 0x00007ffbbeca5000 	C:\WINDOWS\System32\bcryptPrimitives.dll
0x00007ffbab400000 - 0x00007ffbab40e000 	C:\Program Files\Android\Android Studio\jbr\bin\instrument.dll
0x00007ffba6ed0000 - 0x00007ffba6ef0000 	C:\Program Files\Android\Android Studio\jbr\bin\java.dll
0x00007ffba6420000 - 0x00007ffba6438000 	C:\Program Files\Android\Android Studio\jbr\bin\zip.dll
0x00007ffbc0b20000 - 0x00007ffbc1273000 	C:\WINDOWS\System32\SHELL32.dll
0x00007ffbbee30000 - 0x00007ffbbef9a000 	C:\WINDOWS\System32\wintypes.dll
0x00007ffbbbfc0000 - 0x00007ffbbc81e000 	C:\WINDOWS\SYSTEM32\windows.storage.dll
0x00007ffbbfbf0000 - 0x00007ffbbfce5000 	C:\WINDOWS\System32\SHCORE.dll
0x00007ffbbfa20000 - 0x00007ffbbfa86000 	C:\WINDOWS\System32\shlwapi.dll
0x00007ffbbe330000 - 0x00007ffbbe359000 	C:\WINDOWS\SYSTEM32\profapi.dll
0x00007ffbaa8b0000 - 0x00007ffbaa8c0000 	C:\Program Files\Android\Android Studio\jbr\bin\net.dll
0x00007ffbb5a50000 - 0x00007ffbb5b78000 	C:\WINDOWS\SYSTEM32\WINHTTP.dll
0x00007ffbbd6d0000 - 0x00007ffbbd73b000 	C:\WINDOWS\system32\mswsock.dll
0x00007ffb867f0000 - 0x00007ffb86806000 	C:\Program Files\Android\Android Studio\jbr\bin\nio.dll
0x00007ffba7b80000 - 0x00007ffba7b90000 	C:\Program Files\Android\Android Studio\jbr\bin\verify.dll
0x00007ffb86510000 - 0x00007ffb86537000 	C:\Users\Meeting\.gradle\native\c067742578af261105cb4f569cf0c3c89f3d7b1fecec35dd04571415982c5e48\windows-amd64\native-platform.dll
0x00007ffb6cdc0000 - 0x00007ffb6cf04000 	C:\Users\Meeting\.gradle\native\38dada09dfb8b06ba9b0570ebf7e218e3eb74d4ef43ca46872605cf95ebc2f47\windows-amd64\native-platform-file-events.dll
0x00007ffbb6780000 - 0x00007ffbb6789000 	C:\Program Files\Android\Android Studio\jbr\bin\management.dll
0x00007ffbaa7f0000 - 0x00007ffbaa7fb000 	C:\Program Files\Android\Android Studio\jbr\bin\management_ext.dll
0x00007ffbbf060000 - 0x00007ffbbf068000 	C:\WINDOWS\System32\PSAPI.DLL
0x00007ffbbdac0000 - 0x00007ffbbdadb000 	C:\WINDOWS\SYSTEM32\CRYPTSP.dll
0x00007ffbbd0e0000 - 0x00007ffbbd11a000 	C:\WINDOWS\system32\rsaenh.dll
0x00007ffbbd780000 - 0x00007ffbbd7ab000 	C:\WINDOWS\SYSTEM32\USERENV.dll
0x00007ffbbe300000 - 0x00007ffbbe32a000 	C:\WINDOWS\SYSTEM32\bcrypt.dll
0x00007ffbbd920000 - 0x00007ffbbd92c000 	C:\WINDOWS\SYSTEM32\CRYPTBASE.dll
0x00007ffbbccb0000 - 0x00007ffbbcce4000 	C:\WINDOWS\SYSTEM32\IPHLPAPI.DLL
0x00007ffbbfcf0000 - 0x00007ffbbfcfa000 	C:\WINDOWS\System32\NSI.dll
0x00007ffbb6790000 - 0x00007ffbb6799000 	C:\Program Files\Android\Android Studio\jbr\bin\extnet.dll
0x00007ffb8d920000 - 0x00007ffb8d928000 	C:\WINDOWS\system32\wshunix.dll

JVMTI agents:
C:\Users\Meeting\.gradle\wrapper\dists\gradle-8.5-bin\5t9huq95ubn472n8rpzujfbqh\gradle-8.5\lib\agents\gradle-instrumentation-agent-8.5.jar path:C:\Program Files\Android\Android Studio\jbr\bin\instrument.dll, loaded, initialized, instrumentlib options:none

dbghelp: loaded successfully - version: 4.0.5 - missing functions: none
symbol engine: initialized successfully - sym options: 0x614 - pdb path: .;C:\Program Files\Android\Android Studio\jbr\bin;C:\WINDOWS\SYSTEM32;C:\WINDOWS\WinSxS\amd64_microsoft.windows.common-controls_6595b64144ccf1df_6.0.26100.7309_none_3e05feeae336a044;C:\Program Files\Android\Android Studio\jbr\bin\server;C:\Users\Meeting\.gradle\native\c067742578af261105cb4f569cf0c3c89f3d7b1fecec35dd04571415982c5e48\windows-amd64;C:\Users\Meeting\.gradle\native\38dada09dfb8b06ba9b0570ebf7e218e3eb74d4ef43ca46872605cf95ebc2f47\windows-amd64

VM Arguments:
jvm_args: --add-opens=java.base/java.util=ALL-UNNAMED --add-opens=java.base/java.lang=ALL-UNNAMED --add-opens=java.base/java.lang.invoke=ALL-UNNAMED --add-opens=java.prefs/java.util.prefs=ALL-UNNAMED --add-opens=java.base/java.nio.charset=ALL-UNNAMED --add-opens=java.base/java.net=ALL-UNNAMED --add-opens=java.base/java.util.concurrent.atomic=ALL-UNNAMED -Xmx2048m -Dfile.encoding=UTF-8 -Duser.country=US -Duser.language=en -Duser.variant -javaagent:C:\Users\Meeting\.gradle\wrapper\dists\gradle-8.5-bin\5t9huq95ubn472n8rpzujfbqh\gradle-8.5\lib\agents\gradle-instrumentation-agent-8.5.jar 
java_command: org.gradle.launcher.daemon.bootstrap.GradleDaemon 8.5
java_class_path (initial): C:\Users\Meeting\.gradle\wrapper\dists\gradle-8.5-bin\5t9huq95ubn472n8rpzujfbqh\gradle-8.5\lib\gradle-launcher-8.5.jar
Launcher Type: SUN_STANDARD

[Global flags]
     intx CICompilerCount                          = 4                                         {product} {ergonomic}
     uint ConcGCThreads                            = 3                                         {product} {ergonomic}
     uint G1ConcRefinementThreads                  = 10                                        {product} {ergonomic}
   size_t G1HeapRegionSize                         = 1048576                                   {product} {ergonomic}
    uintx GCDrainStackTargetSize                   = 64                                        {product} {ergonomic}
   size_t InitialHeapSize                          = 130023424                                 {product} {ergonomic}
   size_t MarkStackSize                            = 4194304                                   {product} {ergonomic}
   size_t MaxHeapSize                              = 2147483648                                {product} {command line}
   size_t MaxNewSize                               = 1287651328                                {product} {ergonomic}
   size_t MinHeapDeltaBytes                        = 1048576                                   {product} {ergonomic}
   size_t MinHeapSize                              = 8388608                                   {product} {ergonomic}
    uintx NonNMethodCodeHeapSize                   = 5839372                                {pd product} {ergonomic}
    uintx NonProfiledCodeHeapSize                  = 122909434                              {pd product} {ergonomic}
    uintx ProfiledCodeHeapSize                     = 122909434                              {pd product} {ergonomic}
    uintx ReservedCodeCacheSize                    = 251658240                              {pd product} {ergonomic}
     bool SegmentedCodeCache                       = true                                      {product} {ergonomic}
   size_t SoftMaxHeapSize                          = 2147483648                             {manageable} {ergonomic}
     bool UseCompressedOops                        = true                           {product lp64_product} {ergonomic}
     bool UseG1GC                                  = true                                      {product} {ergonomic}
     bool UseLargePagesIndividualAllocation        = false                                  {pd product} {ergonomic}

Logging:
Log output configuration:
 #0: stdout all=warning uptime,level,tags foldmultilines=false
 #1: stderr all=off uptime,level,tags foldmultilines=false

Environment Variables:
PATH=C:\WINDOWS\system32;C:\WINDOWS;C:\WINDOWS\System32\Wbem;C:\WINDOWS\System32\WindowsPowerShell\v1.0\;C:\WINDOWS\System32\OpenSSH\;C:\Program Files\nodejs\;C:\Program Files\Git\cmd;C:\Program Files\Cloudflare\Cloudflare WARP\;C:\Users\Meeting\AppData\Local\Microsoft\WindowsApps;C:\Users\Meeting\AppData\Local\Programs\Antigravity\bin;C:\Users\Meeting\AppData\Roaming\npm;C:\Users\Meeting\AppData\Local\Python\bin
USERNAME=Meeting
OS=Windows_NT
PROCESSOR_IDENTIFIER=Intel64 Family 6 Model 154 Stepping 4, GenuineIntel
TMP=C:\Users\Meeting\AppData\Local\Temp
TEMP=C:\Users\Meeting\AppData\Local\Temp




Periodic native trim disabled

JNI global refs:
JNI global refs: 26, weak refs: 0

JNI global refs memory usage: 835, weak refs: 201

Process memory usage:
Resident Set Size: 322060K (3% of 8106488K total physical memory with 501180K free physical memory)

OOME stack traces (most recent first):
Classloader memory used:
Loader org.gradle.internal.classloader.VisitableURLClassLoader                         : 32524K
Loader bootstrap                                                                       : 22909K
Loader org.gradle.initialization.MixInLegacyTypesClassLoader                           : 8306K
Loader org.gradle.internal.classloader.VisitableURLClassLoader                         : 941K
Loader org.gradle.internal.classloader.VisitableURLClassLoader$InstrumentingVisitableURLClassLoader: 723K
Loader jdk.internal.loader.ClassLoaders$PlatformClassLoader                            : 501K
Loader jdk.internal.loader.ClassLoaders$AppClassLoader                                 : 226K
Loader jdk.internal.reflect.DelegatingClassLoader                                      : 199K
Loader org.gradle.groovy.scripts.internal.DefaultScriptCompilationHandler$ScriptClassLoader: 89744B
Loader org.codehaus.groovy.runtime.callsite.CallSiteClassLoader                        : 45496B


[error occurred during error reporting (Classloader stats), id 0xe0000001, Out of Memory Error (s\src\hotspot\share\memory\arena.cpp:168)]
---------------  S Y S T E M  ---------------

OS:
 Windows 11 , 64 bit Build 26100 (10.0.26100.7309)
OS uptime: 4 days 19:21 hours
Hyper-V role detected

CPU: total 12 (initial active 12) (6 cores per cpu, 2 threads per core) family 6 model 154 stepping 4 microcode 0x424, cx8, cmov, fxsr, ht, mmx, 3dnowpref, sse, sse2, sse3, ssse3, sse4.1, sse4.2, popcnt, lzcnt, tsc, tscinvbit, avx, avx2, aes, erms, clmul, bmi1, bmi2, adx, sha, fma, vzeroupper, clflush, clflushopt, clwb, hv, serialize, rdtscp, rdpid, fsrm, f16c, cet_ibt, cet_ss
Processor Information for processor 0
  Max Mhz: 1300, Current Mhz: 1300, Mhz Limit: 1300
Processor Information for processor 1
  Max Mhz: 1300, Current Mhz: 1300, Mhz Limit: 1300
Processor Information for processor 2
  Max Mhz: 1300, Current Mhz: 1300, Mhz Limit: 1300
Processor Information for processor 3
  Max Mhz: 1300, Current Mhz: 1300, Mhz Limit: 1300
Processor Information for processor 4
  Max Mhz: 900, Current Mhz: 900, Mhz Limit: 900
Processor Information for processor 5
  Max Mhz: 900, Current Mhz: 900, Mhz Limit: 900
Processor Information for processor 6
  Max Mhz: 900, Current Mhz: 900, Mhz Limit: 900
Processor Information for processor 7
  Max Mhz: 900, Current Mhz: 900, Mhz Limit: 900
Processor Information for processor 8
  Max Mhz: 900, Current Mhz: 900, Mhz Limit: 900
Processor Information for processor 9
  Max Mhz: 900, Current Mhz: 900, Mhz Limit: 900
Processor Information for processor 10
  Max Mhz: 900, Current Mhz: 900, Mhz Limit: 900
Processor Information for processor 11
  Max Mhz: 900, Current Mhz: 900, Mhz Limit: 900

Memory: 4k page, system-wide physical 7916M (480M free)
TotalPageFile size 32492M (AvailPageFile size 0M)
current process WorkingSet (physical memory assigned to process): 314M, peak: 337M
current process commit charge ("private bytes"): 353M, peak: 376M

vm_info: OpenJDK 64-Bit Server VM (21.0.8+-14196175-b1038.72) for windows-amd64 JRE (21.0.8+-14196175-b1038.72), built on 2025-10-01T10:24:33Z by "builder" with MS VC++ 16.10 / 16.11 (VS2019)

END.
