#
# There is insufficient memory for the Java Runtime Environment to continue.
# Native memory allocation (mmap) failed to map 19922944 bytes. Error detail: G1 virtual space
# Possible reasons:
#   The system is out of physical RAM or swap space
#   This process is running with CompressedOops enabled, and the Java Heap may be blocking the growth of the native heap
# Possible solutions:
#   Reduce memory load on the system
#   Increase physical memory or swap space
#   Check if swap backing store is full
#   Decrease Java heap size (-Xmx/-Xms)
#   Decrease number of Java threads
#   Decrease Java thread stack sizes (-Xss)
#   Set larger code cache with -XX:ReservedCodeCacheSize=
#   JVM is running with Unscaled Compressed Oops mode in which the Java heap is
#     placed in the first 4GB address space. The Java Heap base address is the
#     maximum limit for the native heap growth. Please use -XX:HeapBaseMinAddress
#     to set the Java Heap base and to place the Java Heap above 4GB virtual address.
# This output file may be truncated or incomplete.
#
#  Out of Memory Error (os_windows.cpp:3925), pid=24068, tid=22948
#
# JRE version: OpenJDK Runtime Environment (21.0.8) (build 21.0.8+-14196175-b1038.72)
# Java VM: OpenJDK 64-Bit Server VM (21.0.8+-14196175-b1038.72, mixed mode, tiered, compressed oops, compressed class ptrs, g1 gc, windows-amd64)
# No core dump will be written. Minidumps are not enabled by default on client versions of Windows
#

---------------  S U M M A R Y ------------

Command Line: --add-opens=java.base/java.util=ALL-UNNAMED --add-opens=java.base/java.lang=ALL-UNNAMED --add-opens=java.base/java.lang.invoke=ALL-UNNAMED --add-opens=java.prefs/java.util.prefs=ALL-UNNAMED --add-opens=java.base/java.nio.charset=ALL-UNNAMED --add-opens=java.base/java.net=ALL-UNNAMED --add-opens=java.base/java.util.concurrent.atomic=ALL-UNNAMED -Xmx2048m -Dfile.encoding=UTF-8 -Duser.country=US -Duser.language=en -Duser.variant -javaagent:C:\Users\Meeting\.gradle\wrapper\dists\gradle-8.5-bin\5t9huq95ubn472n8rpzujfbqh\gradle-8.5\lib\agents\gradle-instrumentation-agent-8.5.jar org.gradle.launcher.daemon.bootstrap.GradleDaemon 8.5

Host: 12th Gen Intel(R) Core(TM) i5-1235U, 12 cores, 7G,  Windows 11 , 64 bit Build 26100 (10.0.26100.7309)
Time: Tue Jan  6 09:57:38 2026 India Standard Time elapsed time: 13.818905 seconds (0d 0h 0m 13s)

---------------  T H R E A D  ---------------

Current thread (0x000001bdc7010820):  VMThread "VM Thread"          [id=22948, stack(0x0000007b19600000,0x0000007b19700000) (1024K)]

Stack: [0x0000007b19600000,0x0000007b19700000]
Native frames: (J=compiled Java code, j=interpreted, Vv=VM code, C=native code)
V  [jvm.dll+0x6d68d9]
V  [jvm.dll+0x866693]
V  [jvm.dll+0x868c4e]
V  [jvm.dll+0x869333]
V  [jvm.dll+0x280566]
V  [jvm.dll+0x6d3195]
V  [jvm.dll+0x6c69ea]
V  [jvm.dll+0x3586db]
V  [jvm.dll+0x360336]
V  [jvm.dll+0x3b23f6]
V  [jvm.dll+0x3b26c8]
V  [jvm.dll+0x32ae6c]
V  [jvm.dll+0x32d806]
V  [jvm.dll+0x3376dd]
V  [jvm.dll+0x36ee15]
V  [jvm.dll+0x86f0b8]
V  [jvm.dll+0x870434]
V  [jvm.dll+0x870970]
V  [jvm.dll+0x870c03]
V  [jvm.dll+0x80eac8]
V  [jvm.dll+0x6d512d]
C  [ucrtbase.dll+0x37b0]
C  [KERNEL32.DLL+0x2e8d7]
C  [ntdll.dll+0x8c53c]

VM_Operation (0x0000007b191ff810): G1PauseRemark, mode: safepoint, requested by thread 0x000001bdab041330


---------------  P R O C E S S  ---------------

Threads class SMR info:
_java_thread_list=0x000001bdcb9693a0, length=58, elements={
0x000001bdaafd4fe0, 0x000001bdc7060520, 0x000001bdc7066500, 0x000001bdc7066f60,
0x000001bdc708aee0, 0x000001bdc708bd60, 0x000001bdc709ccf0, 0x000001bdc709d360,
0x000001bdc709e0f0, 0x000001bdc709eb90, 0x000001bdc73898b0, 0x000001bdc8d8de90,
0x000001bdc7f42c00, 0x000001bdc8f7fef0, 0x000001bdc7ecea30, 0x000001bdc8d58340,
0x000001bdc8fe3560, 0x000001bdc9024620, 0x000001bdc9023f90, 0x000001bdc9023900,
0x000001bdc9024cb0, 0x000001bdc9364190, 0x000001bdc9363470, 0x000001bdc9361a30,
0x000001bdc93620c0, 0x000001bdc9362750, 0x000001bdc9360d10, 0x000001bdc9363b00,
0x000001bdc9364820, 0x000001bdc9362de0, 0x000001bdc9366f80, 0x000001bdc9365540,
0x000001bdc93668f0, 0x000001bdc9367610, 0x000001bdc9364eb0, 0x000001bdc9367ca0,
0x000001bdc9365bd0, 0x000001bdc9368330, 0x000001bdc7ec3e00, 0x000001bdc7ec4490,
0x000001bdc7ec30e0, 0x000001bdc7ec3770, 0x000001bdc7ec4b20, 0x000001bdc7ec5ed0,
0x000001bdc7ec6bf0, 0x000001bdc7ec7fa0, 0x000001bdc7ec8630, 0x000001bdc7eca070,
0x000001bdc7ec8cc0, 0x000001bdc7ec9350, 0x000001bdc7ec99e0, 0x000001bdc86b81d0,
0x000001bdc86b8ef0, 0x000001bdc86ba2a0, 0x000001bdc86b9580, 0x000001bdc86b8860,
0x000001bdc86bafc0, 0x000001bdc86b9c10
}

Java Threads: ( => current thread )
  0x000001bdaafd4fe0 JavaThread "main"                              [_thread_blocked, id=12072, stack(0x0000007b18f00000,0x0000007b19000000) (1024K)]
  0x000001bdc7060520 JavaThread "Common-Cleaner"             daemon [_thread_blocked, id=4200, stack(0x0000007b19700000,0x0000007b19800000) (1024K)]
  0x000001bdc7066500 JavaThread "Reference Handler"          daemon [_thread_blocked, id=1648, stack(0x0000007b19800000,0x0000007b19900000) (1024K)]
  0x000001bdc7066f60 JavaThread "Finalizer"                  daemon [_thread_blocked, id=15996, stack(0x0000007b19900000,0x0000007b19a00000) (1024K)]
  0x000001bdc708aee0 JavaThread "Signal Dispatcher"          daemon [_thread_blocked, id=12168, stack(0x0000007b19a00000,0x0000007b19b00000) (1024K)]
  0x000001bdc708bd60 JavaThread "Attach Listener"            daemon [_thread_blocked, id=18456, stack(0x0000007b19b00000,0x0000007b19c00000) (1024K)]
  0x000001bdc709ccf0 JavaThread "Service Thread"             daemon [_thread_blocked, id=23620, stack(0x0000007b19c00000,0x0000007b19d00000) (1024K)]
  0x000001bdc709d360 JavaThread "Monitor Deflation Thread"   daemon [_thread_blocked, id=6292, stack(0x0000007b19d00000,0x0000007b19e00000) (1024K)]
  0x000001bdc709e0f0 JavaThread "C2 CompilerThread0"         daemon [_thread_blocked, id=5796, stack(0x0000007b19e00000,0x0000007b19f00000) (1024K)]
  0x000001bdc709eb90 JavaThread "C1 CompilerThread0"         daemon [_thread_blocked, id=16296, stack(0x0000007b19f00000,0x0000007b1a000000) (1024K)]
  0x000001bdc73898b0 JavaThread "Notification Thread"        daemon [_thread_blocked, id=24956, stack(0x0000007b1a000000,0x0000007b1a100000) (1024K)]
  0x000001bdc8d8de90 JavaThread "Daemon health stats"               [_thread_blocked, id=13112, stack(0x0000007b1a600000,0x0000007b1a700000) (1024K)]
  0x000001bdc7f42c00 JavaThread "Incoming local TCP Connector on port 60072"        [_thread_in_native, id=26160, stack(0x0000007b1a700000,0x0000007b1a800000) (1024K)]
  0x000001bdc8f7fef0 JavaThread "Daemon periodic checks"            [_thread_blocked, id=17988, stack(0x0000007b1a800000,0x0000007b1a900000) (1024K)]
  0x000001bdc7ecea30 JavaThread "Daemon"                            [_thread_blocked, id=25344, stack(0x0000007b1a900000,0x0000007b1aa00000) (1024K)]
  0x000001bdc8d58340 JavaThread "Handler for socket connection from /127.0.0.1:60072 to /127.0.0.1:60074"        [_thread_in_native, id=22444, stack(0x0000007b1aa00000,0x0000007b1ab00000) (1024K)]
  0x000001bdc8fe3560 JavaThread "Cancel handler"                    [_thread_blocked, id=18224, stack(0x0000007b1ab00000,0x0000007b1ac00000) (1024K)]
  0x000001bdc9024620 JavaThread "Daemon worker"                     [_thread_blocked, id=20280, stack(0x0000007b1ac00000,0x0000007b1ad00000) (1024K)]
  0x000001bdc9023f90 JavaThread "Asynchronous log dispatcher for DefaultDaemonConnection: socket connection from /127.0.0.1:60072 to /127.0.0.1:60074"        [_thread_blocked, id=24720, stack(0x0000007b1ad00000,0x0000007b1ae00000) (1024K)]
  0x000001bdc9023900 JavaThread "Stdin handler"                     [_thread_blocked, id=7696, stack(0x0000007b1ae00000,0x0000007b1af00000) (1024K)]
  0x000001bdc9024cb0 JavaThread "Daemon client event forwarder"        [_thread_blocked, id=12020, stack(0x0000007b1af00000,0x0000007b1b000000) (1024K)]
  0x000001bdc9364190 JavaThread "Cache worker for journal cache (C:\Users\Meeting\.gradle\caches\journal-1)"        [_thread_blocked, id=25240, stack(0x0000007b1b700000,0x0000007b1b800000) (1024K)]
  0x000001bdc9363470 JavaThread "File lock request listener"        [_thread_in_native, id=8356, stack(0x0000007b1b800000,0x0000007b1b900000) (1024K)]
  0x000001bdc9361a30 JavaThread "Cache worker for file hash cache (C:\Users\Meeting\.gradle\caches\8.5\fileHashes)"        [_thread_blocked, id=23116, stack(0x0000007b1b900000,0x0000007b1ba00000) (1024K)]
  0x000001bdc93620c0 JavaThread "File watcher server"        daemon [_thread_in_native, id=26556, stack(0x0000007b1ba00000,0x0000007b1bb00000) (1024K)]
  0x000001bdc9362750 JavaThread "File watcher consumer"      daemon [_thread_blocked, id=9612, stack(0x0000007b1bb00000,0x0000007b1bc00000) (1024K)]
  0x000001bdc9360d10 JavaThread "jar transforms"                    [_thread_blocked, id=5828, stack(0x0000007b1bc00000,0x0000007b1bd00000) (1024K)]
  0x000001bdc9363b00 JavaThread "jar transforms Thread 2"           [_thread_blocked, id=20632, stack(0x0000007b1bd00000,0x0000007b1be00000) (1024K)]
  0x000001bdc9364820 JavaThread "jar transforms Thread 3"           [_thread_blocked, id=24968, stack(0x0000007b1be00000,0x0000007b1bf00000) (1024K)]
  0x000001bdc9362de0 JavaThread "jar transforms Thread 4"           [_thread_blocked, id=18588, stack(0x0000007b1bf00000,0x0000007b1c000000) (1024K)]
  0x000001bdc9366f80 JavaThread "jar transforms Thread 5"           [_thread_blocked, id=21700, stack(0x0000007b1c000000,0x0000007b1c100000) (1024K)]
  0x000001bdc9365540 JavaThread "jar transforms Thread 6"           [_thread_blocked, id=14692, stack(0x0000007b1c100000,0x0000007b1c200000) (1024K)]
  0x000001bdc93668f0 JavaThread "jar transforms Thread 7"           [_thread_blocked, id=9164, stack(0x0000007b1c200000,0x0000007b1c300000) (1024K)]
  0x000001bdc9367610 JavaThread "jar transforms Thread 8"           [_thread_blocked, id=20504, stack(0x0000007b1c300000,0x0000007b1c400000) (1024K)]
  0x000001bdc9364eb0 JavaThread "jar transforms Thread 9"           [_thread_blocked, id=2740, stack(0x0000007b1c400000,0x0000007b1c500000) (1024K)]
  0x000001bdc9367ca0 JavaThread "jar transforms Thread 10"          [_thread_blocked, id=1976, stack(0x0000007b1c500000,0x0000007b1c600000) (1024K)]
  0x000001bdc9365bd0 JavaThread "jar transforms Thread 11"          [_thread_blocked, id=17380, stack(0x0000007b1c600000,0x0000007b1c700000) (1024K)]
  0x000001bdc9368330 JavaThread "jar transforms Thread 12"          [_thread_blocked, id=21452, stack(0x0000007b1c700000,0x0000007b1c800000) (1024K)]
  0x000001bdc7ec3e00 JavaThread "Cache worker for checksums cache (C:\Users\Meeting\Desktop\CHATPDF\.gradle\8.5\checksums)"        [_thread_blocked, id=2536, stack(0x0000007b1c800000,0x0000007b1c900000) (1024K)]
  0x000001bdc7ec4490 JavaThread "Cache worker for file hash cache (C:\Users\Meeting\Desktop\CHATPDF\.gradle\8.5\fileHashes)"        [_thread_blocked, id=13560, stack(0x0000007b1c900000,0x0000007b1ca00000) (1024K)]
  0x000001bdc7ec30e0 JavaThread "Cache worker for cache directory md-supplier (C:\Users\Meeting\.gradle\caches\8.5\md-supplier)"        [_thread_blocked, id=16612, stack(0x0000007b1ca00000,0x0000007b1cb00000) (1024K)]
  0x000001bdc7ec3770 JavaThread "Cache worker for cache directory md-rule (C:\Users\Meeting\.gradle\caches\8.5\md-rule)"        [_thread_blocked, id=11000, stack(0x0000007b1cb00000,0x0000007b1cc00000) (1024K)]
  0x000001bdc7ec4b20 JavaThread "Cache worker for file content cache (C:\Users\Meeting\.gradle\caches\8.5\fileContent)"        [_thread_blocked, id=14736, stack(0x0000007b1cc00000,0x0000007b1cd00000) (1024K)]
  0x000001bdc7ec5ed0 JavaThread "Cache worker for execution history cache (C:\Users\Meeting\.gradle\caches\8.5\executionHistory)"        [_thread_blocked, id=13336, stack(0x0000007b1cd00000,0x0000007b1ce00000) (1024K)]
  0x000001bdc7ec6bf0 JavaThread "Cache worker for kotlin-dsl (C:\Users\Meeting\.gradle\caches\8.5\kotlin-dsl)"        [_thread_blocked, id=25220, stack(0x0000007b1ce00000,0x0000007b1cf00000) (1024K)]
  0x000001bdc7ec7fa0 JavaThread "Cache worker for dependencies-accessors (C:\Users\Meeting\Desktop\CHATPDF\.gradle\8.5\dependencies-accessors)"        [_thread_blocked, id=23360, stack(0x0000007b1cf00000,0x0000007b1d000000) (1024K)]
  0x000001bdc7ec8630 JavaThread "Cache worker for Build Output Cleanup Cache (C:\Users\Meeting\Desktop\CHATPDF\.gradle\buildOutputCleanup)"        [_thread_blocked, id=17468, stack(0x0000007b1d000000,0x0000007b1d100000) (1024K)]
  0x000001bdc7eca070 JavaThread "Unconstrained build operations"        [_thread_blocked, id=8188, stack(0x0000007b1d200000,0x0000007b1d300000) (1024K)]
  0x000001bdc7ec8cc0 JavaThread "Unconstrained build operations Thread 2"        [_thread_blocked, id=1908, stack(0x0000007b1d300000,0x0000007b1d400000) (1024K)]
  0x000001bdc7ec9350 JavaThread "Unconstrained build operations Thread 3"        [_thread_blocked, id=24924, stack(0x0000007b1d400000,0x0000007b1d500000) (1024K)]
  0x000001bdc7ec99e0 JavaThread "Unconstrained build operations Thread 4"        [_thread_blocked, id=5972, stack(0x0000007b1d500000,0x0000007b1d600000) (1024K)]
  0x000001bdc86b81d0 JavaThread "Unconstrained build operations Thread 5"        [_thread_blocked, id=26304, stack(0x0000007b1d600000,0x0000007b1d700000) (1024K)]
  0x000001bdc86b8ef0 JavaThread "Unconstrained build operations Thread 6"        [_thread_blocked, id=1348, stack(0x0000007b1d700000,0x0000007b1d800000) (1024K)]
  0x000001bdc86ba2a0 JavaThread "Unconstrained build operations Thread 7"        [_thread_blocked, id=11692, stack(0x0000007b1d800000,0x0000007b1d900000) (1024K)]
  0x000001bdc86b9580 JavaThread "Unconstrained build operations Thread 8"        [_thread_blocked, id=23752, stack(0x0000007b1d900000,0x0000007b1da00000) (1024K)]
  0x000001bdc86b8860 JavaThread "Unconstrained build operations Thread 9"        [_thread_blocked, id=16872, stack(0x0000007b1da00000,0x0000007b1db00000) (1024K)]
  0x000001bdc86bafc0 JavaThread "Unconstrained build operations Thread 10"        [_thread_blocked, id=24136, stack(0x0000007b1db00000,0x0000007b1dc00000) (1024K)]
  0x000001bdc86b9c10 JavaThread "Unconstrained build operations Thread 11"        [_thread_blocked, id=1240, stack(0x0000007b1dc00000,0x0000007b1dd00000) (1024K)]
Total: 58

Other Threads:
=>0x000001bdc7010820 VMThread "VM Thread"                           [id=22948, stack(0x0000007b19600000,0x0000007b19700000) (1024K)]
  0x000001bdc2a9a520 WatcherThread "VM Periodic Task Thread"        [id=14524, stack(0x0000007b19500000,0x0000007b19600000) (1024K)]
  0x000001bdab030440 WorkerThread "GC Thread#0"                     [id=14780, stack(0x0000007b19000000,0x0000007b19100000) (1024K)]
  0x000001bdc800adc0 WorkerThread "GC Thread#1"                     [id=9760, stack(0x0000007b1a200000,0x0000007b1a300000) (1024K)]
  0x000001bdc7d4ff30 WorkerThread "GC Thread#2"                     [id=24028, stack(0x0000007b1a300000,0x0000007b1a400000) (1024K)]
  0x000001bdc8264ba0 WorkerThread "GC Thread#3"                     [id=11816, stack(0x0000007b1a400000,0x0000007b1a500000) (1024K)]
  0x000001bdc7949dd0 WorkerThread "GC Thread#4"                     [id=10076, stack(0x0000007b1a500000,0x0000007b1a600000) (1024K)]
  0x000001bdc90c4ef0 WorkerThread "GC Thread#5"                     [id=22448, stack(0x0000007b1b000000,0x0000007b1b100000) (1024K)]
  0x000001bdc90c5290 WorkerThread "GC Thread#6"                     [id=13808, stack(0x0000007b1b100000,0x0000007b1b200000) (1024K)]
  0x000001bdc900dd60 WorkerThread "GC Thread#7"                     [id=16440, stack(0x0000007b1b200000,0x0000007b1b300000) (1024K)]
  0x000001bdc900e100 WorkerThread "GC Thread#8"                     [id=6712, stack(0x0000007b1b300000,0x0000007b1b400000) (1024K)]
  0x000001bdc90b1170 WorkerThread "GC Thread#9"                     [id=24648, stack(0x0000007b1b400000,0x0000007b1b500000) (1024K)]
  0x000001bdab041330 ConcurrentGCThread "G1 Main Marker"            [id=4944, stack(0x0000007b19100000,0x0000007b19200000) (1024K)]
  0x000001bdab042b80 WorkerThread "G1 Conc#0"                       [id=16512, stack(0x0000007b19200000,0x0000007b19300000) (1024K)]
  0x000001bdc90b0dd0 WorkerThread "G1 Conc#1"                       [id=15504, stack(0x0000007b1b500000,0x0000007b1b600000) (1024K)]
  0x000001bdc90b1510 WorkerThread "G1 Conc#2"                       [id=10104, stack(0x0000007b1b600000,0x0000007b1b700000) (1024K)]
  0x000001bdab09ea80 ConcurrentGCThread "G1 Refine#0"               [id=15976, stack(0x0000007b19300000,0x0000007b19400000) (1024K)]
  0x000001bdc296c540 ConcurrentGCThread "G1 Service"                [id=14012, stack(0x0000007b19400000,0x0000007b19500000) (1024K)]
Total: 18

Threads with active compile tasks:
Total: 0

VM state: at safepoint (normal execution)

VM Mutex/Monitor currently owned by a thread:  ([mutex/lock_event])
[0x00007ffb3b1485b8] Threads_lock - owner thread: 0x000001bdc7010820
[0x00007ffb3b1486b8] Heap_lock - owner thread: 0x000001bdab041330

Heap address: 0x0000000080000000, size: 2048 MB, Compressed Oops mode: 32-bit

CDS archive(s) not mapped
Compressed class space mapped at: 0x0000000100000000-0x0000000140000000, reserved size: 1073741824
Narrow klass base: 0x0000000000000000, Narrow klass shift: 3, Narrow klass range: 0x140000000

GC Precious Log:
 CardTable entry size: 512
 Card Set container configuration: InlinePtr #cards 5 size 8 Array Of Cards #cards 12 size 40 Howl #buckets 4 coarsen threshold 1843 Howl Bitmap #cards 512 size 80 coarsen threshold 460 Card regions per heap region 1 cards per card region 2048
 CPUs: 12 total, 12 available
 Memory: 7916M
 Large Page Support: Disabled
 NUMA Support: Disabled
 Compressed Oops: Enabled (32-bit)
 Heap Region Size: 1M
 Heap Min Capacity: 8M
 Heap Initial Capacity: 124M
 Heap Max Capacity: 2G
 Pre-touch: Disabled
 Parallel Workers: 10
 Concurrent Workers: 3
 Concurrent Refinement Workers: 10
 Periodic GC: Disabled

Heap:
 garbage-first heap   total 148480K, used 99005K [0x0000000080000000, 0x0000000100000000)
  region size 1024K, 3 young (3072K), 2 survivors (2048K)
 Metaspace       used 79813K, committed 81536K, reserved 1179648K
  class space    used 11050K, committed 11840K, reserved 1048576K

Heap Regions: E=young(eden), S=young(survivor), O=old, HS=humongous(starts), HC=humongous(continues), CS=collection set, F=free, TAMS=top-at-mark-start, PB=parsable bottom
|   0|0x0000000080000000, 0x0000000080100000, 0x0000000080100000|100%|HS|  |TAMS 0x0000000080100000| PB 0x0000000080000000| Complete 
|   1|0x0000000080100000, 0x0000000080200000, 0x0000000080200000|100%|HC|  |TAMS 0x0000000080200000| PB 0x0000000080100000| Complete 
|   2|0x0000000080200000, 0x0000000080300000, 0x0000000080300000|100%|HC|  |TAMS 0x0000000080300000| PB 0x0000000080200000| Complete 
|   3|0x0000000080300000, 0x0000000080400000, 0x0000000080400000|100%|HC|  |TAMS 0x0000000080400000| PB 0x0000000080300000| Complete 
|   4|0x0000000080400000, 0x0000000080500000, 0x0000000080500000|100%| O|  |TAMS 0x0000000080500000| PB 0x0000000080500000| Untracked 
|   5|0x0000000080500000, 0x0000000080600000, 0x0000000080600000|100%| O|  |TAMS 0x0000000080600000| PB 0x0000000080600000| Untracked 
|   6|0x0000000080600000, 0x0000000080700000, 0x0000000080700000|100%| O|  |TAMS 0x0000000080700000| PB 0x0000000080700000| Untracked 
|   7|0x0000000080700000, 0x0000000080800000, 0x0000000080800000|100%| O|  |TAMS 0x0000000080800000| PB 0x0000000080800000| Updating 
|   8|0x0000000080800000, 0x0000000080900000, 0x0000000080900000|100%| O|  |TAMS 0x0000000080900000| PB 0x0000000080900000| Untracked 
|   9|0x0000000080900000, 0x0000000080a00000, 0x0000000080a00000|100%| O|  |TAMS 0x0000000080a00000| PB 0x0000000080a00000| Untracked 
|  10|0x0000000080a00000, 0x0000000080b00000, 0x0000000080b00000|100%| O|  |TAMS 0x0000000080b00000| PB 0x0000000080b00000| Untracked 
|  11|0x0000000080b00000, 0x0000000080c00000, 0x0000000080c00000|100%|HS|  |TAMS 0x0000000080c00000| PB 0x0000000080b00000| Complete 
|  12|0x0000000080c00000, 0x0000000080d00000, 0x0000000080d00000|100%|HC|  |TAMS 0x0000000080d00000| PB 0x0000000080c00000| Complete 
|  13|0x0000000080d00000, 0x0000000080e00000, 0x0000000080e00000|100%|HC|  |TAMS 0x0000000080e00000| PB 0x0000000080d00000| Complete 
|  14|0x0000000080e00000, 0x0000000080f00000, 0x0000000080f00000|100%|HC|  |TAMS 0x0000000080f00000| PB 0x0000000080e00000| Complete 
|  15|0x0000000080f00000, 0x0000000081000000, 0x0000000081000000|100%|HC|  |TAMS 0x0000000081000000| PB 0x0000000080f00000| Complete 
|  16|0x0000000081000000, 0x0000000081100000, 0x0000000081100000|100%|HC|  |TAMS 0x0000000081100000| PB 0x0000000081000000| Complete 
|  17|0x0000000081100000, 0x0000000081200000, 0x0000000081200000|100%|HS|  |TAMS 0x0000000081200000| PB 0x0000000081100000| Complete 
|  18|0x0000000081200000, 0x0000000081300000, 0x0000000081300000|100%|HS|  |TAMS 0x0000000081300000| PB 0x0000000081200000| Complete 
|  19|0x0000000081300000, 0x0000000081400000, 0x0000000081400000|100%|HC|  |TAMS 0x0000000081400000| PB 0x0000000081300000| Complete 
|  20|0x0000000081400000, 0x0000000081500000, 0x0000000081500000|100%|HS|  |TAMS 0x0000000081500000| PB 0x0000000081400000| Complete 
|  21|0x0000000081500000, 0x0000000081600000, 0x0000000081600000|100%|HC|  |TAMS 0x0000000081600000| PB 0x0000000081500000| Complete 
|  22|0x0000000081600000, 0x0000000081700000, 0x0000000081700000|100%|HC|  |TAMS 0x0000000081700000| PB 0x0000000081600000| Complete 
|  23|0x0000000081700000, 0x0000000081800000, 0x0000000081800000|100%|HC|  |TAMS 0x0000000081800000| PB 0x0000000081700000| Complete 
|  24|0x0000000081800000, 0x0000000081900000, 0x0000000081900000|100%|HS|  |TAMS 0x0000000081900000| PB 0x0000000081800000| Complete 
|  25|0x0000000081900000, 0x0000000081a00000, 0x0000000081a00000|100%|HS|  |TAMS 0x0000000081a00000| PB 0x0000000081900000| Complete 
|  26|0x0000000081a00000, 0x0000000081b00000, 0x0000000081b00000|100%|HS|  |TAMS 0x0000000081b00000| PB 0x0000000081a00000| Complete 
|  27|0x0000000081b00000, 0x0000000081c00000, 0x0000000081c00000|100%|HC|  |TAMS 0x0000000081c00000| PB 0x0000000081b00000| Complete 
|  28|0x0000000081c00000, 0x0000000081d00000, 0x0000000081d00000|100%| O|  |TAMS 0x0000000081d00000| PB 0x0000000081d00000| Untracked 
|  29|0x0000000081d00000, 0x0000000081e00000, 0x0000000081e00000|100%|HS|  |TAMS 0x0000000081e00000| PB 0x0000000081d00000| Complete 
|  30|0x0000000081e00000, 0x0000000081f00000, 0x0000000081f00000|100%| O|  |TAMS 0x0000000081f00000| PB 0x0000000081f00000| Untracked 
|  31|0x0000000081f00000, 0x0000000082000000, 0x0000000082000000|100%| O|  |TAMS 0x0000000082000000| PB 0x0000000082000000| Untracked 
|  32|0x0000000082000000, 0x0000000082100000, 0x0000000082100000|100%| O|  |TAMS 0x0000000082000000| PB 0x0000000082000000| Untracked 
|  33|0x0000000082100000, 0x0000000082200000, 0x0000000082200000|100%|HS|  |TAMS 0x0000000082200000| PB 0x0000000082100000| Complete 
|  34|0x0000000082200000, 0x0000000082300000, 0x0000000082300000|100%|HC|  |TAMS 0x0000000082300000| PB 0x0000000082200000| Complete 
|  35|0x0000000082300000, 0x0000000082400000, 0x0000000082400000|100%|HC|  |TAMS 0x0000000082400000| PB 0x0000000082300000| Complete 
|  36|0x0000000082400000, 0x0000000082500000, 0x0000000082500000|100%|HC|  |TAMS 0x0000000082500000| PB 0x0000000082400000| Complete 
|  37|0x0000000082500000, 0x0000000082600000, 0x0000000082600000|100%| O|  |TAMS 0x0000000082600000| PB 0x0000000082600000| Updating 
|  38|0x0000000082600000, 0x0000000082700000, 0x0000000082700000|100%| O|  |TAMS 0x0000000082700000| PB 0x0000000082700000| Untracked 
|  39|0x0000000082700000, 0x0000000082800000, 0x0000000082800000|100%| O|  |TAMS 0x0000000082800000| PB 0x0000000082800000| Untracked 
|  40|0x0000000082800000, 0x0000000082900000, 0x0000000082900000|100%| O|  |TAMS 0x0000000082900000| PB 0x0000000082900000| Untracked 
|  41|0x0000000082900000, 0x0000000082a00000, 0x0000000082a00000|100%| O|  |TAMS 0x0000000082a00000| PB 0x0000000082a00000| Untracked 
|  42|0x0000000082a00000, 0x0000000082b00000, 0x0000000082b00000|100%| O|  |TAMS 0x0000000082b00000| PB 0x0000000082b00000| Updating 
|  43|0x0000000082b00000, 0x0000000082c00000, 0x0000000082c00000|100%| O|  |TAMS 0x0000000082c00000| PB 0x0000000082c00000| Untracked 
|  44|0x0000000082c00000, 0x0000000082d00000, 0x0000000082d00000|100%| O|  |TAMS 0x0000000082d00000| PB 0x0000000082d00000| Updating 
|  45|0x0000000082d00000, 0x0000000082e00000, 0x0000000082e00000|100%| O|  |TAMS 0x0000000082e00000| PB 0x0000000082e00000| Untracked 
|  46|0x0000000082e00000, 0x0000000082f00000, 0x0000000082f00000|100%| O|  |TAMS 0x0000000082f00000| PB 0x0000000082f00000| Untracked 
|  47|0x0000000082f00000, 0x0000000083000000, 0x0000000083000000|100%| O|  |TAMS 0x0000000083000000| PB 0x0000000083000000| Untracked 
|  48|0x0000000083000000, 0x0000000083100000, 0x0000000083100000|100%| O|  |TAMS 0x0000000083100000| PB 0x0000000083100000| Untracked 
|  49|0x0000000083100000, 0x0000000083200000, 0x0000000083200000|100%|HS|  |TAMS 0x0000000083200000| PB 0x0000000083100000| Complete 
|  50|0x0000000083200000, 0x0000000083300000, 0x0000000083300000|100%| O|  |TAMS 0x0000000083300000| PB 0x0000000083300000| Untracked 
|  51|0x0000000083300000, 0x0000000083400000, 0x0000000083400000|100%| O|  |TAMS 0x0000000083400000| PB 0x0000000083400000| Untracked 
|  52|0x0000000083400000, 0x0000000083500000, 0x0000000083500000|100%| O|  |TAMS 0x0000000083500000| PB 0x0000000083500000| Updating 
|  53|0x0000000083500000, 0x0000000083600000, 0x0000000083600000|100%|HS|  |TAMS 0x0000000083600000| PB 0x0000000083500000| Complete 
|  54|0x0000000083600000, 0x0000000083700000, 0x0000000083700000|100%|HC|  |TAMS 0x0000000083700000| PB 0x0000000083600000| Complete 
|  55|0x0000000083700000, 0x0000000083800000, 0x0000000083800000|100%|HC|  |TAMS 0x0000000083800000| PB 0x0000000083700000| Complete 
|  56|0x0000000083800000, 0x0000000083900000, 0x0000000083900000|100%|HC|  |TAMS 0x0000000083900000| PB 0x0000000083800000| Complete 
|  57|0x0000000083900000, 0x0000000083a00000, 0x0000000083a00000|100%|HC|  |TAMS 0x0000000083a00000| PB 0x0000000083900000| Complete 
|  58|0x0000000083a00000, 0x0000000083b00000, 0x0000000083b00000|100%|HC|  |TAMS 0x0000000083b00000| PB 0x0000000083a00000| Complete 
|  59|0x0000000083b00000, 0x0000000083c00000, 0x0000000083c00000|100%| O|  |TAMS 0x0000000083c00000| PB 0x0000000083c00000| Untracked 
|  60|0x0000000083c00000, 0x0000000083d00000, 0x0000000083d00000|100%|HS|  |TAMS 0x0000000083d00000| PB 0x0000000083c00000| Complete 
|  61|0x0000000083d00000, 0x0000000083e00000, 0x0000000083e00000|100%|HC|  |TAMS 0x0000000083e00000| PB 0x0000000083d00000| Complete 
|  62|0x0000000083e00000, 0x0000000083f00000, 0x0000000083f00000|100%|HC|  |TAMS 0x0000000083f00000| PB 0x0000000083e00000| Complete 
|  63|0x0000000083f00000, 0x0000000084000000, 0x0000000084000000|100%|HC|  |TAMS 0x0000000084000000| PB 0x0000000083f00000| Complete 
|  64|0x0000000084000000, 0x0000000084100000, 0x0000000084100000|100%|HC|  |TAMS 0x0000000084100000| PB 0x0000000084000000| Complete 
|  65|0x0000000084100000, 0x0000000084200000, 0x0000000084200000|100%|HC|  |TAMS 0x0000000084200000| PB 0x0000000084100000| Complete 
|  66|0x0000000084200000, 0x0000000084300000, 0x0000000084300000|100%| O|  |TAMS 0x0000000084300000| PB 0x0000000084300000| Updating 
|  67|0x0000000084300000, 0x0000000084400000, 0x0000000084400000|100%| O|  |TAMS 0x0000000084400000| PB 0x0000000084400000| Untracked 
|  68|0x0000000084400000, 0x0000000084500000, 0x0000000084500000|100%| O|  |TAMS 0x0000000084500000| PB 0x0000000084500000| Untracked 
|  69|0x0000000084500000, 0x0000000084600000, 0x0000000084600000|100%| O|  |TAMS 0x0000000084600000| PB 0x0000000084600000| Untracked 
|  70|0x0000000084600000, 0x0000000084700000, 0x0000000084700000|100%| O|  |TAMS 0x0000000084700000| PB 0x0000000084700000| Updating 
|  71|0x0000000084700000, 0x0000000084800000, 0x0000000084800000|100%| O|  |TAMS 0x0000000084800000| PB 0x0000000084800000| Untracked 
|  72|0x0000000084800000, 0x0000000084900000, 0x0000000084900000|100%| O|  |TAMS 0x0000000084900000| PB 0x0000000084900000| Untracked 
|  73|0x0000000084900000, 0x0000000084a00000, 0x0000000084a00000|100%| O|  |TAMS 0x0000000084a00000| PB 0x0000000084a00000| Updating 
|  74|0x0000000084a00000, 0x0000000084b00000, 0x0000000084b00000|100%| O|  |TAMS 0x0000000084b00000| PB 0x0000000084b00000| Untracked 
|  75|0x0000000084b00000, 0x0000000084c00000, 0x0000000084c00000|100%| O|  |TAMS 0x0000000084c00000| PB 0x0000000084c00000| Untracked 
|  76|0x0000000084c00000, 0x0000000084d00000, 0x0000000084d00000|100%| O|  |TAMS 0x0000000084d00000| PB 0x0000000084d00000| Untracked 
|  77|0x0000000084d00000, 0x0000000084e00000, 0x0000000084e00000|100%| O|  |TAMS 0x0000000084e00000| PB 0x0000000084e00000| Untracked 
|  78|0x0000000084e00000, 0x0000000084f00000, 0x0000000084f00000|100%| O|  |TAMS 0x0000000084f00000| PB 0x0000000084f00000| Untracked 
|  79|0x0000000084f00000, 0x0000000085000000, 0x0000000085000000|100%| O|  |TAMS 0x0000000085000000| PB 0x0000000085000000| Updating 
|  80|0x0000000085000000, 0x0000000085100000, 0x0000000085100000|100%| O|  |TAMS 0x0000000085000000| PB 0x0000000085000000| Untracked 
|  81|0x0000000085100000, 0x0000000085200000, 0x0000000085200000|100%| O|  |TAMS 0x0000000085100000| PB 0x0000000085100000| Untracked 
|  82|0x0000000085200000, 0x0000000085300000, 0x0000000085300000|100%| O|  |TAMS 0x0000000085200000| PB 0x0000000085200000| Untracked 
|  83|0x0000000085300000, 0x0000000085400000, 0x0000000085400000|100%|HS|  |TAMS 0x0000000085300000| PB 0x0000000085300000| Complete 
|  84|0x0000000085400000, 0x000000008545b608, 0x0000000085500000| 35%| O|  |TAMS 0x0000000085400000| PB 0x0000000085400000| Updating 
|  85|0x0000000085500000, 0x0000000085600000, 0x0000000085600000|100%|HS|  |TAMS 0x0000000085500000| PB 0x0000000085500000| Complete 
|  86|0x0000000085600000, 0x0000000085600000, 0x0000000085700000|  0%| F|  |TAMS 0x0000000085600000| PB 0x0000000085600000| Untracked 
|  87|0x0000000085700000, 0x0000000085700000, 0x0000000085800000|  0%| F|  |TAMS 0x0000000085700000| PB 0x0000000085700000| Untracked 
|  88|0x0000000085800000, 0x0000000085800000, 0x0000000085900000|  0%| F|  |TAMS 0x0000000085800000| PB 0x0000000085800000| Untracked 
|  89|0x0000000085900000, 0x0000000085900000, 0x0000000085a00000|  0%| F|  |TAMS 0x0000000085900000| PB 0x0000000085900000| Untracked 
|  90|0x0000000085a00000, 0x0000000085a00000, 0x0000000085b00000|  0%| F|  |TAMS 0x0000000085a00000| PB 0x0000000085a00000| Untracked 
|  91|0x0000000085b00000, 0x0000000085b00000, 0x0000000085c00000|  0%| F|  |TAMS 0x0000000085b00000| PB 0x0000000085b00000| Untracked 
|  92|0x0000000085c00000, 0x0000000085c00000, 0x0000000085d00000|  0%| F|  |TAMS 0x0000000085c00000| PB 0x0000000085c00000| Untracked 
|  93|0x0000000085d00000, 0x0000000085d00000, 0x0000000085e00000|  0%| F|  |TAMS 0x0000000085d00000| PB 0x0000000085d00000| Untracked 
|  94|0x0000000085e00000, 0x0000000085e00000, 0x0000000085f00000|  0%| F|  |TAMS 0x0000000085e00000| PB 0x0000000085e00000| Untracked 
|  95|0x0000000085f00000, 0x0000000085f00000, 0x0000000086000000|  0%| F|  |TAMS 0x0000000085f00000| PB 0x0000000085f00000| Untracked 
|  96|0x0000000086000000, 0x0000000086000000, 0x0000000086100000|  0%| F|  |TAMS 0x0000000086000000| PB 0x0000000086000000| Untracked 
|  97|0x0000000086100000, 0x0000000086100000, 0x0000000086200000|  0%| F|  |TAMS 0x0000000086100000| PB 0x0000000086100000| Untracked 
|  98|0x0000000086200000, 0x0000000086200000, 0x0000000086300000|  0%| F|  |TAMS 0x0000000086200000| PB 0x0000000086200000| Untracked 
|  99|0x0000000086300000, 0x0000000086300000, 0x0000000086400000|  0%| F|  |TAMS 0x0000000086300000| PB 0x0000000086300000| Untracked 
| 100|0x0000000086400000, 0x0000000086400000, 0x0000000086500000|  0%| F|  |TAMS 0x0000000086400000| PB 0x0000000086400000| Untracked 
| 101|0x0000000086500000, 0x0000000086500000, 0x0000000086600000|  0%| F|  |TAMS 0x0000000086500000| PB 0x0000000086500000| Untracked 
| 102|0x0000000086600000, 0x0000000086600000, 0x0000000086700000|  0%| F|  |TAMS 0x0000000086600000| PB 0x0000000086600000| Untracked 
| 103|0x0000000086700000, 0x0000000086700000, 0x0000000086800000|  0%| F|  |TAMS 0x0000000086700000| PB 0x0000000086700000| Untracked 
| 104|0x0000000086800000, 0x0000000086800000, 0x0000000086900000|  0%| F|  |TAMS 0x0000000086800000| PB 0x0000000086800000| Untracked 
| 105|0x0000000086900000, 0x0000000086900000, 0x0000000086a00000|  0%| F|  |TAMS 0x0000000086900000| PB 0x0000000086900000| Untracked 
| 106|0x0000000086a00000, 0x0000000086a00000, 0x0000000086b00000|  0%| F|  |TAMS 0x0000000086a00000| PB 0x0000000086a00000| Untracked 
| 107|0x0000000086b00000, 0x0000000086b00000, 0x0000000086c00000|  0%| F|  |TAMS 0x0000000086b00000| PB 0x0000000086b00000| Untracked 
| 108|0x0000000086c00000, 0x0000000086c00000, 0x0000000086d00000|  0%| F|  |TAMS 0x0000000086c00000| PB 0x0000000086c00000| Untracked 
| 109|0x0000000086d00000, 0x0000000086d00000, 0x0000000086e00000|  0%| F|  |TAMS 0x0000000086d00000| PB 0x0000000086d00000| Untracked 
| 110|0x0000000086e00000, 0x0000000086e00000, 0x0000000086f00000|  0%| F|  |TAMS 0x0000000086e00000| PB 0x0000000086e00000| Untracked 
| 111|0x0000000086f00000, 0x0000000086f00000, 0x0000000087000000|  0%| F|  |TAMS 0x0000000086f00000| PB 0x0000000086f00000| Untracked 
| 112|0x0000000087000000, 0x0000000087053e60, 0x0000000087100000| 32%| S|CS|TAMS 0x0000000087000000| PB 0x0000000087000000| Complete 
| 113|0x0000000087100000, 0x0000000087200000, 0x0000000087200000|100%| S|CS|TAMS 0x0000000087100000| PB 0x0000000087100000| Complete 
| 114|0x0000000087200000, 0x0000000087200000, 0x0000000087300000|  0%| F|  |TAMS 0x0000000087200000| PB 0x0000000087200000| Untracked 
| 115|0x0000000087300000, 0x0000000087300000, 0x0000000087400000|  0%| F|  |TAMS 0x0000000087300000| PB 0x0000000087300000| Untracked 
| 116|0x0000000087400000, 0x0000000087400000, 0x0000000087500000|  0%| F|  |TAMS 0x0000000087400000| PB 0x0000000087400000| Untracked 
| 117|0x0000000087500000, 0x0000000087500000, 0x0000000087600000|  0%| F|  |TAMS 0x0000000087500000| PB 0x0000000087500000| Untracked 
| 118|0x0000000087600000, 0x0000000087600000, 0x0000000087700000|  0%| F|  |TAMS 0x0000000087600000| PB 0x0000000087600000| Untracked 
| 119|0x0000000087700000, 0x0000000087700000, 0x0000000087800000|  0%| F|  |TAMS 0x0000000087700000| PB 0x0000000087700000| Untracked 
| 120|0x0000000087800000, 0x0000000087800000, 0x0000000087900000|  0%| F|  |TAMS 0x0000000087800000| PB 0x0000000087800000| Untracked 
| 121|0x0000000087900000, 0x0000000087900000, 0x0000000087a00000|  0%| F|  |TAMS 0x0000000087900000| PB 0x0000000087900000| Untracked 
| 122|0x0000000087a00000, 0x0000000087a00000, 0x0000000087b00000|  0%| F|  |TAMS 0x0000000087a00000| PB 0x0000000087a00000| Untracked 
| 123|0x0000000087b00000, 0x0000000087b00000, 0x0000000087c00000|  0%| F|  |TAMS 0x0000000087b00000| PB 0x0000000087b00000| Untracked 
| 124|0x0000000087c00000, 0x0000000087c00000, 0x0000000087d00000|  0%| F|  |TAMS 0x0000000087c00000| PB 0x0000000087c00000| Untracked 
| 125|0x0000000087d00000, 0x0000000087d00000, 0x0000000087e00000|  0%| F|  |TAMS 0x0000000087d00000| PB 0x0000000087d00000| Untracked 
| 126|0x0000000087e00000, 0x0000000087e00000, 0x0000000087f00000|  0%| F|  |TAMS 0x0000000087e00000| PB 0x0000000087e00000| Untracked 
| 127|0x0000000087f00000, 0x0000000087f00000, 0x0000000088000000|  0%| F|  |TAMS 0x0000000087f00000| PB 0x0000000087f00000| Untracked 
| 128|0x0000000088000000, 0x0000000088000000, 0x0000000088100000|  0%| F|  |TAMS 0x0000000088000000| PB 0x0000000088000000| Untracked 
| 129|0x0000000088100000, 0x0000000088100000, 0x0000000088200000|  0%| F|  |TAMS 0x0000000088100000| PB 0x0000000088100000| Untracked 
| 130|0x0000000088200000, 0x0000000088200000, 0x0000000088300000|  0%| F|  |TAMS 0x0000000088200000| PB 0x0000000088200000| Untracked 
| 131|0x0000000088300000, 0x0000000088300000, 0x0000000088400000|  0%| F|  |TAMS 0x0000000088300000| PB 0x0000000088300000| Untracked 
|2035|0x00000000ff300000, 0x00000000ff300000, 0x00000000ff400000|  0%| F|  |TAMS 0x00000000ff300000| PB 0x00000000ff300000| Untracked 
|2036|0x00000000ff400000, 0x00000000ff400000, 0x00000000ff500000|  0%| F|  |TAMS 0x00000000ff400000| PB 0x00000000ff400000| Untracked 
|2037|0x00000000ff500000, 0x00000000ff600000, 0x00000000ff600000|100%| E|  |TAMS 0x00000000ff500000| PB 0x00000000ff500000| Complete 
|2038|0x00000000ff600000, 0x00000000ff700000, 0x00000000ff700000|100%| O|  |TAMS 0x00000000ff700000| PB 0x00000000ff700000| Untracked 
|2039|0x00000000ff700000, 0x00000000ff800000, 0x00000000ff800000|100%| O|  |TAMS 0x00000000ff800000| PB 0x00000000ff800000| Updating 
|2040|0x00000000ff800000, 0x00000000ff900000, 0x00000000ff900000|100%| O|  |TAMS 0x00000000ff900000| PB 0x00000000ff900000| Untracked 
|2041|0x00000000ff900000, 0x00000000ffa00000, 0x00000000ffa00000|100%| O|  |TAMS 0x00000000ffa00000| PB 0x00000000ffa00000| Untracked 
|2042|0x00000000ffa00000, 0x00000000ffb00000, 0x00000000ffb00000|100%| O|  |TAMS 0x00000000ffb00000| PB 0x00000000ffb00000| Untracked 
|2043|0x00000000ffb00000, 0x00000000ffc00000, 0x00000000ffc00000|100%| O|  |TAMS 0x00000000ffc00000| PB 0x00000000ffc00000| Updating 
|2044|0x00000000ffc00000, 0x00000000ffd00000, 0x00000000ffd00000|100%| O|  |TAMS 0x00000000ffd00000| PB 0x00000000ffd00000| Untracked 
|2045|0x00000000ffd00000, 0x00000000ffe00000, 0x00000000ffe00000|100%| O|  |TAMS 0x00000000ffe00000| PB 0x00000000ffe00000| Untracked 
|2046|0x00000000ffe00000, 0x00000000fff00000, 0x00000000fff00000|100%| O|  |TAMS 0x00000000fff00000| PB 0x00000000fff00000| Untracked 
|2047|0x00000000fff00000, 0x0000000100000000, 0x0000000100000000|100%| O|  |TAMS 0x0000000100000000| PB 0x0000000100000000| Untracked 

Card table byte_map: [0x000001bdbda80000,0x000001bdbde80000] _byte_map_base: 0x000001bdbd680000

Marking Bits: (CMBitMap*) 0x000001bdab030a50
 Bits: [0x000001bdbde80000, 0x000001bdbfe80000)

Polling page: 0x000001bda8e40000

Metaspace:

Usage:
  Non-class:     67.15 MB used.
      Class:     10.79 MB used.
       Both:     77.94 MB used.

Virtual space:
  Non-class space:      128.00 MB reserved,      68.06 MB ( 53%) committed,  2 nodes.
      Class space:        1.00 GB reserved,      11.56 MB (  1%) committed,  1 nodes.
             Both:        1.12 GB reserved,      79.62 MB (  7%) committed. 

Chunk freelists:
   Non-Class:  11.86 MB
       Class:  4.39 MB
        Both:  16.25 MB

MaxMetaspaceSize: unlimited
CompressedClassSpaceSize: 1.00 GB
Initial GC threshold: 21.00 MB
Current GC threshold: 110.25 MB
CDS: off
 - commit_granule_bytes: 65536.
 - commit_granule_words: 8192.
 - virtual_space_node_default_size: 8388608.
 - enlarge_chunks_in_place: 1.
 - use_allocation_guard: 0.


Internal statistics:

num_allocs_failed_limit: 3.
num_arena_births: 3034.
num_arena_deaths: 4.
num_vsnodes_births: 3.
num_vsnodes_deaths: 0.
num_space_committed: 1274.
num_space_uncommitted: 0.
num_chunks_returned_to_freelist: 14.
num_chunks_taken_from_freelist: 5986.
num_chunk_merges: 4.
num_chunk_splits: 3971.
num_chunks_enlarged: 2550.
num_inconsistent_stats: 0.

CodeHeap 'non-profiled nmethods': size=120000Kb used=4207Kb max_used=4477Kb free=115793Kb
 bounds [0x000001bdb5c00000, 0x000001bdb6060000, 0x000001bdbd130000]
CodeHeap 'profiled nmethods': size=120000Kb used=13436Kb max_used=14049Kb free=106563Kb
 bounds [0x000001bdae130000, 0x000001bdaeef0000, 0x000001bdb5660000]
CodeHeap 'non-nmethods': size=5760Kb used=2824Kb max_used=2847Kb free=2935Kb
 bounds [0x000001bdb5660000, 0x000001bdb5930000, 0x000001bdb5c00000]
CodeCache: size=245760Kb, used=20467Kb, max_used=21373Kb, free=225291Kb
 total_blobs=8508, nmethods=7564, adapters=846, full_count=0
Compilation: enabled, stopped_count=0, restarted_count=0

Compilation events (20 events):
Event: 11.755 Thread 0x000001bdc709eb90 8833       3       org.gradle.internal.hash.Hashing$DefaultHasher::putString (26 bytes)
Event: 11.756 Thread 0x000001bdc709eb90 nmethod 8833 0x000001bdaeee2e90 code [0x000001bdaeee3160, 0x000001bdaeee3fe0]
Event: 11.756 Thread 0x000001bdc709eb90 8831       1       org.gradle.internal.fingerprint.impl.DefaultFileSystemLocationFingerprint::getNormalizedPath (5 bytes)
Event: 11.756 Thread 0x000001bdc709eb90 nmethod 8831 0x000001bdb605ef10 code [0x000001bdb605f0a0, 0x000001bdb605f168]
Event: 11.756 Thread 0x000001bdc709eb90 8832       1       org.gradle.internal.fingerprint.impl.DefaultFileSystemLocationFingerprint::getNormalizedContentHash (5 bytes)
Event: 11.756 Thread 0x000001bdc709eb90 nmethod 8832 0x000001bdb605f210 code [0x000001bdb605f3a0, 0x000001bdb605f468]
Event: 11.756 Thread 0x000001bdc709eb90 8829       3       java.util.stream.ReferencePipeline::forEach (11 bytes)
Event: 11.756 Thread 0x000001bdc709eb90 nmethod 8829 0x000001bdaeee4590 code [0x000001bdaeee4780, 0x000001bdaeee4c58]
Event: 11.775 Thread 0x000001bdc709eb90 8834       3       jdk.internal.loader.URLClassPath$JarLoader::<init> (63 bytes)
Event: 11.776 Thread 0x000001bdc709eb90 nmethod 8834 0x000001bdaeee4e90 code [0x000001bdaeee5120, 0x000001bdaeee5bf0]
Event: 11.776 Thread 0x000001bdc709eb90 8835       3       jdk.internal.loader.URLClassPath$JarLoader::newURL (14 bytes)
Event: 11.776 Thread 0x000001bdc709eb90 nmethod 8835 0x000001bdaeee6010 code [0x000001bdaeee61c0, 0x000001bdaeee6368]
Event: 11.776 Thread 0x000001bdc709eb90 8836       3       jdk.internal.loader.URLClassPath$JarLoader$1::run (63 bytes)
Event: 11.776 Thread 0x000001bdc709eb90 nmethod 8836 0x000001bdaeee6490 code [0x000001bdaeee6640, 0x000001bdaeee6800]
Event: 11.776 Thread 0x000001bdc709eb90 8837       3       jdk.internal.loader.URLClassPath$JarLoader::getJarFile (102 bytes)
Event: 11.777 Thread 0x000001bdc709eb90 nmethod 8837 0x000001bdaeee6910 code [0x000001bdaeee6c00, 0x000001bdaeee7880]
Event: 11.777 Thread 0x000001bdc709eb90 8838       3       jdk.internal.loader.URLClassPath$JarLoader::isOptimizable (10 bytes)
Event: 11.777 Thread 0x000001bdc709eb90 nmethod 8838 0x000001bdaeee7d90 code [0x000001bdaeee7f40, 0x000001bdaeee80a8]
Event: 11.777 Thread 0x000001bdc709eb90 8839       3       jdk.internal.loader.FileURLMapper::<init> (10 bytes)
Event: 11.777 Thread 0x000001bdc709eb90 nmethod 8839 0x000001bdaeee8190 code [0x000001bdaeee8340, 0x000001bdaeee84f8]

GC Heap History (20 events):
Event: 7.331 GC heap before
{Heap before GC invocations=14 (full 0):
 garbage-first heap   total 115712K, used 99283K [0x0000000080000000, 0x0000000100000000)
  region size 1024K, 35 young (35840K), 5 survivors (5120K)
 Metaspace       used 56154K, committed 57536K, reserved 1114112K
  class space    used 7847K, committed 8512K, reserved 1048576K
}
Event: 7.336 GC heap after
{Heap after GC invocations=15 (full 0):
 garbage-first heap   total 115712K, used 70343K [0x0000000080000000, 0x0000000100000000)
  region size 1024K, 5 young (5120K), 5 survivors (5120K)
 Metaspace       used 56154K, committed 57536K, reserved 1114112K
  class space    used 7847K, committed 8512K, reserved 1048576K
}
Event: 7.492 GC heap before
{Heap before GC invocations=16 (full 0):
 garbage-first heap   total 119808K, used 101063K [0x0000000080000000, 0x0000000100000000)
  region size 1024K, 35 young (35840K), 5 survivors (5120K)
 Metaspace       used 56212K, committed 57600K, reserved 1114112K
  class space    used 7847K, committed 8512K, reserved 1048576K
}
Event: 7.497 GC heap after
{Heap after GC invocations=17 (full 0):
 garbage-first heap   total 119808K, used 71891K [0x0000000080000000, 0x0000000100000000)
  region size 1024K, 4 young (4096K), 4 survivors (4096K)
 Metaspace       used 56212K, committed 57600K, reserved 1114112K
  class space    used 7847K, committed 8512K, reserved 1048576K
}
Event: 7.603 GC heap before
{Heap before GC invocations=17 (full 0):
 garbage-first heap   total 119808K, used 105683K [0x0000000080000000, 0x0000000100000000)
  region size 1024K, 37 young (37888K), 4 survivors (4096K)
 Metaspace       used 56247K, committed 57600K, reserved 1114112K
  class space    used 7849K, committed 8512K, reserved 1048576K
}
Event: 7.608 GC heap after
{Heap after GC invocations=18 (full 0):
 garbage-first heap   total 144384K, used 72262K [0x0000000080000000, 0x0000000100000000)
  region size 1024K, 3 young (3072K), 3 survivors (3072K)
 Metaspace       used 56247K, committed 57600K, reserved 1114112K
  class space    used 7849K, committed 8512K, reserved 1048576K
}
Event: 7.756 GC heap before
{Heap before GC invocations=18 (full 0):
 garbage-first heap   total 144384K, used 123462K [0x0000000080000000, 0x0000000100000000)
  region size 1024K, 53 young (54272K), 3 survivors (3072K)
 Metaspace       used 56363K, committed 57664K, reserved 1114112K
  class space    used 7873K, committed 8512K, reserved 1048576K
}
Event: 7.760 GC heap after
{Heap after GC invocations=19 (full 0):
 garbage-first heap   total 144384K, used 73505K [0x0000000080000000, 0x0000000100000000)
  region size 1024K, 4 young (4096K), 4 survivors (4096K)
 Metaspace       used 56363K, committed 57664K, reserved 1114112K
  class space    used 7873K, committed 8512K, reserved 1048576K
}
Event: 8.119 GC heap before
{Heap before GC invocations=20 (full 0):
 garbage-first heap   total 144384K, used 127777K [0x0000000080000000, 0x0000000100000000)
  region size 1024K, 57 young (58368K), 4 survivors (4096K)
 Metaspace       used 58715K, committed 60032K, reserved 1114112K
  class space    used 8128K, committed 8768K, reserved 1048576K
}
Event: 8.125 GC heap after
{Heap after GC invocations=21 (full 0):
 garbage-first heap   total 144384K, used 75976K [0x0000000080000000, 0x0000000100000000)
  region size 1024K, 6 young (6144K), 6 survivors (6144K)
 Metaspace       used 58715K, committed 60032K, reserved 1114112K
  class space    used 8128K, committed 8768K, reserved 1048576K
}
Event: 8.721 GC heap before
{Heap before GC invocations=21 (full 0):
 garbage-first heap   total 144384K, used 137416K [0x0000000080000000, 0x0000000100000000)
  region size 1024K, 58 young (59392K), 6 survivors (6144K)
 Metaspace       used 61732K, committed 63168K, reserved 1114112K
  class space    used 8412K, committed 9088K, reserved 1048576K
}
Event: 8.726 GC heap after
{Heap after GC invocations=22 (full 0):
 garbage-first heap   total 147456K, used 84487K [0x0000000080000000, 0x0000000100000000)
  region size 1024K, 6 young (6144K), 6 survivors (6144K)
 Metaspace       used 61732K, committed 63168K, reserved 1114112K
  class space    used 8412K, committed 9088K, reserved 1048576K
}
Event: 9.324 GC heap before
{Heap before GC invocations=22 (full 0):
 garbage-first heap   total 147456K, used 132615K [0x0000000080000000, 0x0000000100000000)
  region size 1024K, 53 young (54272K), 6 survivors (6144K)
 Metaspace       used 66030K, committed 67648K, reserved 1114112K
  class space    used 9214K, committed 9984K, reserved 1048576K
}
Event: 9.330 GC heap after
{Heap after GC invocations=23 (full 0):
 garbage-first heap   total 147456K, used 87722K [0x0000000080000000, 0x0000000100000000)
  region size 1024K, 6 young (6144K), 6 survivors (6144K)
 Metaspace       used 66030K, committed 67648K, reserved 1114112K
  class space    used 9214K, committed 9984K, reserved 1048576K
}
Event: 10.707 GC heap before
{Heap before GC invocations=24 (full 0):
 garbage-first heap   total 148480K, used 131754K [0x0000000080000000, 0x0000000100000000)
  region size 1024K, 49 young (50176K), 6 survivors (6144K)
 Metaspace       used 74535K, committed 76224K, reserved 1114112K
  class space    used 10403K, committed 11200K, reserved 1048576K
}
Event: 10.716 GC heap after
{Heap after GC invocations=25 (full 0):
 garbage-first heap   total 148480K, used 91895K [0x0000000080000000, 0x0000000100000000)
  region size 1024K, 7 young (7168K), 7 survivors (7168K)
 Metaspace       used 74535K, committed 76224K, reserved 1114112K
  class space    used 10403K, committed 11200K, reserved 1048576K
}
Event: 11.541 GC heap before
{Heap before GC invocations=25 (full 0):
 garbage-first heap   total 148480K, used 131831K [0x0000000080000000, 0x0000000100000000)
  region size 1024K, 47 young (48128K), 7 survivors (7168K)
 Metaspace       used 77357K, committed 78976K, reserved 1179648K
  class space    used 10733K, committed 11520K, reserved 1048576K
}
Event: 11.548 GC heap after
{Heap after GC invocations=26 (full 0):
 garbage-first heap   total 148480K, used 95232K [0x0000000080000000, 0x0000000100000000)
  region size 1024K, 4 young (4096K), 4 survivors (4096K)
 Metaspace       used 77357K, committed 78976K, reserved 1179648K
  class space    used 10733K, committed 11520K, reserved 1048576K
}
Event: 11.756 GC heap before
{Heap before GC invocations=26 (full 0):
 garbage-first heap   total 148480K, used 115712K [0x0000000080000000, 0x0000000100000000)
  region size 1024K, 25 young (25600K), 4 survivors (4096K)
 Metaspace       used 79867K, committed 81536K, reserved 1179648K
  class space    used 11064K, committed 11840K, reserved 1048576K
}
Event: 11.761 GC heap after
{Heap after GC invocations=27 (full 0):
 garbage-first heap   total 148480K, used 96957K [0x0000000080000000, 0x0000000100000000)
  region size 1024K, 2 young (2048K), 2 survivors (2048K)
 Metaspace       used 79867K, committed 81536K, reserved 1179648K
  class space    used 11064K, committed 11840K, reserved 1048576K
}

Dll operation events (3 events):
Event: 0.012 Loaded shared library C:\Program Files\Android\Android Studio\jbr\bin\java.dll
Event: 0.018 Loaded shared library C:\Program Files\Android\Android Studio\jbr\bin\zip.dll
Event: 0.368 Loaded shared library C:\Program Files\Android\Android Studio\jbr\bin\verify.dll

Deoptimization events (20 events):
Event: 11.338 Thread 0x000001bdc9024620 DEOPT PACKING pc=0x000001bdae976b78 sp=0x0000007b1acf7130
Event: 11.338 Thread 0x000001bdc9024620 DEOPT UNPACKING pc=0x000001bdb56b4e42 sp=0x0000007b1acf6618 mode 0
Event: 11.340 Thread 0x000001bdc9024620 DEOPT PACKING pc=0x000001bdae976b78 sp=0x0000007b1acf77d0
Event: 11.340 Thread 0x000001bdc9024620 DEOPT UNPACKING pc=0x000001bdb56b4e42 sp=0x0000007b1acf6cb8 mode 0
Event: 11.340 Thread 0x000001bdc9024620 DEOPT PACKING pc=0x000001bdae976b78 sp=0x0000007b1acf77d0
Event: 11.340 Thread 0x000001bdc9024620 DEOPT UNPACKING pc=0x000001bdb56b4e42 sp=0x0000007b1acf6cb8 mode 0
Event: 11.341 Thread 0x000001bdc9024620 DEOPT PACKING pc=0x000001bdae976b78 sp=0x0000007b1acf77d0
Event: 11.341 Thread 0x000001bdc9024620 DEOPT UNPACKING pc=0x000001bdb56b4e42 sp=0x0000007b1acf6cb8 mode 0
Event: 11.408 Thread 0x000001bdc9024620 Uncommon trap: trap_request=0xffffff54 fr.pc=0x000001bdb5d979d4 relative=0x00000000000014d4
Event: 11.408 Thread 0x000001bdc9024620 Uncommon trap: reason=speculate_null_assert action=make_not_entrant pc=0x000001bdb5d979d4 method=java.util.jar.JarFile.getVersionedEntry(Ljava/lang/String;Ljava/util/jar/JarEntry;)Ljava/util/jar/JarEntry; @ 115 c2
Event: 11.408 Thread 0x000001bdc9024620 DEOPT PACKING pc=0x000001bdb5d979d4 sp=0x0000007b1acf68b0
Event: 11.408 Thread 0x000001bdc9024620 DEOPT UNPACKING pc=0x000001bdb56b46a2 sp=0x0000007b1acf68b8 mode 2
Event: 11.408 Thread 0x000001bdc9024620 Uncommon trap: trap_request=0xffffff45 fr.pc=0x000001bdb5c57ce0 relative=0x00000000000008c0
Event: 11.408 Thread 0x000001bdc9024620 Uncommon trap: reason=unstable_if action=reinterpret pc=0x000001bdb5c57ce0 method=java.util.jar.JarFile.getEntry(Ljava/lang/String;)Ljava/util/zip/ZipEntry; @ 15 c2
Event: 11.408 Thread 0x000001bdc9024620 DEOPT PACKING pc=0x000001bdb5c57ce0 sp=0x0000007b1acf6980
Event: 11.409 Thread 0x000001bdc9024620 DEOPT UNPACKING pc=0x000001bdb56b46a2 sp=0x0000007b1acf6978 mode 2
Event: 11.714 Thread 0x000001bdc7ec6bf0 Uncommon trap: trap_request=0xffffff45 fr.pc=0x000001bdb5ffd900 relative=0x0000000000000220
Event: 11.714 Thread 0x000001bdc7ec6bf0 Uncommon trap: reason=unstable_if action=reinterpret pc=0x000001bdb5ffd900 method=com.esotericsoftware.kryo.io.Input.readVarInt(Z)I @ 42 c2
Event: 11.714 Thread 0x000001bdc7ec6bf0 DEOPT PACKING pc=0x000001bdb5ffd900 sp=0x0000007b1cefe1f0
Event: 11.714 Thread 0x000001bdc7ec6bf0 DEOPT UNPACKING pc=0x000001bdb56b46a2 sp=0x0000007b1cefe0e0 mode 2

Classes loaded (20 events):
Event: 10.446 Loading class com/sun/crypto/provider/GaloisCounterMode$EncryptOp
Event: 10.446 Loading class com/sun/crypto/provider/GaloisCounterMode$EncryptOp done
Event: 10.448 Loading class javax/net/ssl/SSLEngineResult$HandshakeStatus
Event: 10.448 Loading class javax/net/ssl/SSLEngineResult$HandshakeStatus done
Event: 10.448 Loading class jdk/internal/event/TLSHandshakeEvent
Event: 10.448 Loading class jdk/internal/event/TLSHandshakeEvent done
Event: 10.677 Loading class sun/security/ssl/PostHandshakeContext
Event: 10.677 Loading class sun/security/ssl/PostHandshakeContext done
Event: 10.677 Loading class sun/security/ssl/NewSessionTicket$T13NewSessionTicketMessage
Event: 10.678 Loading class sun/security/ssl/NewSessionTicket$NewSessionTicketMessage
Event: 10.678 Loading class sun/security/ssl/NewSessionTicket$NewSessionTicketMessage done
Event: 10.678 Loading class sun/security/ssl/NewSessionTicket$T13NewSessionTicketMessage done
Event: 10.719 Loading class sun/security/ssl/Alert
Event: 10.719 Loading class sun/security/ssl/Alert done
Event: 10.719 Loading class sun/security/ssl/Alert$AlertConsumer
Event: 10.720 Loading class sun/security/ssl/Alert$AlertConsumer done
Event: 10.720 Loading class sun/security/ssl/Alert$Level
Event: 10.720 Loading class sun/security/ssl/Alert$Level done
Event: 11.659 Loading class java/util/ArrayList$SubList$1
Event: 11.660 Loading class java/util/ArrayList$SubList$1 done

Classes unloaded (12 events):
Event: 11.787 Thread 0x000001bdc7010820 Unloading class 0x00000001008a0420 '_BuildScript_$_run_closure1$_closure3'
Event: 11.787 Thread 0x000001bdc7010820 Unloading class 0x00000001008a0000 '_BuildScript_$_run_closure1$_closure2'
Event: 11.787 Thread 0x000001bdc7010820 Unloading class 0x000000010089d988 '_BuildScript_$_run_closure1'
Event: 11.787 Thread 0x000001bdc7010820 Unloading class 0x000000010089d420 '_BuildScript_'
Event: 11.787 Thread 0x000001bdc7010820 Unloading class 0x000000010089d000 'JetGradlePlugin$_apply_closure1$_closure2$_closure3'
Event: 11.787 Thread 0x000001bdc7010820 Unloading class 0x000000010089c9f0 'JetGradlePlugin$_apply_closure1$_closure2'
Event: 11.787 Thread 0x000001bdc7010820 Unloading class 0x000000010089c5d0 'JetGradlePlugin$_apply_closure1'
Event: 11.787 Thread 0x000001bdc7010820 Unloading class 0x000000010089c300 'JetGradlePlugin'
Event: 11.787 Thread 0x000001bdc7010820 Unloading class 0x000000010089c000 'RegistryProcessor'
Event: 11.787 Thread 0x000001bdc7010820 Unloading class 0x0000000100894988 '_BuildScript_$_run_closure1$_closure2'
Event: 11.787 Thread 0x000001bdc7010820 Unloading class 0x0000000100894568 '_BuildScript_$_run_closure1'
Event: 11.787 Thread 0x000001bdc7010820 Unloading class 0x0000000100894000 '_BuildScript_'

Classes redefined (0 events):
No events

Internal exceptions (20 events):
Event: 9.026 Thread 0x000001bdc9024cb0 Exception <a 'java/lang/NoSuchMethodError'{0x000000008672e9e0}: static Lorg/gradle/internal/build/event/types/AbstractProgressEvent;.<clinit>()V> (0x000000008672e9e0) 
thrown [s\src\hotspot\share\prims\jni.cpp, line 1144]
Event: 9.028 Thread 0x000001bdc9024cb0 Exception <a 'java/lang/NoSuchMethodError'{0x0000000086743918}: static Lorg/gradle/internal/build/event/types/DefaultBuildPhaseDescriptor;.<clinit>()V> (0x0000000086743918) 
thrown [s\src\hotspot\share\prims\jni.cpp, line 1144]
Event: 9.028 Thread 0x000001bdc9024cb0 Exception <a 'java/lang/NoSuchMethodError'{0x00000000867474d0}: static Lorg/gradle/internal/build/event/types/DefaultOperationDescriptor;.<clinit>()V> (0x00000000867474d0) 
thrown [s\src\hotspot\share\prims\jni.cpp, line 1144]
Event: 9.031 Thread 0x000001bdc9024cb0 Exception <a 'java/lang/NoSuchMethodError'{0x000000008675bd18}: static Lorg/gradle/internal/operations/OperationIdentifier;.<clinit>()V> (0x000000008675bd18) 
thrown [s\src\hotspot\share\prims\jni.cpp, line 1144]
Event: 9.166 Thread 0x000001bdc9024620 Exception <a 'java/lang/ClassNotFoundException'{0x0000000085feb628}: org/gradle/api/internal/project/DefaultProject_DecoratedBeanInfo> (0x0000000085feb628) 
thrown [s\src\hotspot\share\classfile\systemDictionary.cpp, line 312]
Event: 9.166 Thread 0x000001bdc9024620 Exception <a 'java/lang/ClassNotFoundException'{0x0000000085ff8028}: org/gradle/api/internal/project/DefaultProjectBeanInfo> (0x0000000085ff8028) 
thrown [s\src\hotspot\share\classfile\systemDictionary.cpp, line 312]
Event: 9.167 Thread 0x000001bdc9024620 Exception <a 'java/lang/ClassNotFoundException'{0x0000000085e04cf0}: org/gradle/api/internal/project/DefaultProjectCustomizer> (0x0000000085e04cf0) 
thrown [s\src\hotspot\share\classfile\systemDictionary.cpp, line 312]
Event: 9.173 Thread 0x000001bdc9024620 Exception <a 'java/lang/ClassNotFoundException'{0x0000000085eba580}: org/gradle/api/internal/project/DefaultProject_DecoratedCustomizer> (0x0000000085eba580) 
thrown [s\src\hotspot\share\classfile\systemDictionary.cpp, line 312]
Event: 9.296 Thread 0x000001bdc9024620 Exception <a 'java/lang/NoSuchMethodError'{0x00000000856eb1b0}: 'long java.lang.invoke.DirectMethodHandle$Holder.invokeStatic(java.lang.Object, long)'> (0x00000000856eb1b0) 
thrown [s\src\hotspot\share\interpreter\linkResolver.cpp, line 784]
Event: 9.374 Thread 0x000001bdc9024620 Exception <a 'java/lang/NoSuchMethodError'{0x00000000ff4ec128}: 'java.lang.Object java.lang.invoke.DirectMethodHandle$Holder.invokeVirtual(java.lang.Object, java.lang.Object, java.lang.Object, java.lang.Object, java.lang.Object, java.lang.Object, java.lang.Object, java.lang.Object, java.lang.Object, java.lang.Object, java.lang.Object, java.lang.Object, java.lang.Object, java.lang.Object, java.lang.Object, java.lang.Object, java.lang.Object)'> (0x00000000ff4ec128) 
thrown [s\src\hotspot\share\interpreter\li
Event: 9.374 Thread 0x000001bdc9024620 Exception <a 'java/lang/NoSuchMethodError'{0x00000000ff4f2270}: 'java.lang.Object java.lang.invoke.DirectMethodHandle$Holder.invokeSpecial(java.lang.Object, java.lang.Object, java.lang.Object, java.lang.Object, java.lang.Object, java.lang.Object, java.lang.Object, java.lang.Object, java.lang.Object, java.lang.Object, java.lang.Object, java.lang.Object, java.lang.Object, java.lang.Object, java.lang.Object, java.lang.Object, java.lang.Object, java.lang.Object)'> (0x00000000ff4f2270) 
thrown [s\src\hotspot\sh
Event: 9.374 Thread 0x000001bdc9024620 Exception <a 'java/lang/NoSuchMethodError'{0x00000000ff4f7a40}: 'java.lang.Object java.lang.invoke.DelegatingMethodHandle$Holder.reinvoke_L(java.lang.Object, java.lang.Object, java.lang.Object, java.lang.Object, java.lang.Object, java.lang.Object, java.lang.Object, java.lang.Object, java.lang.Object, java.lang.Object, java.lang.Object, java.lang.Object, java.lang.Object, java.lang.Object, java.lang.Object, java.lang.Object, java.lang.Object)'> (0x00000000ff4f7a40) 
thrown [s\src\hotspot\share\interpreter\l
Event: 9.572 Thread 0x000001bdc9024620 Exception <a 'java/lang/NoSuchMethodError'{0x0000000087a87bc0}: 'int java.lang.invoke.DirectMethodHandle$Holder.invokeSpecialIFC(java.lang.Object, java.lang.Object, java.lang.Object)'> (0x0000000087a87bc0) 
thrown [s\src\hotspot\share\interpreter\linkResolver.cpp, line 784]
Event: 9.632 Thread 0x000001bdc9024620 Exception <a 'java/lang/NoSuchMethodError'{0x00000000877faf68}: 'java.lang.Object java.lang.invoke.DirectMethodHandle$Holder.newInvokeSpecial(java.lang.Object, java.lang.Object, java.lang.Object, java.lang.Object, java.lang.Object, int)'> (0x00000000877faf68) 
thrown [s\src\hotspot\share\interpreter\linkResolver.cpp, line 784]
Event: 9.633 Thread 0x000001bdc9024620 Exception <a 'java/lang/NoSuchMethodError'{0x0000000087600870}: 'java.lang.Object java.lang.invoke.DirectMethodHandle$Holder.invokeSpecial(java.lang.Object, java.lang.Object, java.lang.Object, java.lang.Object, java.lang.Object, java.lang.Object, int)'> (0x0000000087600870) 
thrown [s\src\hotspot\share\interpreter\linkResolver.cpp, line 784]
Event: 9.636 Thread 0x000001bdc9024620 Exception <a 'java/lang/NoSuchMethodError'{0x00000000876319e8}: 'java.lang.Object java.lang.invoke.DirectMethodHandle$Holder.invokeSpecial(java.lang.Object, java.lang.Object, java.lang.Object, java.lang.Object, java.lang.Object, long)'> (0x00000000876319e8) 
thrown [s\src\hotspot\share\interpreter\linkResolver.cpp, line 784]
Event: 9.638 Thread 0x000001bdc9024620 Exception <a 'java/lang/NoSuchMethodError'{0x0000000087651490}: 'void java.lang.invoke.DirectMethodHandle$Holder.invokeStatic(java.lang.Object, java.lang.Object, java.lang.Object, int, java.lang.Object)'> (0x0000000087651490) 
thrown [s\src\hotspot\share\interpreter\linkResolver.cpp, line 784]
Event: 9.652 Thread 0x000001bdc9024620 Implicit null exception at 0x000001bdb5c4c420 to 0x000001bdb5c4c9c4
Event: 9.692 Thread 0x000001bdc9024620 Exception <a 'sun/nio/fs/WindowsException'{0x0000000087330860}> (0x0000000087330860) 
thrown [s\src\hotspot\share\prims\jni.cpp, line 537]
Event: 10.720 Thread 0x000001bdc7066f60 Implicit null exception at 0x000001bdb5e40307 to 0x000001bdb5e403cc

ZGC Phase Switch (0 events):
No events

VM Operations (20 events):
Event: 9.700 Executing VM operation: HandshakeAllThreads (Deoptimize) done
Event: 9.740 Executing VM operation: HandshakeAllThreads (Deoptimize)
Event: 9.740 Executing VM operation: HandshakeAllThreads (Deoptimize) done
Event: 9.898 Executing VM operation: HandshakeAllThreads (Deoptimize)
Event: 9.898 Executing VM operation: HandshakeAllThreads (Deoptimize) done
Event: 10.131 Executing VM operation: HandshakeAllThreads (Deoptimize)
Event: 10.132 Executing VM operation: HandshakeAllThreads (Deoptimize) done
Event: 10.707 Executing VM operation: G1CollectForAllocation (G1 Evacuation Pause)
Event: 10.716 Executing VM operation: G1CollectForAllocation (G1 Evacuation Pause) done
Event: 11.003 Executing VM operation: ICBufferFull
Event: 11.003 Executing VM operation: ICBufferFull done
Event: 11.052 Executing VM operation: HandshakeAllThreads (Deoptimize)
Event: 11.052 Executing VM operation: HandshakeAllThreads (Deoptimize) done
Event: 11.239 Executing VM operation: ICBufferFull
Event: 11.240 Executing VM operation: ICBufferFull done
Event: 11.541 Executing VM operation: G1CollectForAllocation (G1 Evacuation Pause)
Event: 11.548 Executing VM operation: G1CollectForAllocation (G1 Evacuation Pause) done
Event: 11.756 Executing VM operation: G1TryInitiateConcMark (G1 Humongous Allocation)
Event: 11.761 Executing VM operation: G1TryInitiateConcMark (G1 Humongous Allocation) done
Event: 11.787 Executing VM operation: G1PauseRemark

Memory protections (0 events):
No events

Nmethod flushes (20 events):
Event: 11.794 Thread 0x000001bdc7010820 flushing  nmethod 0x000001bdae37cc10
Event: 11.794 Thread 0x000001bdc7010820 flushing  nmethod 0x000001bdae384310
Event: 11.794 Thread 0x000001bdc7010820 flushing  nmethod 0x000001bdae401390
Event: 11.794 Thread 0x000001bdc7010820 flushing  nmethod 0x000001bdae447790
Event: 11.794 Thread 0x000001bdc7010820 flushing  nmethod 0x000001bdae516590
Event: 11.794 Thread 0x000001bdc7010820 flushing  nmethod 0x000001bdae5c6b10
Event: 11.794 Thread 0x000001bdc7010820 flushing  nmethod 0x000001bdae5c7510
Event: 11.794 Thread 0x000001bdc7010820 flushing  nmethod 0x000001bdae626290
Event: 11.794 Thread 0x000001bdc7010820 flushing  nmethod 0x000001bdae68d710
Event: 11.794 Thread 0x000001bdc7010820 flushing  nmethod 0x000001bdae68f510
Event: 11.794 Thread 0x000001bdc7010820 flushing  nmethod 0x000001bdae691810
Event: 11.794 Thread 0x000001bdc7010820 flushing  nmethod 0x000001bdae6c0c10
Event: 11.794 Thread 0x000001bdc7010820 flushing  nmethod 0x000001bdae76af10
Event: 11.794 Thread 0x000001bdc7010820 flushing  nmethod 0x000001bdae7f8a10
Event: 11.794 Thread 0x000001bdc7010820 flushing  nmethod 0x000001bdae995b10
Event: 11.794 Thread 0x000001bdc7010820 flushing  nmethod 0x000001bdae996110
Event: 11.794 Thread 0x000001bdc7010820 flushing  nmethod 0x000001bdae996610
Event: 11.794 Thread 0x000001bdc7010820 flushing  nmethod 0x000001bdae99ea90
Event: 11.794 Thread 0x000001bdc7010820 flushing  nmethod 0x000001bdae9a0a10
Event: 11.794 Thread 0x000001bdc7010820 flushing  nmethod 0x000001bdae9a1a90

Events (20 events):
Event: 9.026 Thread 0x000001bdc9024620 Thread added: 0x000001bdc7ec7fa0
Event: 9.417 Thread 0x000001bdc9024620 Thread added: 0x000001bdc7ec8630
Event: 9.604 Thread 0x000001bdc7397070 Thread exited: 0x000001bdc7397070
Event: 9.763 Thread 0x000001bdc709eb90 Thread added: 0x000001bdc9b3d2c0
Event: 10.113 Thread 0x000001bdc9b3d2c0 Thread exited: 0x000001bdc9b3d2c0
Event: 10.115 Thread 0x000001bdc709eb90 Thread added: 0x000001bdcb47b030
Event: 10.677 Thread 0x000001bdcb47b030 Thread exited: 0x000001bdcb47b030
Event: 10.754 Thread 0x000001bdc709eb90 Thread added: 0x000001bdcac97240
Event: 11.147 Thread 0x000001bdc9024620 Thread added: 0x000001bdc7eca070
Event: 11.147 Thread 0x000001bdc9024620 Thread added: 0x000001bdc7ec8cc0
Event: 11.147 Thread 0x000001bdc9024620 Thread added: 0x000001bdc7ec9350
Event: 11.147 Thread 0x000001bdc9024620 Thread added: 0x000001bdc7ec99e0
Event: 11.147 Thread 0x000001bdc9024620 Thread added: 0x000001bdc86b81d0
Event: 11.148 Thread 0x000001bdc9024620 Thread added: 0x000001bdc86b8ef0
Event: 11.148 Thread 0x000001bdc9024620 Thread added: 0x000001bdc86ba2a0
Event: 11.148 Thread 0x000001bdc9024620 Thread added: 0x000001bdc86b9580
Event: 11.148 Thread 0x000001bdc9024620 Thread added: 0x000001bdc86b8860
Event: 11.148 Thread 0x000001bdc9024620 Thread added: 0x000001bdc86bafc0
Event: 11.148 Thread 0x000001bdc9024620 Thread added: 0x000001bdc86b9c10
Event: 11.548 Thread 0x000001bdcac97240 Thread exited: 0x000001bdcac97240


Dynamic libraries:
0x00007ff725db0000 - 0x00007ff725dba000 	C:\Program Files\Android\Android Studio\jbr\bin\java.exe
0x00007ffbc12c0000 - 0x00007ffbc1527000 	C:\WINDOWS\SYSTEM32\ntdll.dll
0x00007ffbbf200000 - 0x00007ffbbf2c9000 	C:\WINDOWS\System32\KERNEL32.DLL
0x00007ffbbe6a0000 - 0x00007ffbbea8f000 	C:\WINDOWS\System32\KERNELBASE.dll
0x00007ffbbe4a0000 - 0x00007ffbbe5eb000 	C:\WINDOWS\System32\ucrtbase.dll
0x00007ffba7830000 - 0x00007ffba784b000 	C:\Program Files\Android\Android Studio\jbr\bin\VCRUNTIME140.dll
0x00007ffbaa890000 - 0x00007ffbaa8a8000 	C:\Program Files\Android\Android Studio\jbr\bin\jli.dll
0x00007ffbc06f0000 - 0x00007ffbc08b5000 	C:\WINDOWS\System32\USER32.dll
0x00007ffbbebd0000 - 0x00007ffbbebf7000 	C:\WINDOWS\System32\win32u.dll
0x00007ffbbf170000 - 0x00007ffbbf19b000 	C:\WINDOWS\System32\GDI32.dll
0x00007ffbbeaa0000 - 0x00007ffbbebcc000 	C:\WINDOWS\System32\gdi32full.dll
0x00007ffbbe5f0000 - 0x00007ffbbe693000 	C:\WINDOWS\System32\msvcp_win.dll
0x00007ffb96bb0000 - 0x00007ffb96e43000 	C:\WINDOWS\WinSxS\amd64_microsoft.windows.common-controls_6595b64144ccf1df_6.0.26100.7309_none_3e05feeae336a044\COMCTL32.dll
0x00007ffbbfd00000 - 0x00007ffbbfda9000 	C:\WINDOWS\System32\msvcrt.dll
0x00007ffbbff90000 - 0x00007ffbbffc1000 	C:\WINDOWS\System32\IMM32.DLL
0x00007ffbb8ad0000 - 0x00007ffbb8adc000 	C:\Program Files\Android\Android Studio\jbr\bin\vcruntime140_1.dll
0x00007ffb6d5c0000 - 0x00007ffb6d64d000 	C:\Program Files\Android\Android Studio\jbr\bin\msvcp140.dll
0x00007ffb3a590000 - 0x00007ffb3b226000 	C:\Program Files\Android\Android Studio\jbr\bin\server\jvm.dll
0x00007ffbc00f0000 - 0x00007ffbc01a4000 	C:\WINDOWS\System32\ADVAPI32.dll
0x00007ffbc0640000 - 0x00007ffbc06e6000 	C:\WINDOWS\System32\sechost.dll
0x00007ffbbf840000 - 0x00007ffbbf958000 	C:\WINDOWS\System32\RPCRT4.dll
0x00007ffbc0070000 - 0x00007ffbc00e4000 	C:\WINDOWS\System32\WS2_32.dll
0x00007ffbbe290000 - 0x00007ffbbe2ee000 	C:\WINDOWS\SYSTEM32\POWRPROF.dll
0x00007ffbb4490000 - 0x00007ffbb44c5000 	C:\WINDOWS\SYSTEM32\WINMM.dll
0x00007ffbb4440000 - 0x00007ffbb444b000 	C:\WINDOWS\SYSTEM32\VERSION.dll
0x00007ffbbe250000 - 0x00007ffbbe264000 	C:\WINDOWS\SYSTEM32\UMPDC.dll
0x00007ffbbd180000 - 0x00007ffbbd19b000 	C:\WINDOWS\SYSTEM32\kernel.appcore.dll
0x00007ffbabad0000 - 0x00007ffbabada000 	C:\Program Files\Android\Android Studio\jbr\bin\jimage.dll
0x00007ffbbb840000 - 0x00007ffbbba82000 	C:\WINDOWS\SYSTEM32\DBGHELP.DLL
0x00007ffbbf2d0000 - 0x00007ffbbf655000 	C:\WINDOWS\System32\combase.dll
0x00007ffbbfb10000 - 0x00007ffbbfbe6000 	C:\WINDOWS\System32\OLEAUT32.dll
0x00007ffb9d300000 - 0x00007ffb9d33c000 	C:\WINDOWS\SYSTEM32\dbgcore.DLL
0x00007ffbbec00000 - 0x00007ffbbeca5000 	C:\WINDOWS\System32\bcryptPrimitives.dll
0x00007ffbaa880000 - 0x00007ffbaa88e000 	C:\Program Files\Android\Android Studio\jbr\bin\instrument.dll
0x00007ffba6ed0000 - 0x00007ffba6ef0000 	C:\Program Files\Android\Android Studio\jbr\bin\java.dll
0x00007ffba6420000 - 0x00007ffba6438000 	C:\Program Files\Android\Android Studio\jbr\bin\zip.dll
0x00007ffbc0b20000 - 0x00007ffbc1273000 	C:\WINDOWS\System32\SHELL32.dll
0x00007ffbbee30000 - 0x00007ffbbef9a000 	C:\WINDOWS\System32\wintypes.dll
0x00007ffbbbfc0000 - 0x00007ffbbc81e000 	C:\WINDOWS\SYSTEM32\windows.storage.dll
0x00007ffbbfbf0000 - 0x00007ffbbfce5000 	C:\WINDOWS\System32\SHCORE.dll
0x00007ffbbfa20000 - 0x00007ffbbfa86000 	C:\WINDOWS\System32\shlwapi.dll
0x00007ffbbe330000 - 0x00007ffbbe359000 	C:\WINDOWS\SYSTEM32\profapi.dll
0x00007ffbaa8b0000 - 0x00007ffbaa8c0000 	C:\Program Files\Android\Android Studio\jbr\bin\net.dll
0x00007ffbb5a50000 - 0x00007ffbb5b78000 	C:\WINDOWS\SYSTEM32\WINHTTP.dll
0x00007ffbbd6d0000 - 0x00007ffbbd73b000 	C:\WINDOWS\system32\mswsock.dll
0x00007ffb867f0000 - 0x00007ffb86806000 	C:\Program Files\Android\Android Studio\jbr\bin\nio.dll
0x00007ffba7b80000 - 0x00007ffba7b90000 	C:\Program Files\Android\Android Studio\jbr\bin\verify.dll
0x00007ffb86510000 - 0x00007ffb86537000 	C:\Users\Meeting\.gradle\native\c067742578af261105cb4f569cf0c3c89f3d7b1fecec35dd04571415982c5e48\windows-amd64\native-platform.dll
0x00007ffb6cdc0000 - 0x00007ffb6cf04000 	C:\Users\Meeting\.gradle\native\38dada09dfb8b06ba9b0570ebf7e218e3eb74d4ef43ca46872605cf95ebc2f47\windows-amd64\native-platform-file-events.dll
0x00007ffbb6780000 - 0x00007ffbb6789000 	C:\Program Files\Android\Android Studio\jbr\bin\management.dll
0x00007ffbaa7f0000 - 0x00007ffbaa7fb000 	C:\Program Files\Android\Android Studio\jbr\bin\management_ext.dll
0x00007ffbbf060000 - 0x00007ffbbf068000 	C:\WINDOWS\System32\PSAPI.DLL
0x00007ffbbdac0000 - 0x00007ffbbdadb000 	C:\WINDOWS\SYSTEM32\CRYPTSP.dll
0x00007ffbbd0e0000 - 0x00007ffbbd11a000 	C:\WINDOWS\system32\rsaenh.dll
0x00007ffbbd780000 - 0x00007ffbbd7ab000 	C:\WINDOWS\SYSTEM32\USERENV.dll
0x00007ffbbe300000 - 0x00007ffbbe32a000 	C:\WINDOWS\SYSTEM32\bcrypt.dll
0x00007ffbbd920000 - 0x00007ffbbd92c000 	C:\WINDOWS\SYSTEM32\CRYPTBASE.dll
0x00007ffbbccb0000 - 0x00007ffbbcce4000 	C:\WINDOWS\SYSTEM32\IPHLPAPI.DLL
0x00007ffbbfcf0000 - 0x00007ffbbfcfa000 	C:\WINDOWS\System32\NSI.dll
0x00007ffbb6790000 - 0x00007ffbb6799000 	C:\Program Files\Android\Android Studio\jbr\bin\extnet.dll
0x00007ffb8d920000 - 0x00007ffb8d928000 	C:\WINDOWS\system32\wshunix.dll
0x00007ffbbccf0000 - 0x00007ffbbce1c000 	C:\WINDOWS\SYSTEM32\DNSAPI.dll
0x00007ffbb4450000 - 0x00007ffbb445b000 	C:\Windows\System32\rasadhlp.dll
0x00007ffbb7740000 - 0x00007ffbb77c6000 	C:\WINDOWS\System32\fwpuclnt.dll

JVMTI agents:
C:\Users\Meeting\.gradle\wrapper\dists\gradle-8.5-bin\5t9huq95ubn472n8rpzujfbqh\gradle-8.5\lib\agents\gradle-instrumentation-agent-8.5.jar path:C:\Program Files\Android\Android Studio\jbr\bin\instrument.dll, loaded, initialized, instrumentlib options:none

dbghelp: loaded successfully - version: 4.0.5 - missing functions: none
symbol engine: initialized successfully - sym options: 0x614 - pdb path: .;C:\Program Files\Android\Android Studio\jbr\bin;C:\WINDOWS\SYSTEM32;C:\WINDOWS\WinSxS\amd64_microsoft.windows.common-controls_6595b64144ccf1df_6.0.26100.7309_none_3e05feeae336a044;C:\Program Files\Android\Android Studio\jbr\bin\server;C:\Users\Meeting\.gradle\native\c067742578af261105cb4f569cf0c3c89f3d7b1fecec35dd04571415982c5e48\windows-amd64;C:\Users\Meeting\.gradle\native\38dada09dfb8b06ba9b0570ebf7e218e3eb74d4ef43ca46872605cf95ebc2f47\windows-amd64

VM Arguments:
jvm_args: --add-opens=java.base/java.util=ALL-UNNAMED --add-opens=java.base/java.lang=ALL-UNNAMED --add-opens=java.base/java.lang.invoke=ALL-UNNAMED --add-opens=java.prefs/java.util.prefs=ALL-UNNAMED --add-opens=java.base/java.nio.charset=ALL-UNNAMED --add-opens=java.base/java.net=ALL-UNNAMED --add-opens=java.base/java.util.concurrent.atomic=ALL-UNNAMED -Xmx2048m -Dfile.encoding=UTF-8 -Duser.country=US -Duser.language=en -Duser.variant -javaagent:C:\Users\Meeting\.gradle\wrapper\dists\gradle-8.5-bin\5t9huq95ubn472n8rpzujfbqh\gradle-8.5\lib\agents\gradle-instrumentation-agent-8.5.jar 
java_command: org.gradle.launcher.daemon.bootstrap.GradleDaemon 8.5
java_class_path (initial): C:\Users\Meeting\.gradle\wrapper\dists\gradle-8.5-bin\5t9huq95ubn472n8rpzujfbqh\gradle-8.5\lib\gradle-launcher-8.5.jar
Launcher Type: SUN_STANDARD

[Global flags]
     intx CICompilerCount                          = 4                                         {product} {ergonomic}
     uint ConcGCThreads                            = 3                                         {product} {ergonomic}
     uint G1ConcRefinementThreads                  = 10                                        {product} {ergonomic}
   size_t G1HeapRegionSize                         = 1048576                                   {product} {ergonomic}
    uintx GCDrainStackTargetSize                   = 64                                        {product} {ergonomic}
   size_t InitialHeapSize                          = 130023424                                 {product} {ergonomic}
   size_t MarkStackSize                            = 4194304                                   {product} {ergonomic}
   size_t MaxHeapSize                              = 2147483648                                {product} {command line}
   size_t MaxNewSize                               = 1287651328                                {product} {ergonomic}
   size_t MinHeapDeltaBytes                        = 1048576                                   {product} {ergonomic}
   size_t MinHeapSize                              = 8388608                                   {product} {ergonomic}
    uintx NonNMethodCodeHeapSize                   = 5839372                                {pd product} {ergonomic}
    uintx NonProfiledCodeHeapSize                  = 122909434                              {pd product} {ergonomic}
    uintx ProfiledCodeHeapSize                     = 122909434                              {pd product} {ergonomic}
    uintx ReservedCodeCacheSize                    = 251658240                              {pd product} {ergonomic}
     bool SegmentedCodeCache                       = true                                      {product} {ergonomic}
   size_t SoftMaxHeapSize                          = 2147483648                             {manageable} {ergonomic}
     bool UseCompressedOops                        = true                           {product lp64_product} {ergonomic}
     bool UseG1GC                                  = true                                      {product} {ergonomic}
     bool UseLargePagesIndividualAllocation        = false                                  {pd product} {ergonomic}

Logging:
Log output configuration:
 #0: stdout all=warning uptime,level,tags foldmultilines=false
 #1: stderr all=off uptime,level,tags foldmultilines=false

Environment Variables:
PATH=C:\WINDOWS\system32;C:\WINDOWS;C:\WINDOWS\System32\Wbem;C:\WINDOWS\System32\WindowsPowerShell\v1.0\;C:\WINDOWS\System32\OpenSSH\;C:\Program Files\nodejs\;C:\Program Files\Git\cmd;C:\Program Files\Cloudflare\Cloudflare WARP\;C:\Users\Meeting\AppData\Local\Microsoft\WindowsApps;C:\Users\Meeting\AppData\Local\Programs\Antigravity\bin;C:\Users\Meeting\AppData\Roaming\npm;C:\Users\Meeting\AppData\Local\Python\bin
USERNAME=Meeting
OS=Windows_NT
PROCESSOR_IDENTIFIER=Intel64 Family 6 Model 154 Stepping 4, GenuineIntel
TMP=C:\Users\Meeting\AppData\Local\Temp
TEMP=C:\Users\Meeting\AppData\Local\Temp




Periodic native trim disabled

JNI global refs:
JNI global refs: 28, weak refs: 0

JNI global refs memory usage: 835, weak refs: 833

Process memory usage:
Resident Set Size: 366476K (4% of 8106488K total physical memory with 433356K free physical memory)

OOME stack traces (most recent first):
Classloader memory used:
Loader org.gradle.internal.classloader.VisitableURLClassLoader                         : 39056K
Loader bootstrap                                                                       : 27974K
Loader org.gradle.initialization.MixInLegacyTypesClassLoader                           : 9775K
Loader org.gradle.internal.classloader.VisitableURLClassLoader                         : 942K
Loader jdk.internal.loader.ClassLoaders$PlatformClassLoader                            : 784K
Loader org.gradle.internal.classloader.VisitableURLClassLoader$InstrumentingVisitableURLClassLoader: 723K
Loader jdk.internal.loader.ClassLoaders$AppClassLoader                                 : 228K
Loader jdk.internal.reflect.DelegatingClassLoader                                      : 198K
Loader org.gradle.groovy.scripts.internal.DefaultScriptCompilationHandler$ScriptClassLoader: 88200B
Loader org.codehaus.groovy.runtime.callsite.CallSiteClassLoader                        : 45480B

Classes loaded by more than one classloader:
Class org.gradle.internal.IoActions                                                   : loaded 3 times (x 71B)
Class org.gradle.api.Action                                                           : loaded 3 times (x 70B)
Class org.gradle.internal.Cast                                                        : loaded 3 times (x 71B)
Class org.gradle.api.GradleException                                                  : loaded 3 times (x 82B)
Class org.gradle.api.UncheckedIOException                                             : loaded 3 times (x 82B)
Class Program                                                                         : loaded 3 times (x 74B)
Class kotlin.collections.AbstractList$Companion                                       : loaded 2 times (x 71B)
Class org.gradle.internal.classloader.ClassLoaderVisitor                              : loaded 2 times (x 76B)
Class org.gradle.api.internal.classpath.EffectiveClassPath                            : loaded 2 times (x 90B)
Class org.gradle.tooling.internal.gradle.DefaultProjectIdentifier                     : loaded 2 times (x 86B)
Class org.gradle.api.internal.DefaultClassPathProvider                                : loaded 2 times (x 76B)
Class [Lorg.gradle.api.internal.ClassPathProvider;                                    : loaded 2 times (x 69B)
Class org.gradle.api.internal.ClassPathProvider                                       : loaded 2 times (x 70B)
Class org.gradle.internal.service.UnknownServiceException                             : loaded 2 times (x 83B)
Class org.gradle.internal.classpath.TransformedClassPath                              : loaded 2 times (x 96B)
Class kotlin.enums.EnumEntriesList                                                    : loaded 2 times (x 223B)
Class org.gradle.internal.service.ServiceLocator                                      : loaded 2 times (x 70B)
Class com.intellij.gradle.toolingExtension.util.GradleVersionUtil                     : loaded 2 times (x 71B)
Class org.gradle.tooling.model.UnsupportedMethodException                             : loaded 2 times (x 82B)
Class org.gradle.internal.InternalTransformer                                         : loaded 2 times (x 70B)
Class org.gradle.internal.time.DefaultTimer                                           : loaded 2 times (x 80B)
Class org.gradle.internal.classloader.ClasspathUtil$1                                 : loaded 2 times (x 76B)
Class org.gradle.api.internal.classpath.DefaultModuleRegistry$DefaultModule           : loaded 2 times (x 86B)
Class org.gradle.internal.time.DefaultCountdownTimer                                  : loaded 2 times (x 88B)
Class org.gradle.tooling.internal.gradle.DefaultBuildIdentifier                       : loaded 2 times (x 79B)
Class kotlin.Function                                                                 : loaded 2 times (x 70B)
Class org.gradle.api.internal.classpath.Module                                        : loaded 2 times (x 70B)
Class org.gradle.api.internal.classpath.UnknownModuleException                        : loaded 2 times (x 82B)
Class org.gradle.cache.GlobalCache                                                    : loaded 2 times (x 70B)
Class org.gradle.tooling.internal.gradle.GradleProjectIdentity                        : loaded 2 times (x 70B)
Class org.gradle.api.internal.DefaultClassPathRegistry                                : loaded 2 times (x 76B)
Class org.gradle.api.internal.ClassPathRegistry                                       : loaded 2 times (x 70B)
Class org.gradle.internal.classpath.DefaultClassPath$ImmutableUniqueList              : loaded 2 times (x 199B)
Class org.gradle.internal.classloader.DefaultClassLoaderFactory                       : loaded 2 times (x 82B)
Class Settings_gradle$1                                                               : loaded 2 times (x 75B)
Class org.gradle.internal.operations.MultipleBuildOperationFailures                   : loaded 2 times (x 95B)
Class org.gradle.internal.classpath.ClassPath                                         : loaded 2 times (x 70B)
Class org.gradle.tooling.model.Model                                                  : loaded 2 times (x 70B)
Class org.gradle.api.internal.classpath.ManifestUtil                                  : loaded 2 times (x 71B)
Class org.gradle.internal.installation.GradleInstallation$1                           : loaded 2 times (x 75B)
Class org.gradle.api.internal.classpath.ModuleRegistry                                : loaded 2 times (x 70B)
Class org.gradle.api.internal.classpath.DefaultModuleRegistry                         : loaded 2 times (x 86B)
Class org.gradle.util.internal.DefaultGradleVersion$Stage                             : loaded 2 times (x 75B)
Class org.gradle.internal.time.MonotonicClock                                         : loaded 2 times (x 77B)
Class org.gradle.internal.service.ServiceLookupException                              : loaded 2 times (x 82B)
Class org.gradle.internal.classloader.ClassLoaderFactory                              : loaded 2 times (x 70B)
Class org.gradle.internal.service.CachingServiceLocator                               : loaded 2 times (x 82B)
Class org.gradle.internal.time.TimeSource                                             : loaded 2 times (x 70B)
Class org.gradle.tooling.internal.gradle.GradleBuildIdentity                          : loaded 2 times (x 70B)
Class kotlin.enums.EnumEntries                                                        : loaded 2 times (x 70B)
Class org.gradle.internal.exceptions.ResolutionProvider                               : loaded 2 times (x 70B)
Class org.gradle.tooling.model.ProjectIdentifier                                      : loaded 2 times (x 70B)
Class org.gradle.internal.classloader.ClasspathUtil                                   : loaded 2 times (x 71B)
Class org.gradle.internal.time.TimeSource$1                                           : loaded 2 times (x 77B)
Class kotlin.jvm.internal.DefaultConstructorMarker                                    : loaded 2 times (x 71B)
Class org.gradle.api.specs.Spec                                                       : loaded 2 times (x 70B)
Class sync_studio_tooling2796_163l62806whb1w380x9n3s8ps$_run_closure1                 : loaded 2 times (x 139B)
Class com.intellij.gradle.toolingExtension.impl.model.utilDummyModel.DummyModel       : loaded 2 times (x 70B)
Class org.gradle.internal.time.Clock                                                  : loaded 2 times (x 70B)
Class kotlin.collections.AbstractList                                                 : loaded 2 times (x 197B)
Class kotlin.collections.AbstractCollection                                           : loaded 2 times (x 117B)
Class org.gradle.internal.impldep.com.google.common.base.Preconditions                : loaded 2 times (x 71B)
Class org.gradle.internal.classloader.VisitableURLClassLoader$InstrumentingVisitableURLClassLoader: loaded 2 times (x 123B)
Class org.gradle.internal.classloader.VisitableURLClassLoader$Spec                    : loaded 2 times (x 74B)
Class org.gradle.internal.classpath.DefaultClassPath                                  : loaded 2 times (x 90B)
Class org.gradle.util.internal.DefaultGradleVersion                                   : loaded 2 times (x 80B)
Class org.gradle.internal.classloader.ClassLoaderSpec                                 : loaded 2 times (x 71B)
Class Settings_gradle$1$1                                                             : loaded 2 times (x 75B)
Class kotlin.Unit                                                                     : loaded 2 times (x 71B)
Class org.gradle.internal.classloader.VisitableURLClassLoader                         : loaded 2 times (x 117B)
Class Settings_gradle                                                                 : loaded 2 times (x 128B)
Class org.gradle.internal.classloader.ClassLoaderHierarchy                            : loaded 2 times (x 70B)
Class org.gradle.internal.classloader.FilteringClassLoader                            : loaded 2 times (x 105B)
Class kotlin.jvm.functions.Function1                                                  : loaded 2 times (x 70B)
Class org.gradle.internal.agents.InstrumentingClassLoader                             : loaded 2 times (x 70B)
Class org.gradle.internal.classpath.DefaultClassPath$ImmutableUniqueList$Builder      : loaded 2 times (x 75B)
Class kotlin.UninitializedPropertyAccessException                                     : loaded 2 times (x 82B)
Class org.gradle.internal.exceptions.NonGradleCauseExceptionsHolder                   : loaded 2 times (x 70B)
Class org.jetbrains.plugins.gradle.tooling.ModelBuilderService$Parameter              : loaded 2 times (x 70B)
Class kotlin.NotImplementedError                                                      : loaded 2 times (x 82B)
Class kotlin.enums.EnumEntriesKt                                                      : loaded 2 times (x 71B)
Class org.gradle.internal.classloader.SystemClassLoaderSpec                           : loaded 2 times (x 71B)
Class org.gradle.internal.exceptions.MultiCauseException                              : loaded 2 times (x 70B)
Class org.gradle.internal.time.CountdownTimer                                         : loaded 2 times (x 70B)
Class kotlin.jvm.internal.Intrinsics                                                  : loaded 2 times (x 71B)
Class org.gradle.tooling.model.ProjectModel                                           : loaded 2 times (x 70B)
Class kotlin.KotlinNullPointerException                                               : loaded 2 times (x 83B)
Class org.gradle.internal.exceptions.DefaultMultiCauseException                       : loaded 2 times (x 95B)
Class org.gradle.internal.time.Time                                                   : loaded 2 times (x 71B)
Class org.gradle.tooling.model.BuildIdentifier                                        : loaded 2 times (x 70B)
Class Settings_gradle$1$1$1                                                           : loaded 2 times (x 75B)
Class ijInit5_3ydigye3enjmq94pnkgtbz0s9                                               : loaded 2 times (x 179B)
Class org.gradle.internal.time.Timer                                                  : loaded 2 times (x 70B)
Class kotlin.jvm.internal.markers.KMappedMarker                                       : loaded 2 times (x 70B)
Class org.gradle.internal.installation.CurrentGradleInstallationLocator               : loaded 2 times (x 71B)
Class org.gradle.internal.service.DefaultServiceLocator                               : loaded 2 times (x 83B)
Class sync_studio_tooling2796_163l62806whb1w380x9n3s8ps                               : loaded 2 times (x 179B)
Class org.gradle.util.GradleVersion                                                   : loaded 2 times (x 79B)
Class org.gradle.internal.installation.CurrentGradleInstallation                      : loaded 2 times (x 73B)
Class org.gradle.util.internal.GUtil                                                  : loaded 2 times (x 71B)
Class org.gradle.internal.installation.GradleInstallation                             : loaded 2 times (x 75B)

---------------  S Y S T E M  ---------------

OS:
 Windows 11 , 64 bit Build 26100 (10.0.26100.7309)
OS uptime: 4 days 19:20 hours
Hyper-V role detected

CPU: total 12 (initial active 12) (6 cores per cpu, 2 threads per core) family 6 model 154 stepping 4 microcode 0x424, cx8, cmov, fxsr, ht, mmx, 3dnowpref, sse, sse2, sse3, ssse3, sse4.1, sse4.2, popcnt, lzcnt, tsc, tscinvbit, avx, avx2, aes, erms, clmul, bmi1, bmi2, adx, sha, fma, vzeroupper, clflush, clflushopt, clwb, hv, serialize, rdtscp, rdpid, fsrm, f16c, cet_ibt, cet_ss
Processor Information for processor 0
  Max Mhz: 1300, Current Mhz: 1300, Mhz Limit: 1300
Processor Information for processor 1
  Max Mhz: 1300, Current Mhz: 1300, Mhz Limit: 1300
Processor Information for processor 2
  Max Mhz: 1300, Current Mhz: 1300, Mhz Limit: 1300
Processor Information for processor 3
  Max Mhz: 1300, Current Mhz: 1300, Mhz Limit: 1300
Processor Information for processor 4
  Max Mhz: 900, Current Mhz: 900, Mhz Limit: 900
Processor Information for processor 5
  Max Mhz: 900, Current Mhz: 900, Mhz Limit: 900
Processor Information for processor 6
  Max Mhz: 900, Current Mhz: 900, Mhz Limit: 900
Processor Information for processor 7
  Max Mhz: 900, Current Mhz: 900, Mhz Limit: 900
Processor Information for processor 8
  Max Mhz: 900, Current Mhz: 900, Mhz Limit: 900
Processor Information for processor 9
  Max Mhz: 900, Current Mhz: 900, Mhz Limit: 900
Processor Information for processor 10
  Max Mhz: 900, Current Mhz: 900, Mhz Limit: 900
Processor Information for processor 11
  Max Mhz: 900, Current Mhz: 900, Mhz Limit: 900

Memory: 4k page, system-wide physical 7916M (423M free)
TotalPageFile size 32492M (AvailPageFile size 13M)
current process WorkingSet (physical memory assigned to process): 358M, peak: 359M
current process commit charge ("private bytes"): 393M, peak: 412M

vm_info: OpenJDK 64-Bit Server VM (21.0.8+-14196175-b1038.72) for windows-amd64 JRE (21.0.8+-14196175-b1038.72), built on 2025-10-01T10:24:33Z by "builder" with MS VC++ 16.10 / 16.11 (VS2019)

END.
